INFO: [VRFC 10-2263] Analyzing Verilog file "/home/kacper/SystemyRekonfigurowalne/hdmi_vga_zybo_YCbCr/hdmi_vga_zybo.srcs/sources_1/ip/vp_0_2/src/rgb2ycbcr_0/src/delay_line.v" into library xil_defaultlib
INFO: [VRFC 10-311] analyzing module delay_line
INFO: [VRFC 10-2263] Analyzing Verilog file "/home/kacper/SystemyRekonfigurowalne/hdmi_vga_zybo_YCbCr/hdmi_vga_zybo.srcs/sources_1/ip/vp_0_2/src/rgb2ycbcr_0/src/register.v" into library xil_defaultlib
INFO: [VRFC 10-311] analyzing module register
INFO: [VRFC 10-2263] Analyzing Verilog file "/home/kacper/SystemyRekonfigurowalne/hdmi_vga_zybo_YCbCr/hdmi_vga_zybo.srcs/sources_1/ip/vp_0_2/src/rgb2ycbcr_0/src/rgb2ycbcr.v" into library xil_defaultlib
INFO: [VRFC 10-311] analyzing module rgb2ycbcr
INFO: [VRFC 10-2263] Analyzing Verilog file "/home/kacper/SystemyRekonfigurowalne/hdmi_vga_zybo_YCbCr/hdmi_vga_zybo.srcs/sources_1/ip/vp_0_2/src/rgb2ycbcr_0/sim/rgb2ycbcr_0.v" into library xil_defaultlib
INFO: [VRFC 10-311] analyzing module rgb2ycbcr_0
INFO: [VRFC 10-2263] Analyzing Verilog file "/home/kacper/SystemyRekonfigurowalne/hdmi_vga_zybo_YCbCr/hdmi_vga_zybo.srcs/sources_1/ip/vp_0_2/src/vp.v" into library xil_defaultlib
INFO: [VRFC 10-311] analyzing module vp
INFO: [VRFC 10-2263] Analyzing Verilog file "/home/kacper/SystemyRekonfigurowalne/hdmi_vga_zybo_YCbCr/hdmi_vga_zybo.srcs/sources_1/ip/vp_0_2/sim/vp_0.v" into library xil_defaultlib
INFO: [VRFC 10-311] analyzing module vp_0
INFO: [VRFC 10-2263] Analyzing Verilog file "/home/kacper/SystemyRekonfigurowalne/hdmi_vga_zybo_YCbCr/hdmi_vga_zybo.srcs/sim_1/imports/tb_src/hdmi_in.v" into library xil_defaultlib
INFO: [VRFC 10-311] analyzing module hdmi_in
INFO: [VRFC 10-2263] Analyzing Verilog file "/home/kacper/SystemyRekonfigurowalne/hdmi_vga_zybo_YCbCr/hdmi_vga_zybo.srcs/sim_1/imports/tb_src/hdmi_out.v" into library xil_defaultlib
INFO: [VRFC 10-311] analyzing module hdmi_out
INFO: [VRFC 10-2263] Analyzing Verilog file "/home/kacper/SystemyRekonfigurowalne/hdmi_vga_zybo_YCbCr/hdmi_vga_zybo.srcs/sim_1/imports/tb_src/tb_hdmi.v" into library xil_defaultlib
INFO: [VRFC 10-311] analyzing module tb_hdmi
INFO: [VRFC 10-163] Analyzing VHDL file "/home/kacper/SystemyRekonfigurowalne/hdmi_vga_zybo_YCbCr/hdmi_vga_zybo.srcs/sources_1/ip/vp_0_2/src/rgb2ycbcr_0/src/c_addsub_0/sim/c_addsub_0.vhd" into library xil_defaultlib
INFO: [VRFC 10-307] analyzing entity c_addsub_0
INFO: [VRFC 10-163] Analyzing VHDL file "/home/kacper/SystemyRekonfigurowalne/hdmi_vga_zybo_YCbCr/hdmi_vga_zybo.srcs/sources_1/ip/vp_0_2/src/rgb2ycbcr_0/src/mult_gen_0/sim/mult_gen_0.vhd" into library xil_defaultlib
INFO: [VRFC 10-307] analyzing entity mult_gen_0
