
*** Running vivado
    with args -log vp_0.vds -m64 -product Vivado -mode batch -messageDb vivado.pb -notrace -source vp_0.tcl


****** Vivado v2017.4 (64-bit)
  **** SW Build 2086221 on Fri Dec 15 20:54:30 MST 2017
  **** IP Build 2085800 on Fri Dec 15 22:25:07 MST 2017
    ** Copyright 1986-2017 Xilinx, Inc. All Rights Reserved.

source vp_0.tcl -notrace
Command: synth_design -top vp_0 -part xc7z010clg400-1 -mode out_of_context
Starting synth_design
Attempting to get a license for feature 'Synthesis' and/or device 'xc7z010'
INFO: [Common 17-349] Got license for feature 'Synthesis' and/or device 'xc7z010'
CRITICAL WARNING: [filemgmt 20-1741] File 'register.v' is used by one or more modules, but with different contents, and may lead to unpredictable results:
* rgb2ycbcr_0 (/home/lsriw/sr/SynowiecKacper/kacper_git2/SystemyRekonfigurowalne/hdmi_vga_zybo_YCbCr_bin/hdmi_vga_zybo.srcs/sources_1/ip/vp_0_2/src/rgb2ycbcr_0/src/register.v)
* centroid_0 (/home/lsriw/sr/SynowiecKacper/kacper_git2/SystemyRekonfigurowalne/hdmi_vga_zybo_YCbCr_bin/hdmi_vga_zybo.srcs/sources_1/ip/vp_0_2/src/centroid_0_3/src/register.v)
Please reset and regenerate these modules to resolve the differences, or synthesize them independently.
INFO: Launching helper process for spawning children vivado processes
INFO: Helper process launched with PID 12012 
---------------------------------------------------------------------------------
Starting RTL Elaboration : Time (s): cpu = 00:00:08 ; elapsed = 00:00:09 . Memory (MB): peak = 1317.535 ; gain = 86.996 ; free physical = 3653 ; free virtual = 21845
---------------------------------------------------------------------------------
INFO: [Synth 8-638] synthesizing module 'vp_0' [/home/lsriw/sr/SynowiecKacper/kacper_git2/SystemyRekonfigurowalne/hdmi_vga_zybo_YCbCr_bin/hdmi_vga_zybo.srcs/sources_1/ip/vp_0_2/synth/vp_0.v:56]
INFO: [Synth 8-638] synthesizing module 'vp' [/home/lsriw/sr/SynowiecKacper/kacper_git2/SystemyRekonfigurowalne/hdmi_vga_zybo_YCbCr_bin/hdmi_vga_zybo.srcs/sources_1/ip/vp_0_2/src/vp.v:23]
INFO: [Synth 8-638] synthesizing module 'rgb2ycbcr_0' [/home/lsriw/sr/SynowiecKacper/kacper_git2/SystemyRekonfigurowalne/hdmi_vga_zybo_YCbCr_bin/hdmi_vga_zybo.srcs/sources_1/ip/vp_0_2/src/rgb2ycbcr_0/synth/rgb2ycbcr_0.v:56]
INFO: [Synth 8-638] synthesizing module 'rgb2ycbcr' [/home/lsriw/sr/SynowiecKacper/kacper_git2/SystemyRekonfigurowalne/hdmi_vga_zybo_YCbCr_bin/hdmi_vga_zybo.srcs/sources_1/ip/vp_0_2/src/rgb2ycbcr_0/src/rgb2ycbcr.v:23]
INFO: [Synth 8-638] synthesizing module 'mult_gen_0' [/home/lsriw/sr/SynowiecKacper/kacper_git2/SystemyRekonfigurowalne/hdmi_vga_zybo_YCbCr_bin/hdmi_vga_zybo.srcs/sources_1/ip/vp_0_2/src/rgb2ycbcr_0/src/mult_gen_0/synth/mult_gen_0.vhd:68]
WARNING: [Synth 8-5640] Port 'zero_detect' is missing in component declaration [/home/lsriw/sr/SynowiecKacper/kacper_git2/SystemyRekonfigurowalne/hdmi_vga_zybo_YCbCr_bin/hdmi_vga_zybo.srcs/sources_1/ip/vp_0_2/src/rgb2ycbcr_0/src/mult_gen_0/synth/mult_gen_0.vhd:71]
WARNING: [Synth 8-5640] Port 'pcasc' is missing in component declaration [/home/lsriw/sr/SynowiecKacper/kacper_git2/SystemyRekonfigurowalne/hdmi_vga_zybo_YCbCr_bin/hdmi_vga_zybo.srcs/sources_1/ip/vp_0_2/src/rgb2ycbcr_0/src/mult_gen_0/synth/mult_gen_0.vhd:71]
	Parameter C_VERBOSITY bound to: 0 - type: integer 
	Parameter C_MODEL_TYPE bound to: 0 - type: integer 
	Parameter C_OPTIMIZE_GOAL bound to: 1 - type: integer 
	Parameter C_XDEVICEFAMILY bound to: zynq - type: string 
	Parameter C_HAS_CE bound to: 0 - type: integer 
	Parameter C_HAS_SCLR bound to: 0 - type: integer 
	Parameter C_LATENCY bound to: 3 - type: integer 
	Parameter C_A_WIDTH bound to: 18 - type: integer 
	Parameter C_A_TYPE bound to: 0 - type: integer 
	Parameter C_B_WIDTH bound to: 18 - type: integer 
	Parameter C_B_TYPE bound to: 0 - type: integer 
	Parameter C_OUT_HIGH bound to: 35 - type: integer 
	Parameter C_OUT_LOW bound to: 0 - type: integer 
	Parameter C_MULT_TYPE bound to: 1 - type: integer 
	Parameter C_CE_OVERRIDES_SCLR bound to: 0 - type: integer 
	Parameter C_CCM_IMP bound to: 0 - type: integer 
	Parameter C_B_VALUE bound to: 10000001 - type: string 
	Parameter C_HAS_ZERO_DETECT bound to: 0 - type: integer 
	Parameter C_ROUND_OUTPUT bound to: 0 - type: integer 
	Parameter C_ROUND_PT bound to: 0 - type: integer 
INFO: [Synth 8-3491] module 'mult_gen_v12_0_13' declared at '/home/lsriw/sr/SynowiecKacper/kacper_git2/SystemyRekonfigurowalne/hdmi_vga_zybo_YCbCr_bin/hdmi_vga_zybo.srcs/sources_1/ip/vp_0_2/src/rgb2ycbcr_0/src/mult_gen_0/hdl/mult_gen_v12_0_vh_rfs.vhd:21013' bound to instance 'U0' of component 'mult_gen_v12_0_13' [/home/lsriw/sr/SynowiecKacper/kacper_git2/SystemyRekonfigurowalne/hdmi_vga_zybo_YCbCr_bin/hdmi_vga_zybo.srcs/sources_1/ip/vp_0_2/src/rgb2ycbcr_0/src/mult_gen_0/synth/mult_gen_0.vhd:120]
WARNING: [Synth 8-5974] attribute "use_dsp48" has been deprecated, please use "use_dsp" instead 
INFO: [Synth 8-256] done synthesizing module 'mult_gen_0' (6#1) [/home/lsriw/sr/SynowiecKacper/kacper_git2/SystemyRekonfigurowalne/hdmi_vga_zybo_YCbCr_bin/hdmi_vga_zybo.srcs/sources_1/ip/vp_0_2/src/rgb2ycbcr_0/src/mult_gen_0/synth/mult_gen_0.vhd:68]
INFO: [Synth 8-638] synthesizing module 'c_addsub_0' [/home/lsriw/sr/SynowiecKacper/kacper_git2/SystemyRekonfigurowalne/hdmi_vga_zybo_YCbCr_bin/hdmi_vga_zybo.srcs/sources_1/ip/vp_0_2/src/rgb2ycbcr_0/src/c_addsub_0/synth/c_addsub_0.vhd:68]
	Parameter C_VERBOSITY bound to: 0 - type: integer 
	Parameter C_XDEVICEFAMILY bound to: zynq - type: string 
	Parameter C_IMPLEMENTATION bound to: 0 - type: integer 
	Parameter C_A_WIDTH bound to: 9 - type: integer 
	Parameter C_B_WIDTH bound to: 9 - type: integer 
	Parameter C_OUT_WIDTH bound to: 9 - type: integer 
	Parameter C_CE_OVERRIDES_SCLR bound to: 0 - type: integer 
	Parameter C_A_TYPE bound to: 0 - type: integer 
	Parameter C_B_TYPE bound to: 0 - type: integer 
	Parameter C_LATENCY bound to: 1 - type: integer 
	Parameter C_ADD_MODE bound to: 0 - type: integer 
	Parameter C_B_CONSTANT bound to: 0 - type: integer 
	Parameter C_B_VALUE bound to: 000000000 - type: string 
	Parameter C_AINIT_VAL bound to: 0 - type: string 
	Parameter C_SINIT_VAL bound to: 0 - type: string 
	Parameter C_CE_OVERRIDES_BYPASS bound to: 1 - type: integer 
	Parameter C_BYPASS_LOW bound to: 0 - type: integer 
	Parameter C_SCLR_OVERRIDES_SSET bound to: 1 - type: integer 
	Parameter C_HAS_C_IN bound to: 0 - type: integer 
	Parameter C_HAS_C_OUT bound to: 0 - type: integer 
	Parameter C_BORROW_LOW bound to: 1 - type: integer 
	Parameter C_HAS_CE bound to: 0 - type: integer 
	Parameter C_HAS_BYPASS bound to: 0 - type: integer 
	Parameter C_HAS_SCLR bound to: 0 - type: integer 
	Parameter C_HAS_SSET bound to: 0 - type: integer 
	Parameter C_HAS_SINIT bound to: 0 - type: integer 
INFO: [Synth 8-3491] module 'c_addsub_v12_0_11' declared at '/home/lsriw/sr/SynowiecKacper/kacper_git2/SystemyRekonfigurowalne/hdmi_vga_zybo_YCbCr_bin/hdmi_vga_zybo.srcs/sources_1/ip/vp_0_2/src/rgb2ycbcr_0/src/c_addsub_0/hdl/c_addsub_v12_0_vh_rfs.vhd:7026' bound to instance 'U0' of component 'c_addsub_v12_0_11' [/home/lsriw/sr/SynowiecKacper/kacper_git2/SystemyRekonfigurowalne/hdmi_vga_zybo_YCbCr_bin/hdmi_vga_zybo.srcs/sources_1/ip/vp_0_2/src/rgb2ycbcr_0/src/c_addsub_0/synth/c_addsub_0.vhd:133]
INFO: [Synth 8-256] done synthesizing module 'c_addsub_0' (13#1) [/home/lsriw/sr/SynowiecKacper/kacper_git2/SystemyRekonfigurowalne/hdmi_vga_zybo_YCbCr_bin/hdmi_vga_zybo.srcs/sources_1/ip/vp_0_2/src/rgb2ycbcr_0/src/c_addsub_0/synth/c_addsub_0.vhd:68]
INFO: [Synth 8-638] synthesizing module 'delay_line' [/home/lsriw/sr/SynowiecKacper/kacper_git2/SystemyRekonfigurowalne/hdmi_vga_zybo_YCbCr_bin/hdmi_vga_zybo.srcs/sources_1/ip/vp_0_2/src/rgb2ycbcr_0/src/delay_line.v:23]
	Parameter DELAY bound to: 1 - type: integer 
	Parameter N bound to: 9 - type: integer 
INFO: [Synth 8-638] synthesizing module 'register' [/home/lsriw/sr/SynowiecKacper/kacper_git2/SystemyRekonfigurowalne/hdmi_vga_zybo_YCbCr_bin/hdmi_vga_zybo.srcs/sources_1/ip/vp_0_2/src/rgb2ycbcr_0/src/register.v:23]
	Parameter N bound to: 9 - type: integer 
INFO: [Synth 8-256] done synthesizing module 'register' (14#1) [/home/lsriw/sr/SynowiecKacper/kacper_git2/SystemyRekonfigurowalne/hdmi_vga_zybo_YCbCr_bin/hdmi_vga_zybo.srcs/sources_1/ip/vp_0_2/src/rgb2ycbcr_0/src/register.v:23]
INFO: [Synth 8-256] done synthesizing module 'delay_line' (15#1) [/home/lsriw/sr/SynowiecKacper/kacper_git2/SystemyRekonfigurowalne/hdmi_vga_zybo_YCbCr_bin/hdmi_vga_zybo.srcs/sources_1/ip/vp_0_2/src/rgb2ycbcr_0/src/delay_line.v:23]
INFO: [Synth 8-638] synthesizing module 'delay_line__parameterized0' [/home/lsriw/sr/SynowiecKacper/kacper_git2/SystemyRekonfigurowalne/hdmi_vga_zybo_YCbCr_bin/hdmi_vga_zybo.srcs/sources_1/ip/vp_0_2/src/rgb2ycbcr_0/src/delay_line.v:23]
	Parameter DELAY bound to: 4 - type: integer 
	Parameter N bound to: 3 - type: integer 
INFO: [Synth 8-638] synthesizing module 'register__parameterized0' [/home/lsriw/sr/SynowiecKacper/kacper_git2/SystemyRekonfigurowalne/hdmi_vga_zybo_YCbCr_bin/hdmi_vga_zybo.srcs/sources_1/ip/vp_0_2/src/rgb2ycbcr_0/src/register.v:23]
	Parameter N bound to: 3 - type: integer 
INFO: [Synth 8-256] done synthesizing module 'register__parameterized0' (15#1) [/home/lsriw/sr/SynowiecKacper/kacper_git2/SystemyRekonfigurowalne/hdmi_vga_zybo_YCbCr_bin/hdmi_vga_zybo.srcs/sources_1/ip/vp_0_2/src/rgb2ycbcr_0/src/register.v:23]
INFO: [Synth 8-256] done synthesizing module 'delay_line__parameterized0' (15#1) [/home/lsriw/sr/SynowiecKacper/kacper_git2/SystemyRekonfigurowalne/hdmi_vga_zybo_YCbCr_bin/hdmi_vga_zybo.srcs/sources_1/ip/vp_0_2/src/rgb2ycbcr_0/src/delay_line.v:23]
INFO: [Synth 8-256] done synthesizing module 'rgb2ycbcr' (16#1) [/home/lsriw/sr/SynowiecKacper/kacper_git2/SystemyRekonfigurowalne/hdmi_vga_zybo_YCbCr_bin/hdmi_vga_zybo.srcs/sources_1/ip/vp_0_2/src/rgb2ycbcr_0/src/rgb2ycbcr.v:23]
INFO: [Synth 8-256] done synthesizing module 'rgb2ycbcr_0' (17#1) [/home/lsriw/sr/SynowiecKacper/kacper_git2/SystemyRekonfigurowalne/hdmi_vga_zybo_YCbCr_bin/hdmi_vga_zybo.srcs/sources_1/ip/vp_0_2/src/rgb2ycbcr_0/synth/rgb2ycbcr_0.v:56]
INFO: [Synth 8-638] synthesizing module 'ycbcr2bin_0' [/home/lsriw/sr/SynowiecKacper/kacper_git2/SystemyRekonfigurowalne/hdmi_vga_zybo_YCbCr_bin/hdmi_vga_zybo.srcs/sources_1/ip/vp_0_2/src/ycbcr2bin_0/synth/ycbcr2bin_0.v:56]
INFO: [Synth 8-638] synthesizing module 'ycbcr2bin' [/home/lsriw/sr/SynowiecKacper/kacper_git2/SystemyRekonfigurowalne/hdmi_vga_zybo_YCbCr_bin/hdmi_vga_zybo.srcs/sources_1/ip/vp_0_2/src/ycbcr2bin_0/src/ycbcr2bin.v:23]
	Parameter Ta bound to: 0 - type: integer 
	Parameter Tb bound to: 115 - type: integer 
	Parameter Tc bound to: 145 - type: integer 
	Parameter Td bound to: 170 - type: integer 
INFO: [Synth 8-256] done synthesizing module 'ycbcr2bin' (18#1) [/home/lsriw/sr/SynowiecKacper/kacper_git2/SystemyRekonfigurowalne/hdmi_vga_zybo_YCbCr_bin/hdmi_vga_zybo.srcs/sources_1/ip/vp_0_2/src/ycbcr2bin_0/src/ycbcr2bin.v:23]
INFO: [Synth 8-256] done synthesizing module 'ycbcr2bin_0' (19#1) [/home/lsriw/sr/SynowiecKacper/kacper_git2/SystemyRekonfigurowalne/hdmi_vga_zybo_YCbCr_bin/hdmi_vga_zybo.srcs/sources_1/ip/vp_0_2/src/ycbcr2bin_0/synth/ycbcr2bin_0.v:56]
INFO: [Synth 8-638] synthesizing module 'centroid_0' [/home/lsriw/sr/SynowiecKacper/kacper_git2/SystemyRekonfigurowalne/hdmi_vga_zybo_YCbCr_bin/hdmi_vga_zybo.srcs/sources_1/ip/vp_0_2/src/centroid_0_3/synth/centroid_0.v:56]
INFO: [Synth 8-638] synthesizing module 'centroid' [/home/lsriw/sr/SynowiecKacper/kacper_git2/SystemyRekonfigurowalne/hdmi_vga_zybo_YCbCr_bin/hdmi_vga_zybo.srcs/sources_1/ip/vp_0_2/src/centroid_0_3/src/centroid.v:23]
INFO: [Synth 8-638] synthesizing module 'accu_c' [/home/lsriw/sr/SynowiecKacper/kacper_git2/SystemyRekonfigurowalne/hdmi_vga_zybo_YCbCr_bin/hdmi_vga_zybo.srcs/sources_1/ip/vp_0_2/src/centroid_0_3/src/accu.v:23]
INFO: [Synth 8-638] synthesizing module 'register_c' [/home/lsriw/sr/SynowiecKacper/kacper_git2/SystemyRekonfigurowalne/hdmi_vga_zybo_YCbCr_bin/hdmi_vga_zybo.srcs/sources_1/ip/vp_0_2/src/centroid_0_3/src/register.v:23]
	Parameter N bound to: 32 - type: integer 
INFO: [Synth 8-256] done synthesizing module 'register_c' (20#1) [/home/lsriw/sr/SynowiecKacper/kacper_git2/SystemyRekonfigurowalne/hdmi_vga_zybo_YCbCr_bin/hdmi_vga_zybo.srcs/sources_1/ip/vp_0_2/src/centroid_0_3/src/register.v:23]
INFO: [Synth 8-638] synthesizing module 'c_addsub_1' [/home/lsriw/sr/SynowiecKacper/kacper_git2/SystemyRekonfigurowalne/hdmi_vga_zybo_YCbCr_bin/hdmi_vga_zybo.srcs/sources_1/ip/vp_0_2/src/centroid_0_3/src/c_addsub_1/synth/c_addsub_1.vhd:67]
	Parameter C_VERBOSITY bound to: 0 - type: integer 
	Parameter C_XDEVICEFAMILY bound to: zynq - type: string 
	Parameter C_IMPLEMENTATION bound to: 1 - type: integer 
	Parameter C_A_WIDTH bound to: 11 - type: integer 
	Parameter C_B_WIDTH bound to: 32 - type: integer 
	Parameter C_OUT_WIDTH bound to: 32 - type: integer 
	Parameter C_CE_OVERRIDES_SCLR bound to: 0 - type: integer 
	Parameter C_A_TYPE bound to: 1 - type: integer 
	Parameter C_B_TYPE bound to: 1 - type: integer 
	Parameter C_LATENCY bound to: 0 - type: integer 
	Parameter C_ADD_MODE bound to: 0 - type: integer 
	Parameter C_B_CONSTANT bound to: 0 - type: integer 
	Parameter C_B_VALUE bound to: 00000000000000000000000000000000 - type: string 
	Parameter C_AINIT_VAL bound to: 0 - type: string 
	Parameter C_SINIT_VAL bound to: 0 - type: string 
	Parameter C_CE_OVERRIDES_BYPASS bound to: 1 - type: integer 
	Parameter C_BYPASS_LOW bound to: 0 - type: integer 
	Parameter C_SCLR_OVERRIDES_SSET bound to: 1 - type: integer 
	Parameter C_HAS_C_IN bound to: 0 - type: integer 
	Parameter C_HAS_C_OUT bound to: 0 - type: integer 
	Parameter C_BORROW_LOW bound to: 1 - type: integer 
	Parameter C_HAS_CE bound to: 0 - type: integer 
	Parameter C_HAS_BYPASS bound to: 0 - type: integer 
	Parameter C_HAS_SCLR bound to: 0 - type: integer 
	Parameter C_HAS_SSET bound to: 0 - type: integer 
	Parameter C_HAS_SINIT bound to: 0 - type: integer 
INFO: [Synth 8-3491] module 'c_addsub_v12_0_11' declared at '/home/lsriw/sr/SynowiecKacper/kacper_git2/SystemyRekonfigurowalne/hdmi_vga_zybo_YCbCr_bin/hdmi_vga_zybo.srcs/sources_1/ip/vp_0_2/src/rgb2ycbcr_0/src/c_addsub_0/hdl/c_addsub_v12_0_vh_rfs.vhd:7026' bound to instance 'U0' of component 'c_addsub_v12_0_11' [/home/lsriw/sr/SynowiecKacper/kacper_git2/SystemyRekonfigurowalne/hdmi_vga_zybo_YCbCr_bin/hdmi_vga_zybo.srcs/sources_1/ip/vp_0_2/src/centroid_0_3/src/c_addsub_1/synth/c_addsub_1.vhd:130]
INFO: [Synth 8-256] done synthesizing module 'c_addsub_1' (26#1) [/home/lsriw/sr/SynowiecKacper/kacper_git2/SystemyRekonfigurowalne/hdmi_vga_zybo_YCbCr_bin/hdmi_vga_zybo.srcs/sources_1/ip/vp_0_2/src/centroid_0_3/src/c_addsub_1/synth/c_addsub_1.vhd:67]
INFO: [Synth 8-256] done synthesizing module 'accu_c' (27#1) [/home/lsriw/sr/SynowiecKacper/kacper_git2/SystemyRekonfigurowalne/hdmi_vga_zybo_YCbCr_bin/hdmi_vga_zybo.srcs/sources_1/ip/vp_0_2/src/centroid_0_3/src/accu.v:23]
INFO: [Synth 8-638] synthesizing module 'divider_32_20_0' [/home/lsriw/sr/SynowiecKacper/kacper_git2/SystemyRekonfigurowalne/hdmi_vga_zybo_YCbCr_bin/hdmi_vga_zybo.srcs/sources_1/ip/vp_0_2/src/centroid_0_3/src/divider_32_20_0/synth/divider_32_20_0.v:56]
INFO: [Synth 8-638] synthesizing module 'divider_32_20' [/home/lsriw/sr/SynowiecKacper/kacper_git2/SystemyRekonfigurowalne/hdmi_vga_zybo_YCbCr_bin/hdmi_vga_zybo.srcs/sources_1/ip/vp_0_2/src/centroid_0_3/src/divider_32_20_0/src/divider_32_20.v:8]
	Parameter LATENCY bound to: 4 - type: integer 
	Parameter DIVIDEND_W bound to: 32 - type: integer 
	Parameter DIVISOR_W bound to: 20 - type: integer 
	Parameter QUOTIENT_W bound to: 32 - type: integer 
	Parameter IDLE bound to: 2'b00 
	Parameter DIV bound to: 2'b01 
	Parameter NOP bound to: 2'b10 
	Parameter END bound to: 2'b11 
INFO: [Synth 8-638] synthesizing module 'mult_32_20_lm' [/home/lsriw/sr/SynowiecKacper/kacper_git2/SystemyRekonfigurowalne/hdmi_vga_zybo_YCbCr_bin/hdmi_vga_zybo.srcs/sources_1/ip/vp_0_2/src/centroid_0_3/src/divider_32_20_0/src/mult_32_20_lm/synth/mult_32_20_lm.vhd:68]
WARNING: [Synth 8-5640] Port 'zero_detect' is missing in component declaration [/home/lsriw/sr/SynowiecKacper/kacper_git2/SystemyRekonfigurowalne/hdmi_vga_zybo_YCbCr_bin/hdmi_vga_zybo.srcs/sources_1/ip/vp_0_2/src/centroid_0_3/src/divider_32_20_0/src/mult_32_20_lm/synth/mult_32_20_lm.vhd:71]
WARNING: [Synth 8-5640] Port 'pcasc' is missing in component declaration [/home/lsriw/sr/SynowiecKacper/kacper_git2/SystemyRekonfigurowalne/hdmi_vga_zybo_YCbCr_bin/hdmi_vga_zybo.srcs/sources_1/ip/vp_0_2/src/centroid_0_3/src/divider_32_20_0/src/mult_32_20_lm/synth/mult_32_20_lm.vhd:71]
	Parameter C_VERBOSITY bound to: 0 - type: integer 
	Parameter C_MODEL_TYPE bound to: 0 - type: integer 
	Parameter C_OPTIMIZE_GOAL bound to: 1 - type: integer 
	Parameter C_XDEVICEFAMILY bound to: zynq - type: string 
	Parameter C_HAS_CE bound to: 0 - type: integer 
	Parameter C_HAS_SCLR bound to: 0 - type: integer 
	Parameter C_LATENCY bound to: 4 - type: integer 
	Parameter C_A_WIDTH bound to: 32 - type: integer 
	Parameter C_A_TYPE bound to: 1 - type: integer 
	Parameter C_B_WIDTH bound to: 20 - type: integer 
	Parameter C_B_TYPE bound to: 1 - type: integer 
	Parameter C_OUT_HIGH bound to: 51 - type: integer 
	Parameter C_OUT_LOW bound to: 0 - type: integer 
	Parameter C_MULT_TYPE bound to: 1 - type: integer 
	Parameter C_CE_OVERRIDES_SCLR bound to: 0 - type: integer 
	Parameter C_CCM_IMP bound to: 0 - type: integer 
	Parameter C_B_VALUE bound to: 10000001 - type: string 
	Parameter C_HAS_ZERO_DETECT bound to: 0 - type: integer 
	Parameter C_ROUND_OUTPUT bound to: 0 - type: integer 
	Parameter C_ROUND_PT bound to: 0 - type: integer 
INFO: [Synth 8-3491] module 'mult_gen_v12_0_13' declared at '/home/lsriw/sr/SynowiecKacper/kacper_git2/SystemyRekonfigurowalne/hdmi_vga_zybo_YCbCr_bin/hdmi_vga_zybo.srcs/sources_1/ip/vp_0_2/src/rgb2ycbcr_0/src/mult_gen_0/hdl/mult_gen_v12_0_vh_rfs.vhd:21013' bound to instance 'U0' of component 'mult_gen_v12_0_13' [/home/lsriw/sr/SynowiecKacper/kacper_git2/SystemyRekonfigurowalne/hdmi_vga_zybo_YCbCr_bin/hdmi_vga_zybo.srcs/sources_1/ip/vp_0_2/src/centroid_0_3/src/divider_32_20_0/src/mult_32_20_lm/synth/mult_32_20_lm.vhd:120]
INFO: [Synth 8-256] done synthesizing module 'mult_32_20_lm' (28#1) [/home/lsriw/sr/SynowiecKacper/kacper_git2/SystemyRekonfigurowalne/hdmi_vga_zybo_YCbCr_bin/hdmi_vga_zybo.srcs/sources_1/ip/vp_0_2/src/centroid_0_3/src/divider_32_20_0/src/mult_32_20_lm/synth/mult_32_20_lm.vhd:68]
INFO: [Synth 8-256] done synthesizing module 'divider_32_20' (29#1) [/home/lsriw/sr/SynowiecKacper/kacper_git2/SystemyRekonfigurowalne/hdmi_vga_zybo_YCbCr_bin/hdmi_vga_zybo.srcs/sources_1/ip/vp_0_2/src/centroid_0_3/src/divider_32_20_0/src/divider_32_20.v:8]
INFO: [Synth 8-256] done synthesizing module 'divider_32_20_0' (30#1) [/home/lsriw/sr/SynowiecKacper/kacper_git2/SystemyRekonfigurowalne/hdmi_vga_zybo_YCbCr_bin/hdmi_vga_zybo.srcs/sources_1/ip/vp_0_2/src/centroid_0_3/src/divider_32_20_0/synth/divider_32_20_0.v:56]
INFO: [Synth 8-256] done synthesizing module 'centroid' (31#1) [/home/lsriw/sr/SynowiecKacper/kacper_git2/SystemyRekonfigurowalne/hdmi_vga_zybo_YCbCr_bin/hdmi_vga_zybo.srcs/sources_1/ip/vp_0_2/src/centroid_0_3/src/centroid.v:23]
INFO: [Synth 8-256] done synthesizing module 'centroid_0' (32#1) [/home/lsriw/sr/SynowiecKacper/kacper_git2/SystemyRekonfigurowalne/hdmi_vga_zybo_YCbCr_bin/hdmi_vga_zybo.srcs/sources_1/ip/vp_0_2/src/centroid_0_3/synth/centroid_0.v:56]
WARNING: [Synth 8-3848] Net de_mux[7] in module/entity vp does not have driver. [/home/lsriw/sr/SynowiecKacper/kacper_git2/SystemyRekonfigurowalne/hdmi_vga_zybo_YCbCr_bin/hdmi_vga_zybo.srcs/sources_1/ip/vp_0_2/src/vp.v:41]
WARNING: [Synth 8-3848] Net de_mux[6] in module/entity vp does not have driver. [/home/lsriw/sr/SynowiecKacper/kacper_git2/SystemyRekonfigurowalne/hdmi_vga_zybo_YCbCr_bin/hdmi_vga_zybo.srcs/sources_1/ip/vp_0_2/src/vp.v:41]
WARNING: [Synth 8-3848] Net de_mux[5] in module/entity vp does not have driver. [/home/lsriw/sr/SynowiecKacper/kacper_git2/SystemyRekonfigurowalne/hdmi_vga_zybo_YCbCr_bin/hdmi_vga_zybo.srcs/sources_1/ip/vp_0_2/src/vp.v:41]
WARNING: [Synth 8-3848] Net de_mux[4] in module/entity vp does not have driver. [/home/lsriw/sr/SynowiecKacper/kacper_git2/SystemyRekonfigurowalne/hdmi_vga_zybo_YCbCr_bin/hdmi_vga_zybo.srcs/sources_1/ip/vp_0_2/src/vp.v:41]
WARNING: [Synth 8-3848] Net de_mux[3] in module/entity vp does not have driver. [/home/lsriw/sr/SynowiecKacper/kacper_git2/SystemyRekonfigurowalne/hdmi_vga_zybo_YCbCr_bin/hdmi_vga_zybo.srcs/sources_1/ip/vp_0_2/src/vp.v:41]
WARNING: [Synth 8-3848] Net h_sync_mux[7] in module/entity vp does not have driver. [/home/lsriw/sr/SynowiecKacper/kacper_git2/SystemyRekonfigurowalne/hdmi_vga_zybo_YCbCr_bin/hdmi_vga_zybo.srcs/sources_1/ip/vp_0_2/src/vp.v:42]
WARNING: [Synth 8-3848] Net h_sync_mux[6] in module/entity vp does not have driver. [/home/lsriw/sr/SynowiecKacper/kacper_git2/SystemyRekonfigurowalne/hdmi_vga_zybo_YCbCr_bin/hdmi_vga_zybo.srcs/sources_1/ip/vp_0_2/src/vp.v:42]
WARNING: [Synth 8-3848] Net h_sync_mux[5] in module/entity vp does not have driver. [/home/lsriw/sr/SynowiecKacper/kacper_git2/SystemyRekonfigurowalne/hdmi_vga_zybo_YCbCr_bin/hdmi_vga_zybo.srcs/sources_1/ip/vp_0_2/src/vp.v:42]
WARNING: [Synth 8-3848] Net h_sync_mux[4] in module/entity vp does not have driver. [/home/lsriw/sr/SynowiecKacper/kacper_git2/SystemyRekonfigurowalne/hdmi_vga_zybo_YCbCr_bin/hdmi_vga_zybo.srcs/sources_1/ip/vp_0_2/src/vp.v:42]
WARNING: [Synth 8-3848] Net h_sync_mux[3] in module/entity vp does not have driver. [/home/lsriw/sr/SynowiecKacper/kacper_git2/SystemyRekonfigurowalne/hdmi_vga_zybo_YCbCr_bin/hdmi_vga_zybo.srcs/sources_1/ip/vp_0_2/src/vp.v:42]
WARNING: [Synth 8-3848] Net v_sync_mux[7] in module/entity vp does not have driver. [/home/lsriw/sr/SynowiecKacper/kacper_git2/SystemyRekonfigurowalne/hdmi_vga_zybo_YCbCr_bin/hdmi_vga_zybo.srcs/sources_1/ip/vp_0_2/src/vp.v:43]
WARNING: [Synth 8-3848] Net v_sync_mux[6] in module/entity vp does not have driver. [/home/lsriw/sr/SynowiecKacper/kacper_git2/SystemyRekonfigurowalne/hdmi_vga_zybo_YCbCr_bin/hdmi_vga_zybo.srcs/sources_1/ip/vp_0_2/src/vp.v:43]
WARNING: [Synth 8-3848] Net v_sync_mux[5] in module/entity vp does not have driver. [/home/lsriw/sr/SynowiecKacper/kacper_git2/SystemyRekonfigurowalne/hdmi_vga_zybo_YCbCr_bin/hdmi_vga_zybo.srcs/sources_1/ip/vp_0_2/src/vp.v:43]
WARNING: [Synth 8-3848] Net v_sync_mux[4] in module/entity vp does not have driver. [/home/lsriw/sr/SynowiecKacper/kacper_git2/SystemyRekonfigurowalne/hdmi_vga_zybo_YCbCr_bin/hdmi_vga_zybo.srcs/sources_1/ip/vp_0_2/src/vp.v:43]
WARNING: [Synth 8-3848] Net v_sync_mux[3] in module/entity vp does not have driver. [/home/lsriw/sr/SynowiecKacper/kacper_git2/SystemyRekonfigurowalne/hdmi_vga_zybo_YCbCr_bin/hdmi_vga_zybo.srcs/sources_1/ip/vp_0_2/src/vp.v:43]
WARNING: [Synth 8-3848] Net rgb_mux[7] in module/entity vp does not have driver. [/home/lsriw/sr/SynowiecKacper/kacper_git2/SystemyRekonfigurowalne/hdmi_vga_zybo_YCbCr_bin/hdmi_vga_zybo.srcs/sources_1/ip/vp_0_2/src/vp.v:40]
WARNING: [Synth 8-3848] Net rgb_mux[6] in module/entity vp does not have driver. [/home/lsriw/sr/SynowiecKacper/kacper_git2/SystemyRekonfigurowalne/hdmi_vga_zybo_YCbCr_bin/hdmi_vga_zybo.srcs/sources_1/ip/vp_0_2/src/vp.v:40]
WARNING: [Synth 8-3848] Net rgb_mux[5] in module/entity vp does not have driver. [/home/lsriw/sr/SynowiecKacper/kacper_git2/SystemyRekonfigurowalne/hdmi_vga_zybo_YCbCr_bin/hdmi_vga_zybo.srcs/sources_1/ip/vp_0_2/src/vp.v:40]
WARNING: [Synth 8-3848] Net rgb_mux[4] in module/entity vp does not have driver. [/home/lsriw/sr/SynowiecKacper/kacper_git2/SystemyRekonfigurowalne/hdmi_vga_zybo_YCbCr_bin/hdmi_vga_zybo.srcs/sources_1/ip/vp_0_2/src/vp.v:40]
WARNING: [Synth 8-3848] Net rgb_mux[3] in module/entity vp does not have driver. [/home/lsriw/sr/SynowiecKacper/kacper_git2/SystemyRekonfigurowalne/hdmi_vga_zybo_YCbCr_bin/hdmi_vga_zybo.srcs/sources_1/ip/vp_0_2/src/vp.v:40]
INFO: [Synth 8-256] done synthesizing module 'vp' (33#1) [/home/lsriw/sr/SynowiecKacper/kacper_git2/SystemyRekonfigurowalne/hdmi_vga_zybo_YCbCr_bin/hdmi_vga_zybo.srcs/sources_1/ip/vp_0_2/src/vp.v:23]
INFO: [Synth 8-256] done synthesizing module 'vp_0' (34#1) [/home/lsriw/sr/SynowiecKacper/kacper_git2/SystemyRekonfigurowalne/hdmi_vga_zybo_YCbCr_bin/hdmi_vga_zybo.srcs/sources_1/ip/vp_0_2/synth/vp_0.v:56]
WARNING: [Synth 8-3331] design mult_gen_v12_0_13_delay_line has unconnected port CLK
WARNING: [Synth 8-3331] design mult_gen_v12_0_13_delay_line has unconnected port CE
WARNING: [Synth 8-3331] design mult_gen_v12_0_13_delay_line has unconnected port SCLR
WARNING: [Synth 8-3331] design mult_gen_v12_0_13_delay_line__parameterized4 has unconnected port CE
WARNING: [Synth 8-3331] design mult_gen_v12_0_13_delay_line__parameterized4 has unconnected port SCLR
WARNING: [Synth 8-3331] design mult_gen_v12_0_13_delay_line__parameterized3 has unconnected port CLK
WARNING: [Synth 8-3331] design mult_gen_v12_0_13_delay_line__parameterized3 has unconnected port CE
WARNING: [Synth 8-3331] design mult_gen_v12_0_13_delay_line__parameterized3 has unconnected port SCLR
WARNING: [Synth 8-3331] design mult_gen_v12_0_13_delay_line__parameterized2 has unconnected port CLK
WARNING: [Synth 8-3331] design mult_gen_v12_0_13_delay_line__parameterized2 has unconnected port CE
WARNING: [Synth 8-3331] design mult_gen_v12_0_13_delay_line__parameterized2 has unconnected port SCLR
WARNING: [Synth 8-3331] design mult_gen_v12_0_13_delay_line__parameterized1 has unconnected port CLK
WARNING: [Synth 8-3331] design mult_gen_v12_0_13_delay_line__parameterized1 has unconnected port CE
WARNING: [Synth 8-3331] design mult_gen_v12_0_13_delay_line__parameterized1 has unconnected port SCLR
WARNING: [Synth 8-3331] design mult_gen_v12_0_13_delay_line__parameterized0 has unconnected port CLK
WARNING: [Synth 8-3331] design mult_gen_v12_0_13_delay_line__parameterized0 has unconnected port CE
WARNING: [Synth 8-3331] design mult_gen_v12_0_13_delay_line__parameterized0 has unconnected port SCLR
WARNING: [Synth 8-3331] design dsp__parameterized0 has unconnected port D_PORT[24]
WARNING: [Synth 8-3331] design dsp__parameterized0 has unconnected port D_PORT[23]
WARNING: [Synth 8-3331] design dsp__parameterized0 has unconnected port D_PORT[22]
WARNING: [Synth 8-3331] design dsp__parameterized0 has unconnected port D_PORT[21]
WARNING: [Synth 8-3331] design dsp__parameterized0 has unconnected port D_PORT[20]
WARNING: [Synth 8-3331] design dsp__parameterized0 has unconnected port D_PORT[19]
WARNING: [Synth 8-3331] design dsp__parameterized0 has unconnected port D_PORT[18]
WARNING: [Synth 8-3331] design dsp__parameterized0 has unconnected port D_PORT[17]
WARNING: [Synth 8-3331] design dsp__parameterized0 has unconnected port D_PORT[16]
WARNING: [Synth 8-3331] design dsp__parameterized0 has unconnected port D_PORT[15]
WARNING: [Synth 8-3331] design dsp__parameterized0 has unconnected port D_PORT[14]
WARNING: [Synth 8-3331] design dsp__parameterized0 has unconnected port D_PORT[13]
WARNING: [Synth 8-3331] design dsp__parameterized0 has unconnected port D_PORT[12]
WARNING: [Synth 8-3331] design dsp__parameterized0 has unconnected port D_PORT[11]
WARNING: [Synth 8-3331] design dsp__parameterized0 has unconnected port D_PORT[10]
WARNING: [Synth 8-3331] design dsp__parameterized0 has unconnected port D_PORT[9]
WARNING: [Synth 8-3331] design dsp__parameterized0 has unconnected port D_PORT[8]
WARNING: [Synth 8-3331] design dsp__parameterized0 has unconnected port D_PORT[7]
WARNING: [Synth 8-3331] design dsp__parameterized0 has unconnected port D_PORT[6]
WARNING: [Synth 8-3331] design dsp__parameterized0 has unconnected port D_PORT[5]
WARNING: [Synth 8-3331] design dsp__parameterized0 has unconnected port D_PORT[4]
WARNING: [Synth 8-3331] design dsp__parameterized0 has unconnected port D_PORT[3]
WARNING: [Synth 8-3331] design dsp__parameterized0 has unconnected port D_PORT[2]
WARNING: [Synth 8-3331] design dsp__parameterized0 has unconnected port D_PORT[1]
WARNING: [Synth 8-3331] design dsp__parameterized0 has unconnected port D_PORT[0]
WARNING: [Synth 8-3331] design dsp__parameterized0 has unconnected port CARRY_IN
WARNING: [Synth 8-3331] design mult_gen_v12_0_13_viv__parameterized1 has unconnected port CE
WARNING: [Synth 8-3331] design mult_gen_v12_0_13_viv__parameterized1 has unconnected port SCLR
WARNING: [Synth 8-3331] design xbip_dsp48e1_wrapper_v3_0 has unconnected port CE
WARNING: [Synth 8-3331] design xbip_dsp48e1_wrapper_v3_0 has unconnected port SCLR
WARNING: [Synth 8-3331] design xbip_dsp48e1_wrapper_v3_0 has unconnected port CEA1
WARNING: [Synth 8-3331] design xbip_dsp48e1_wrapper_v3_0 has unconnected port CEA2
WARNING: [Synth 8-3331] design xbip_dsp48e1_wrapper_v3_0 has unconnected port CEB1
WARNING: [Synth 8-3331] design xbip_dsp48e1_wrapper_v3_0 has unconnected port CEB2
WARNING: [Synth 8-3331] design xbip_dsp48e1_wrapper_v3_0 has unconnected port CEAD
WARNING: [Synth 8-3331] design xbip_dsp48e1_wrapper_v3_0 has unconnected port CED
WARNING: [Synth 8-3331] design xbip_dsp48e1_wrapper_v3_0 has unconnected port CEC
WARNING: [Synth 8-3331] design xbip_dsp48e1_wrapper_v3_0 has unconnected port CECARRYIN
WARNING: [Synth 8-3331] design xbip_dsp48e1_wrapper_v3_0 has unconnected port CECTRL
WARNING: [Synth 8-3331] design xbip_dsp48e1_wrapper_v3_0 has unconnected port CEALUMODE
WARNING: [Synth 8-3331] design xbip_dsp48e1_wrapper_v3_0 has unconnected port CEINMODE
WARNING: [Synth 8-3331] design xbip_dsp48e1_wrapper_v3_0 has unconnected port CEM
WARNING: [Synth 8-3331] design xbip_dsp48e1_wrapper_v3_0 has unconnected port CEP
WARNING: [Synth 8-3331] design xbip_dsp48e1_wrapper_v3_0 has unconnected port SCLRA
WARNING: [Synth 8-3331] design xbip_dsp48e1_wrapper_v3_0 has unconnected port SCLRB
WARNING: [Synth 8-3331] design xbip_dsp48e1_wrapper_v3_0 has unconnected port SCLRC
WARNING: [Synth 8-3331] design xbip_dsp48e1_wrapper_v3_0 has unconnected port SCLRD
WARNING: [Synth 8-3331] design xbip_dsp48e1_wrapper_v3_0 has unconnected port SCLRALLCARRYIN
WARNING: [Synth 8-3331] design xbip_dsp48e1_wrapper_v3_0 has unconnected port SCLRCTRL
WARNING: [Synth 8-3331] design xbip_dsp48e1_wrapper_v3_0 has unconnected port SCLRALUMODE
WARNING: [Synth 8-3331] design xbip_dsp48e1_wrapper_v3_0 has unconnected port SCLRINMODE
WARNING: [Synth 8-3331] design xbip_dsp48e1_wrapper_v3_0 has unconnected port SCLRM
WARNING: [Synth 8-3331] design xbip_dsp48e1_wrapper_v3_0 has unconnected port SCLRP
WARNING: [Synth 8-3331] design xbip_pipe_v3_0_4_viv has unconnected port CLK
WARNING: [Synth 8-3331] design xbip_pipe_v3_0_4_viv has unconnected port CE
WARNING: [Synth 8-3331] design xbip_pipe_v3_0_4_viv has unconnected port SCLR
WARNING: [Synth 8-3331] design xbip_pipe_v3_0_4_viv has unconnected port SSET
WARNING: [Synth 8-3331] design xbip_pipe_v3_0_4_viv has unconnected port SINIT
WARNING: [Synth 8-3331] design c_addsub_v12_0_11_viv__parameterized1 has unconnected port CLK
WARNING: [Synth 8-3331] design c_addsub_v12_0_11_viv__parameterized1 has unconnected port C_IN
WARNING: [Synth 8-3331] design c_addsub_v12_0_11_viv__parameterized1 has unconnected port CE
WARNING: [Synth 8-3331] design c_addsub_v12_0_11_viv__parameterized1 has unconnected port BYPASS
WARNING: [Synth 8-3331] design c_addsub_v12_0_11_viv__parameterized1 has unconnected port SCLR
WARNING: [Synth 8-3331] design c_addsub_v12_0_11_viv__parameterized1 has unconnected port SSET
WARNING: [Synth 8-3331] design c_addsub_v12_0_11_viv__parameterized1 has unconnected port SINIT
WARNING: [Synth 8-3331] design ycbcr2bin has unconnected port pixel_in[23]
WARNING: [Synth 8-3331] design ycbcr2bin has unconnected port pixel_in[22]
WARNING: [Synth 8-3331] design ycbcr2bin has unconnected port pixel_in[21]
WARNING: [Synth 8-3331] design ycbcr2bin has unconnected port pixel_in[20]
WARNING: [Synth 8-3331] design ycbcr2bin has unconnected port pixel_in[19]
WARNING: [Synth 8-3331] design ycbcr2bin has unconnected port pixel_in[18]
WARNING: [Synth 8-3331] design ycbcr2bin has unconnected port pixel_in[17]
WARNING: [Synth 8-3331] design ycbcr2bin has unconnected port pixel_in[16]
WARNING: [Synth 8-3331] design c_reg_fd_v12_0_4_viv has unconnected port CE
WARNING: [Synth 8-3331] design c_reg_fd_v12_0_4_viv has unconnected port AINIT
WARNING: [Synth 8-3331] design c_reg_fd_v12_0_4_viv has unconnected port ACLR
WARNING: [Synth 8-3331] design c_reg_fd_v12_0_4_viv has unconnected port ASET
WARNING: [Synth 8-3331] design c_reg_fd_v12_0_4_viv has unconnected port SINIT
WARNING: [Synth 8-3331] design c_reg_fd_v12_0_4_viv has unconnected port SCLR
WARNING: [Synth 8-3331] design c_reg_fd_v12_0_4_viv has unconnected port SSET
WARNING: [Synth 8-3331] design c_addsub_v12_0_11_lut6_legacy has unconnected port add
WARNING: [Synth 8-3331] design c_addsub_v12_0_11_lut6_legacy has unconnected port c_in
WARNING: [Synth 8-3331] design c_addsub_v12_0_11_lut6_legacy has unconnected port ce
INFO: [Common 17-14] Message 'Synth 8-3331' appears 100 times and further instances of the messages will be disabled. Use the Tcl command set_msg_config to change the current settings.
---------------------------------------------------------------------------------
Finished RTL Elaboration : Time (s): cpu = 00:00:14 ; elapsed = 00:00:17 . Memory (MB): peak = 1408.066 ; gain = 177.527 ; free physical = 3653 ; free virtual = 21846
---------------------------------------------------------------------------------

Report Check Netlist: 
+------+------------------+-------+---------+-------+------------------+
|      |Item              |Errors |Warnings |Status |Description       |
+------+------------------+-------+---------+-------+------------------+
|1     |multi_driven_nets |      0|        0|Passed |Multi driven nets |
+------+------------------+-------+---------+-------+------------------+
---------------------------------------------------------------------------------
Finished RTL Optimization Phase 1 : Time (s): cpu = 00:00:14 ; elapsed = 00:00:17 . Memory (MB): peak = 1408.066 ; gain = 177.527 ; free physical = 3655 ; free virtual = 21848
---------------------------------------------------------------------------------
INFO: [Netlist 29-17] Analyzing 142 Unisim elements for replacement
INFO: [Netlist 29-28] Unisim Transformation completed in 0 CPU seconds
INFO: [Device 21-403] Loading part xc7z010clg400-1
INFO: [Project 1-570] Preparing netlist for logic optimization

Processing XDC Constraints
Initializing timing engine
Parsing XDC File [/home/lsriw/sr/SynowiecKacper/kacper_git2/SystemyRekonfigurowalne/hdmi_vga_zybo_YCbCr_bin/hdmi_vga_zybo.runs/vp_0_synth_1/dont_touch.xdc]
Finished Parsing XDC File [/home/lsriw/sr/SynowiecKacper/kacper_git2/SystemyRekonfigurowalne/hdmi_vga_zybo_YCbCr_bin/hdmi_vga_zybo.runs/vp_0_synth_1/dont_touch.xdc]
Completed Processing XDC Constraints

INFO: [Project 1-111] Unisim Transformation Summary:
No Unisim elements were transformed.

Constraint Validation Runtime : Time (s): cpu = 00:00:00.09 ; elapsed = 00:00:00.02 . Memory (MB): peak = 1677.551 ; gain = 0.000 ; free physical = 3412 ; free virtual = 21605
CRITICAL WARNING: [filemgmt 20-1741] File 'register.v' is used by one or more modules, but with different contents, and may lead to unpredictable results:
* rgb2ycbcr_0 (/home/lsriw/sr/SynowiecKacper/kacper_git2/SystemyRekonfigurowalne/hdmi_vga_zybo_YCbCr_bin/hdmi_vga_zybo.srcs/sources_1/ip/vp_0_2/src/rgb2ycbcr_0/src/register.v)
* centroid_0 (/home/lsriw/sr/SynowiecKacper/kacper_git2/SystemyRekonfigurowalne/hdmi_vga_zybo_YCbCr_bin/hdmi_vga_zybo.srcs/sources_1/ip/vp_0_2/src/centroid_0_3/src/register.v)
Please reset and regenerate these modules to resolve the differences, or synthesize them independently.
---------------------------------------------------------------------------------
Finished Constraint Validation : Time (s): cpu = 00:00:31 ; elapsed = 00:00:53 . Memory (MB): peak = 1677.551 ; gain = 447.012 ; free physical = 3489 ; free virtual = 21683
---------------------------------------------------------------------------------
---------------------------------------------------------------------------------
Start Loading Part and Timing Information
---------------------------------------------------------------------------------
Loading part: xc7z010clg400-1
---------------------------------------------------------------------------------
Finished Loading Part and Timing Information : Time (s): cpu = 00:00:31 ; elapsed = 00:00:53 . Memory (MB): peak = 1677.551 ; gain = 447.012 ; free physical = 3490 ; free virtual = 21683
---------------------------------------------------------------------------------
---------------------------------------------------------------------------------
Start Applying 'set_property' XDC Constraints
---------------------------------------------------------------------------------
Applied set_property DONT_TOUCH = true for inst/my_centro. (constraint file  auto generated constraint, line ).
Applied set_property DONT_TOUCH = true for inst/my_centro/inst/m_01_acc/my_add. (constraint file  auto generated constraint, line ).
Applied set_property DONT_TOUCH = true for inst/my_centro/inst/m_10_acc/my_add. (constraint file  auto generated constraint, line ).
Applied set_property DONT_TOUCH = true for inst/my_centro/inst/x_sc_div. (constraint file  auto generated constraint, line ).
Applied set_property DONT_TOUCH = true for inst/my_centro/inst/x_sc_div/inst/instance_name. (constraint file  auto generated constraint, line ).
Applied set_property DONT_TOUCH = true for inst/my_centro/inst/y_sc_div. (constraint file  auto generated constraint, line ).
Applied set_property DONT_TOUCH = true for inst/my_centro/inst/y_sc_div/inst/instance_name. (constraint file  auto generated constraint, line ).
Applied set_property DONT_TOUCH = true for inst/my_conv. (constraint file  auto generated constraint, line ).
Applied set_property DONT_TOUCH = true for inst/my_conv/inst/Cb_B. (constraint file  auto generated constraint, line ).
Applied set_property DONT_TOUCH = true for inst/my_conv/inst/Cb_out. (constraint file  auto generated constraint, line ).
Applied set_property DONT_TOUCH = true for inst/my_conv/inst/Cr_B. (constraint file  auto generated constraint, line ).
Applied set_property DONT_TOUCH = true for inst/my_conv/inst/Cr_out. (constraint file  auto generated constraint, line ).
Applied set_property DONT_TOUCH = true for inst/my_conv/inst/Y_out. (constraint file  auto generated constraint, line ).
Applied set_property DONT_TOUCH = true for inst/my_conv/inst/\genblk1.genblk1[0].m_i . (constraint file  auto generated constraint, line ).
Applied set_property DONT_TOUCH = true for inst/my_conv/inst/\genblk1.genblk1[1].m_i . (constraint file  auto generated constraint, line ).
Applied set_property DONT_TOUCH = true for inst/my_conv/inst/\genblk1.genblk1[2].m_i . (constraint file  auto generated constraint, line ).
Applied set_property DONT_TOUCH = true for inst/my_conv/inst/\genblk1.genblk1[3].m_i . (constraint file  auto generated constraint, line ).
Applied set_property DONT_TOUCH = true for inst/my_conv/inst/\genblk1.genblk1[4].m_i . (constraint file  auto generated constraint, line ).
Applied set_property DONT_TOUCH = true for inst/my_conv/inst/\genblk1.genblk1[5].m_i . (constraint file  auto generated constraint, line ).
Applied set_property DONT_TOUCH = true for inst/my_conv/inst/\genblk1.genblk1[6].m_i . (constraint file  auto generated constraint, line ).
Applied set_property DONT_TOUCH = true for inst/my_conv/inst/\genblk1.genblk1[7].m_i . (constraint file  auto generated constraint, line ).
Applied set_property DONT_TOUCH = true for inst/my_conv/inst/\genblk1.genblk1[8].m_i . (constraint file  auto generated constraint, line ).
Applied set_property DONT_TOUCH = true for inst/my_conv/inst/\genblk1.genblk2[0].a_i . (constraint file  auto generated constraint, line ).
Applied set_property DONT_TOUCH = true for inst/my_conv/inst/\genblk1.genblk2[3].a_i . (constraint file  auto generated constraint, line ).
Applied set_property DONT_TOUCH = true for inst/my_conv/inst/\genblk1.genblk2[6].a_i . (constraint file  auto generated constraint, line ).
Applied set_property DONT_TOUCH = true for inst/my_conv_bin. (constraint file  auto generated constraint, line ).
---------------------------------------------------------------------------------
Finished applying 'set_property' XDC Constraints : Time (s): cpu = 00:00:31 ; elapsed = 00:00:53 . Memory (MB): peak = 1677.551 ; gain = 447.012 ; free physical = 3491 ; free virtual = 21684
---------------------------------------------------------------------------------
INFO: [Synth 8-5546] ROM "i" won't be mapped to RAM because it is too sparse
INFO: [Synth 8-5546] ROM "state" won't be mapped to RAM because it is too sparse
INFO: [Synth 8-5546] ROM "i" won't be mapped to RAM because it is too sparse
INFO: [Synth 8-5546] ROM "state" won't be mapped to RAM because it is too sparse
WARNING: [Synth 8-6014] Unused sequential element x_pos_reg was removed.  [/home/lsriw/sr/SynowiecKacper/kacper_git2/SystemyRekonfigurowalne/hdmi_vga_zybo_YCbCr_bin/hdmi_vga_zybo.srcs/sources_1/ip/vp_0_2/src/centroid_0_3/src/centroid.v:51]
WARNING: [Synth 8-6014] Unused sequential element m_00_reg was removed.  [/home/lsriw/sr/SynowiecKacper/kacper_git2/SystemyRekonfigurowalne/hdmi_vga_zybo_YCbCr_bin/hdmi_vga_zybo.srcs/sources_1/ip/vp_0_2/src/centroid_0_3/src/centroid.v:73]
---------------------------------------------------------------------------------
Finished RTL Optimization Phase 2 : Time (s): cpu = 00:00:31 ; elapsed = 00:00:54 . Memory (MB): peak = 1677.551 ; gain = 447.012 ; free physical = 3482 ; free virtual = 21675
---------------------------------------------------------------------------------

Report RTL Partitions: 
+-+--------------+------------+----------+
| |RTL Partition |Replication |Instances |
+-+--------------+------------+----------+
+-+--------------+------------+----------+
---------------------------------------------------------------------------------
Start RTL Component Statistics 
---------------------------------------------------------------------------------
---------------------------------------------------------------------------------
Finished RTL Component Statistics 
---------------------------------------------------------------------------------
---------------------------------------------------------------------------------
Start RTL Hierarchical Component Statistics 
---------------------------------------------------------------------------------
---------------------------------------------------------------------------------
Finished RTL Hierarchical Component Statistics
---------------------------------------------------------------------------------
---------------------------------------------------------------------------------
Start Part Resource Summary
---------------------------------------------------------------------------------
Part Resources:
DSPs: 80 (col length:40)
BRAMs: 120 (col length: RAMB18 40 RAMB36 20)
---------------------------------------------------------------------------------
Finished Part Resource Summary
---------------------------------------------------------------------------------
---------------------------------------------------------------------------------
Start Cross Boundary and Area Optimization
---------------------------------------------------------------------------------
INFO: [Synth 8-5546] ROM "inst/i" won't be mapped to RAM because it is too sparse
INFO: [Synth 8-5546] ROM "inst/i" won't be mapped to RAM because it is too sparse
WARNING: [Synth 8-6014] Unused sequential element inst/m_00_reg was removed.  [/home/lsriw/sr/SynowiecKacper/kacper_git2/SystemyRekonfigurowalne/hdmi_vga_zybo_YCbCr_bin/hdmi_vga_zybo.srcs/sources_1/ip/vp_0_2/src/centroid_0_3/src/centroid.v:73]
WARNING: [Synth 8-6014] Unused sequential element inst/x_pos_reg was removed.  [/home/lsriw/sr/SynowiecKacper/kacper_git2/SystemyRekonfigurowalne/hdmi_vga_zybo_YCbCr_bin/hdmi_vga_zybo.srcs/sources_1/ip/vp_0_2/src/centroid_0_3/src/centroid.v:51]
INFO: [Synth 8-3886] merging instance 'inst/my_centro/inst/y_sc_reg_reg[0]' (FDE) to 'inst/my_centro/inst/y_sc_reg_reg[1]'
INFO: [Synth 8-3886] merging instance 'inst/my_centro/inst/y_sc_reg_reg[1]' (FDE) to 'inst/my_centro/inst/y_sc_reg_reg[2]'
INFO: [Synth 8-3886] merging instance 'inst/my_centro/inst/y_sc_reg_reg[2]' (FDE) to 'inst/my_centro/inst/y_sc_reg_reg[3]'
INFO: [Synth 8-3886] merging instance 'inst/my_centro/inst/y_sc_reg_reg[3]' (FDE) to 'inst/my_centro/inst/y_sc_reg_reg[4]'
INFO: [Synth 8-3886] merging instance 'inst/my_centro/inst/y_sc_reg_reg[4]' (FDE) to 'inst/my_centro/inst/y_sc_reg_reg[5]'
INFO: [Synth 8-3886] merging instance 'inst/my_centro/inst/y_sc_reg_reg[5]' (FDE) to 'inst/my_centro/inst/y_sc_reg_reg[6]'
INFO: [Synth 8-3886] merging instance 'inst/my_centro/inst/y_sc_reg_reg[6]' (FDE) to 'inst/my_centro/inst/y_sc_reg_reg[7]'
INFO: [Synth 8-3886] merging instance 'inst/my_centro/inst/y_sc_reg_reg[7]' (FDE) to 'inst/my_centro/inst/y_sc_reg_reg[8]'
INFO: [Synth 8-3886] merging instance 'inst/my_centro/inst/y_sc_reg_reg[8]' (FDE) to 'inst/my_centro/inst/y_sc_reg_reg[9]'
INFO: [Synth 8-3886] merging instance 'inst/my_centro/inst/y_sc_reg_reg[9]' (FDE) to 'inst/my_centro/inst/y_sc_reg_reg[10]'
INFO: [Synth 8-3886] merging instance 'inst/my_centro/inst/y_sc_reg_reg[10]' (FDE) to 'inst/my_centro/inst/y_sc_reg_reg[11]'
INFO: [Synth 8-3886] merging instance 'inst/my_centro/inst/y_sc_reg_reg[11]' (FDE) to 'inst/my_centro/inst/y_sc_reg_reg[12]'
INFO: [Synth 8-3886] merging instance 'inst/my_centro/inst/y_sc_reg_reg[12]' (FDE) to 'inst/my_centro/inst/y_sc_reg_reg[13]'
INFO: [Synth 8-3886] merging instance 'inst/my_centro/inst/y_sc_reg_reg[13]' (FDE) to 'inst/my_centro/inst/y_sc_reg_reg[14]'
INFO: [Synth 8-3886] merging instance 'inst/my_centro/inst/y_sc_reg_reg[14]' (FDE) to 'inst/my_centro/inst/y_sc_reg_reg[15]'
INFO: [Synth 8-3886] merging instance 'inst/my_centro/inst/y_sc_reg_reg[15]' (FDE) to 'inst/my_centro/inst/y_sc_reg_reg[16]'
INFO: [Synth 8-3886] merging instance 'inst/my_centro/inst/y_sc_reg_reg[16]' (FDE) to 'inst/my_centro/inst/y_sc_reg_reg[17]'
INFO: [Synth 8-3886] merging instance 'inst/my_centro/inst/y_sc_reg_reg[17]' (FDE) to 'inst/my_centro/inst/y_sc_reg_reg[18]'
INFO: [Synth 8-3886] merging instance 'inst/my_centro/inst/y_sc_reg_reg[18]' (FDE) to 'inst/my_centro/inst/y_sc_reg_reg[19]'
INFO: [Synth 8-3886] merging instance 'inst/my_centro/inst/y_sc_reg_reg[19]' (FDE) to 'inst/my_centro/inst/y_sc_reg_reg[20]'
INFO: [Synth 8-3886] merging instance 'inst/my_centro/inst/y_sc_reg_reg[20]' (FDE) to 'inst/my_centro/inst/y_sc_reg_reg[21]'
INFO: [Synth 8-3886] merging instance 'inst/my_centro/inst/y_sc_reg_reg[21]' (FDE) to 'inst/my_centro/inst/y_sc_reg_reg[22]'
INFO: [Synth 8-3886] merging instance 'inst/my_centro/inst/y_sc_reg_reg[22]' (FDE) to 'inst/my_centro/inst/y_sc_reg_reg[23]'
INFO: [Synth 8-3886] merging instance 'inst/my_centro/inst/y_sc_reg_reg[23]' (FDE) to 'inst/my_centro/inst/y_sc_reg_reg[24]'
INFO: [Synth 8-3886] merging instance 'inst/my_centro/inst/y_sc_reg_reg[24]' (FDE) to 'inst/my_centro/inst/y_sc_reg_reg[25]'
INFO: [Synth 8-3886] merging instance 'inst/my_centro/inst/y_sc_reg_reg[25]' (FDE) to 'inst/my_centro/inst/y_sc_reg_reg[26]'
INFO: [Synth 8-3886] merging instance 'inst/my_centro/inst/y_sc_reg_reg[26]' (FDE) to 'inst/my_centro/inst/y_sc_reg_reg[27]'
INFO: [Synth 8-3886] merging instance 'inst/my_centro/inst/y_sc_reg_reg[27]' (FDE) to 'inst/my_centro/inst/y_sc_reg_reg[28]'
INFO: [Synth 8-3886] merging instance 'inst/my_centro/inst/y_sc_reg_reg[28]' (FDE) to 'inst/my_centro/inst/y_sc_reg_reg[29]'
INFO: [Synth 8-3886] merging instance 'inst/my_centro/inst/y_sc_reg_reg[29]' (FDE) to 'inst/my_centro/inst/y_sc_reg_reg[30]'
INFO: [Synth 8-3886] merging instance 'inst/my_centro/inst/y_sc_reg_reg[30]' (FDE) to 'inst/my_centro/inst/y_sc_reg_reg[31]'
INFO: [Synth 8-3333] propagating constant 0 across sequential element (\inst/my_centro /\inst/y_sc_reg_reg[31] )
INFO: [Synth 8-3886] merging instance 'inst/my_centro/inst/x_sc_reg_reg[0]' (FDE) to 'inst/my_centro/inst/x_sc_reg_reg[1]'
INFO: [Synth 8-3886] merging instance 'inst/my_centro/inst/x_sc_reg_reg[1]' (FDE) to 'inst/my_centro/inst/x_sc_reg_reg[2]'
INFO: [Synth 8-3886] merging instance 'inst/my_centro/inst/x_sc_reg_reg[2]' (FDE) to 'inst/my_centro/inst/x_sc_reg_reg[3]'
INFO: [Synth 8-3886] merging instance 'inst/my_centro/inst/x_sc_reg_reg[3]' (FDE) to 'inst/my_centro/inst/x_sc_reg_reg[4]'
INFO: [Synth 8-3886] merging instance 'inst/my_centro/inst/x_sc_reg_reg[4]' (FDE) to 'inst/my_centro/inst/x_sc_reg_reg[5]'
INFO: [Synth 8-3886] merging instance 'inst/my_centro/inst/x_sc_reg_reg[5]' (FDE) to 'inst/my_centro/inst/x_sc_reg_reg[6]'
INFO: [Synth 8-3886] merging instance 'inst/my_centro/inst/x_sc_reg_reg[6]' (FDE) to 'inst/my_centro/inst/x_sc_reg_reg[7]'
INFO: [Synth 8-3886] merging instance 'inst/my_centro/inst/x_sc_reg_reg[7]' (FDE) to 'inst/my_centro/inst/x_sc_reg_reg[8]'
INFO: [Synth 8-3886] merging instance 'inst/my_centro/inst/x_sc_reg_reg[8]' (FDE) to 'inst/my_centro/inst/x_sc_reg_reg[9]'
INFO: [Synth 8-3886] merging instance 'inst/my_centro/inst/x_sc_reg_reg[9]' (FDE) to 'inst/my_centro/inst/x_sc_reg_reg[10]'
INFO: [Synth 8-3886] merging instance 'inst/my_centro/inst/x_sc_reg_reg[10]' (FDE) to 'inst/my_centro/inst/x_sc_reg_reg[11]'
INFO: [Synth 8-3886] merging instance 'inst/my_centro/inst/x_sc_reg_reg[11]' (FDE) to 'inst/my_centro/inst/x_sc_reg_reg[12]'
INFO: [Synth 8-3886] merging instance 'inst/my_centro/inst/x_sc_reg_reg[12]' (FDE) to 'inst/my_centro/inst/x_sc_reg_reg[13]'
INFO: [Synth 8-3886] merging instance 'inst/my_centro/inst/x_sc_reg_reg[13]' (FDE) to 'inst/my_centro/inst/x_sc_reg_reg[14]'
INFO: [Synth 8-3886] merging instance 'inst/my_centro/inst/x_sc_reg_reg[14]' (FDE) to 'inst/my_centro/inst/x_sc_reg_reg[15]'
INFO: [Synth 8-3886] merging instance 'inst/my_centro/inst/x_sc_reg_reg[15]' (FDE) to 'inst/my_centro/inst/x_sc_reg_reg[16]'
INFO: [Synth 8-3886] merging instance 'inst/my_centro/inst/x_sc_reg_reg[16]' (FDE) to 'inst/my_centro/inst/x_sc_reg_reg[17]'
INFO: [Synth 8-3886] merging instance 'inst/my_centro/inst/x_sc_reg_reg[17]' (FDE) to 'inst/my_centro/inst/x_sc_reg_reg[18]'
INFO: [Synth 8-3886] merging instance 'inst/my_centro/inst/x_sc_reg_reg[18]' (FDE) to 'inst/my_centro/inst/x_sc_reg_reg[19]'
INFO: [Synth 8-3886] merging instance 'inst/my_centro/inst/x_sc_reg_reg[19]' (FDE) to 'inst/my_centro/inst/x_sc_reg_reg[20]'
INFO: [Synth 8-3886] merging instance 'inst/my_centro/inst/x_sc_reg_reg[20]' (FDE) to 'inst/my_centro/inst/x_sc_reg_reg[21]'
INFO: [Synth 8-3886] merging instance 'inst/my_centro/inst/x_sc_reg_reg[21]' (FDE) to 'inst/my_centro/inst/x_sc_reg_reg[22]'
INFO: [Synth 8-3886] merging instance 'inst/my_centro/inst/x_sc_reg_reg[22]' (FDE) to 'inst/my_centro/inst/x_sc_reg_reg[23]'
INFO: [Synth 8-3886] merging instance 'inst/my_centro/inst/x_sc_reg_reg[23]' (FDE) to 'inst/my_centro/inst/x_sc_reg_reg[24]'
INFO: [Synth 8-3886] merging instance 'inst/my_centro/inst/x_sc_reg_reg[24]' (FDE) to 'inst/my_centro/inst/x_sc_reg_reg[25]'
INFO: [Synth 8-3886] merging instance 'inst/my_centro/inst/x_sc_reg_reg[25]' (FDE) to 'inst/my_centro/inst/x_sc_reg_reg[26]'
INFO: [Synth 8-3886] merging instance 'inst/my_centro/inst/x_sc_reg_reg[26]' (FDE) to 'inst/my_centro/inst/x_sc_reg_reg[27]'
INFO: [Synth 8-3886] merging instance 'inst/my_centro/inst/x_sc_reg_reg[27]' (FDE) to 'inst/my_centro/inst/x_sc_reg_reg[28]'
INFO: [Synth 8-3886] merging instance 'inst/my_centro/inst/x_sc_reg_reg[28]' (FDE) to 'inst/my_centro/inst/x_sc_reg_reg[29]'
INFO: [Synth 8-3886] merging instance 'inst/my_centro/inst/x_sc_reg_reg[29]' (FDE) to 'inst/my_centro/inst/x_sc_reg_reg[30]'
INFO: [Synth 8-3886] merging instance 'inst/my_centro/inst/x_sc_reg_reg[30]' (FDE) to 'inst/my_centro/inst/x_sc_reg_reg[31]'
INFO: [Synth 8-3333] propagating constant 0 across sequential element (\inst/my_centro /\inst/x_sc_reg_reg[31] )
INFO: [Synth 8-3332] Sequential element (inst/x_sc_reg_reg[31]) is unused and will be removed from module centroid_0.
INFO: [Synth 8-3332] Sequential element (inst/y_sc_reg_reg[31]) is unused and will be removed from module centroid_0.
---------------------------------------------------------------------------------
Finished Cross Boundary and Area Optimization : Time (s): cpu = 00:00:33 ; elapsed = 00:00:56 . Memory (MB): peak = 1677.551 ; gain = 447.012 ; free physical = 3466 ; free virtual = 21659
---------------------------------------------------------------------------------

Report RTL Partitions: 
+-+--------------+------------+----------+
| |RTL Partition |Replication |Instances |
+-+--------------+------------+----------+
+-+--------------+------------+----------+
---------------------------------------------------------------------------------
Start Applying XDC Timing Constraints
---------------------------------------------------------------------------------
---------------------------------------------------------------------------------
Finished Applying XDC Timing Constraints : Time (s): cpu = 00:00:41 ; elapsed = 00:01:07 . Memory (MB): peak = 1712.535 ; gain = 481.996 ; free physical = 3298 ; free virtual = 21490
---------------------------------------------------------------------------------
---------------------------------------------------------------------------------
Start Timing Optimization
---------------------------------------------------------------------------------
---------------------------------------------------------------------------------
Finished Timing Optimization : Time (s): cpu = 00:00:41 ; elapsed = 00:01:07 . Memory (MB): peak = 1712.535 ; gain = 481.996 ; free physical = 3297 ; free virtual = 21490
---------------------------------------------------------------------------------

Report RTL Partitions: 
+-+--------------+------------+----------+
| |RTL Partition |Replication |Instances |
+-+--------------+------------+----------+
+-+--------------+------------+----------+
---------------------------------------------------------------------------------
Start Technology Mapping
---------------------------------------------------------------------------------
---------------------------------------------------------------------------------
Finished Technology Mapping : Time (s): cpu = 00:00:41 ; elapsed = 00:01:08 . Memory (MB): peak = 1733.574 ; gain = 503.035 ; free physical = 3294 ; free virtual = 21487
---------------------------------------------------------------------------------

Report RTL Partitions: 
+-+--------------+------------+----------+
| |RTL Partition |Replication |Instances |
+-+--------------+------------+----------+
+-+--------------+------------+----------+
---------------------------------------------------------------------------------
Start IO Insertion
---------------------------------------------------------------------------------
---------------------------------------------------------------------------------
Start Flattening Before IO Insertion
---------------------------------------------------------------------------------
---------------------------------------------------------------------------------
Finished Flattening Before IO Insertion
---------------------------------------------------------------------------------
---------------------------------------------------------------------------------
Start Final Netlist Cleanup
---------------------------------------------------------------------------------
---------------------------------------------------------------------------------
Finished Final Netlist Cleanup
---------------------------------------------------------------------------------
---------------------------------------------------------------------------------
Finished IO Insertion : Time (s): cpu = 00:00:42 ; elapsed = 00:01:08 . Memory (MB): peak = 1733.574 ; gain = 503.035 ; free physical = 3294 ; free virtual = 21487
---------------------------------------------------------------------------------
CRITICAL WARNING: [Synth 8-3352] multi-driven net quotient[31] with 1st driver pin 'inst/my_centro/inst/x_sc_div/inst/result_reg_reg[31]/Q' [/home/lsriw/sr/SynowiecKacper/kacper_git2/SystemyRekonfigurowalne/hdmi_vga_zybo_YCbCr_bin/hdmi_vga_zybo.srcs/sources_1/ip/vp_0_2/src/centroid_0_3/src/divider_32_20_0/src/divider_32_20.v:84]
CRITICAL WARNING: [Synth 8-3352] multi-driven net quotient[31] with 2nd driver pin 'GND' [/home/lsriw/sr/SynowiecKacper/kacper_git2/SystemyRekonfigurowalne/hdmi_vga_zybo_YCbCr_bin/hdmi_vga_zybo.srcs/sources_1/ip/vp_0_2/src/centroid_0_3/src/centroid.v:97]
CRITICAL WARNING: [Synth 8-3352] multi-driven net quotient[30] with 1st driver pin 'inst/my_centro/inst/x_sc_div/inst/result_reg_reg[30]/Q' [/home/lsriw/sr/SynowiecKacper/kacper_git2/SystemyRekonfigurowalne/hdmi_vga_zybo_YCbCr_bin/hdmi_vga_zybo.srcs/sources_1/ip/vp_0_2/src/centroid_0_3/src/divider_32_20_0/src/divider_32_20.v:84]
CRITICAL WARNING: [Synth 8-3352] multi-driven net quotient[30] with 2nd driver pin 'GND' [/home/lsriw/sr/SynowiecKacper/kacper_git2/SystemyRekonfigurowalne/hdmi_vga_zybo_YCbCr_bin/hdmi_vga_zybo.srcs/sources_1/ip/vp_0_2/src/centroid_0_3/src/centroid.v:97]
CRITICAL WARNING: [Synth 8-3352] multi-driven net quotient[29] with 1st driver pin 'inst/my_centro/inst/x_sc_div/inst/result_reg_reg[29]/Q' [/home/lsriw/sr/SynowiecKacper/kacper_git2/SystemyRekonfigurowalne/hdmi_vga_zybo_YCbCr_bin/hdmi_vga_zybo.srcs/sources_1/ip/vp_0_2/src/centroid_0_3/src/divider_32_20_0/src/divider_32_20.v:84]
CRITICAL WARNING: [Synth 8-3352] multi-driven net quotient[29] with 2nd driver pin 'GND' [/home/lsriw/sr/SynowiecKacper/kacper_git2/SystemyRekonfigurowalne/hdmi_vga_zybo_YCbCr_bin/hdmi_vga_zybo.srcs/sources_1/ip/vp_0_2/src/centroid_0_3/src/centroid.v:97]
CRITICAL WARNING: [Synth 8-3352] multi-driven net quotient[28] with 1st driver pin 'inst/my_centro/inst/x_sc_div/inst/result_reg_reg[28]/Q' [/home/lsriw/sr/SynowiecKacper/kacper_git2/SystemyRekonfigurowalne/hdmi_vga_zybo_YCbCr_bin/hdmi_vga_zybo.srcs/sources_1/ip/vp_0_2/src/centroid_0_3/src/divider_32_20_0/src/divider_32_20.v:84]
CRITICAL WARNING: [Synth 8-3352] multi-driven net quotient[28] with 2nd driver pin 'GND' [/home/lsriw/sr/SynowiecKacper/kacper_git2/SystemyRekonfigurowalne/hdmi_vga_zybo_YCbCr_bin/hdmi_vga_zybo.srcs/sources_1/ip/vp_0_2/src/centroid_0_3/src/centroid.v:97]
CRITICAL WARNING: [Synth 8-3352] multi-driven net quotient[27] with 1st driver pin 'inst/my_centro/inst/x_sc_div/inst/result_reg_reg[27]/Q' [/home/lsriw/sr/SynowiecKacper/kacper_git2/SystemyRekonfigurowalne/hdmi_vga_zybo_YCbCr_bin/hdmi_vga_zybo.srcs/sources_1/ip/vp_0_2/src/centroid_0_3/src/divider_32_20_0/src/divider_32_20.v:84]
CRITICAL WARNING: [Synth 8-3352] multi-driven net quotient[27] with 2nd driver pin 'GND' [/home/lsriw/sr/SynowiecKacper/kacper_git2/SystemyRekonfigurowalne/hdmi_vga_zybo_YCbCr_bin/hdmi_vga_zybo.srcs/sources_1/ip/vp_0_2/src/centroid_0_3/src/centroid.v:97]
CRITICAL WARNING: [Synth 8-3352] multi-driven net quotient[26] with 1st driver pin 'inst/my_centro/inst/x_sc_div/inst/result_reg_reg[26]/Q' [/home/lsriw/sr/SynowiecKacper/kacper_git2/SystemyRekonfigurowalne/hdmi_vga_zybo_YCbCr_bin/hdmi_vga_zybo.srcs/sources_1/ip/vp_0_2/src/centroid_0_3/src/divider_32_20_0/src/divider_32_20.v:84]
CRITICAL WARNING: [Synth 8-3352] multi-driven net quotient[26] with 2nd driver pin 'GND' [/home/lsriw/sr/SynowiecKacper/kacper_git2/SystemyRekonfigurowalne/hdmi_vga_zybo_YCbCr_bin/hdmi_vga_zybo.srcs/sources_1/ip/vp_0_2/src/centroid_0_3/src/centroid.v:97]
CRITICAL WARNING: [Synth 8-3352] multi-driven net quotient[25] with 1st driver pin 'inst/my_centro/inst/x_sc_div/inst/result_reg_reg[25]/Q' [/home/lsriw/sr/SynowiecKacper/kacper_git2/SystemyRekonfigurowalne/hdmi_vga_zybo_YCbCr_bin/hdmi_vga_zybo.srcs/sources_1/ip/vp_0_2/src/centroid_0_3/src/divider_32_20_0/src/divider_32_20.v:84]
CRITICAL WARNING: [Synth 8-3352] multi-driven net quotient[25] with 2nd driver pin 'GND' [/home/lsriw/sr/SynowiecKacper/kacper_git2/SystemyRekonfigurowalne/hdmi_vga_zybo_YCbCr_bin/hdmi_vga_zybo.srcs/sources_1/ip/vp_0_2/src/centroid_0_3/src/centroid.v:97]
CRITICAL WARNING: [Synth 8-3352] multi-driven net quotient[24] with 1st driver pin 'inst/my_centro/inst/x_sc_div/inst/result_reg_reg[24]/Q' [/home/lsriw/sr/SynowiecKacper/kacper_git2/SystemyRekonfigurowalne/hdmi_vga_zybo_YCbCr_bin/hdmi_vga_zybo.srcs/sources_1/ip/vp_0_2/src/centroid_0_3/src/divider_32_20_0/src/divider_32_20.v:84]
CRITICAL WARNING: [Synth 8-3352] multi-driven net quotient[24] with 2nd driver pin 'GND' [/home/lsriw/sr/SynowiecKacper/kacper_git2/SystemyRekonfigurowalne/hdmi_vga_zybo_YCbCr_bin/hdmi_vga_zybo.srcs/sources_1/ip/vp_0_2/src/centroid_0_3/src/centroid.v:97]
CRITICAL WARNING: [Synth 8-3352] multi-driven net quotient[23] with 1st driver pin 'inst/my_centro/inst/x_sc_div/inst/result_reg_reg[23]/Q' [/home/lsriw/sr/SynowiecKacper/kacper_git2/SystemyRekonfigurowalne/hdmi_vga_zybo_YCbCr_bin/hdmi_vga_zybo.srcs/sources_1/ip/vp_0_2/src/centroid_0_3/src/divider_32_20_0/src/divider_32_20.v:84]
CRITICAL WARNING: [Synth 8-3352] multi-driven net quotient[23] with 2nd driver pin 'GND' [/home/lsriw/sr/SynowiecKacper/kacper_git2/SystemyRekonfigurowalne/hdmi_vga_zybo_YCbCr_bin/hdmi_vga_zybo.srcs/sources_1/ip/vp_0_2/src/centroid_0_3/src/centroid.v:97]
CRITICAL WARNING: [Synth 8-3352] multi-driven net quotient[22] with 1st driver pin 'inst/my_centro/inst/x_sc_div/inst/result_reg_reg[22]/Q' [/home/lsriw/sr/SynowiecKacper/kacper_git2/SystemyRekonfigurowalne/hdmi_vga_zybo_YCbCr_bin/hdmi_vga_zybo.srcs/sources_1/ip/vp_0_2/src/centroid_0_3/src/divider_32_20_0/src/divider_32_20.v:84]
CRITICAL WARNING: [Synth 8-3352] multi-driven net quotient[22] with 2nd driver pin 'GND' [/home/lsriw/sr/SynowiecKacper/kacper_git2/SystemyRekonfigurowalne/hdmi_vga_zybo_YCbCr_bin/hdmi_vga_zybo.srcs/sources_1/ip/vp_0_2/src/centroid_0_3/src/centroid.v:97]
CRITICAL WARNING: [Synth 8-3352] multi-driven net quotient[21] with 1st driver pin 'inst/my_centro/inst/x_sc_div/inst/result_reg_reg[21]/Q' [/home/lsriw/sr/SynowiecKacper/kacper_git2/SystemyRekonfigurowalne/hdmi_vga_zybo_YCbCr_bin/hdmi_vga_zybo.srcs/sources_1/ip/vp_0_2/src/centroid_0_3/src/divider_32_20_0/src/divider_32_20.v:84]
CRITICAL WARNING: [Synth 8-3352] multi-driven net quotient[21] with 2nd driver pin 'GND' [/home/lsriw/sr/SynowiecKacper/kacper_git2/SystemyRekonfigurowalne/hdmi_vga_zybo_YCbCr_bin/hdmi_vga_zybo.srcs/sources_1/ip/vp_0_2/src/centroid_0_3/src/centroid.v:97]
CRITICAL WARNING: [Synth 8-3352] multi-driven net quotient[20] with 1st driver pin 'inst/my_centro/inst/x_sc_div/inst/result_reg_reg[20]/Q' [/home/lsriw/sr/SynowiecKacper/kacper_git2/SystemyRekonfigurowalne/hdmi_vga_zybo_YCbCr_bin/hdmi_vga_zybo.srcs/sources_1/ip/vp_0_2/src/centroid_0_3/src/divider_32_20_0/src/divider_32_20.v:84]
CRITICAL WARNING: [Synth 8-3352] multi-driven net quotient[20] with 2nd driver pin 'GND' [/home/lsriw/sr/SynowiecKacper/kacper_git2/SystemyRekonfigurowalne/hdmi_vga_zybo_YCbCr_bin/hdmi_vga_zybo.srcs/sources_1/ip/vp_0_2/src/centroid_0_3/src/centroid.v:97]
CRITICAL WARNING: [Synth 8-3352] multi-driven net quotient[19] with 1st driver pin 'inst/my_centro/inst/x_sc_div/inst/result_reg_reg[19]/Q' [/home/lsriw/sr/SynowiecKacper/kacper_git2/SystemyRekonfigurowalne/hdmi_vga_zybo_YCbCr_bin/hdmi_vga_zybo.srcs/sources_1/ip/vp_0_2/src/centroid_0_3/src/divider_32_20_0/src/divider_32_20.v:84]
CRITICAL WARNING: [Synth 8-3352] multi-driven net quotient[19] with 2nd driver pin 'GND' [/home/lsriw/sr/SynowiecKacper/kacper_git2/SystemyRekonfigurowalne/hdmi_vga_zybo_YCbCr_bin/hdmi_vga_zybo.srcs/sources_1/ip/vp_0_2/src/centroid_0_3/src/centroid.v:97]
CRITICAL WARNING: [Synth 8-3352] multi-driven net quotient[18] with 1st driver pin 'inst/my_centro/inst/x_sc_div/inst/result_reg_reg[18]/Q' [/home/lsriw/sr/SynowiecKacper/kacper_git2/SystemyRekonfigurowalne/hdmi_vga_zybo_YCbCr_bin/hdmi_vga_zybo.srcs/sources_1/ip/vp_0_2/src/centroid_0_3/src/divider_32_20_0/src/divider_32_20.v:84]
CRITICAL WARNING: [Synth 8-3352] multi-driven net quotient[18] with 2nd driver pin 'GND' [/home/lsriw/sr/SynowiecKacper/kacper_git2/SystemyRekonfigurowalne/hdmi_vga_zybo_YCbCr_bin/hdmi_vga_zybo.srcs/sources_1/ip/vp_0_2/src/centroid_0_3/src/centroid.v:97]
CRITICAL WARNING: [Synth 8-3352] multi-driven net quotient[17] with 1st driver pin 'inst/my_centro/inst/x_sc_div/inst/result_reg_reg[17]/Q' [/home/lsriw/sr/SynowiecKacper/kacper_git2/SystemyRekonfigurowalne/hdmi_vga_zybo_YCbCr_bin/hdmi_vga_zybo.srcs/sources_1/ip/vp_0_2/src/centroid_0_3/src/divider_32_20_0/src/divider_32_20.v:84]
CRITICAL WARNING: [Synth 8-3352] multi-driven net quotient[17] with 2nd driver pin 'GND' [/home/lsriw/sr/SynowiecKacper/kacper_git2/SystemyRekonfigurowalne/hdmi_vga_zybo_YCbCr_bin/hdmi_vga_zybo.srcs/sources_1/ip/vp_0_2/src/centroid_0_3/src/centroid.v:97]
CRITICAL WARNING: [Synth 8-3352] multi-driven net quotient[16] with 1st driver pin 'inst/my_centro/inst/x_sc_div/inst/result_reg_reg[16]/Q' [/home/lsriw/sr/SynowiecKacper/kacper_git2/SystemyRekonfigurowalne/hdmi_vga_zybo_YCbCr_bin/hdmi_vga_zybo.srcs/sources_1/ip/vp_0_2/src/centroid_0_3/src/divider_32_20_0/src/divider_32_20.v:84]
CRITICAL WARNING: [Synth 8-3352] multi-driven net quotient[16] with 2nd driver pin 'GND' [/home/lsriw/sr/SynowiecKacper/kacper_git2/SystemyRekonfigurowalne/hdmi_vga_zybo_YCbCr_bin/hdmi_vga_zybo.srcs/sources_1/ip/vp_0_2/src/centroid_0_3/src/centroid.v:97]
CRITICAL WARNING: [Synth 8-3352] multi-driven net quotient[15] with 1st driver pin 'inst/my_centro/inst/x_sc_div/inst/result_reg_reg[15]/Q' [/home/lsriw/sr/SynowiecKacper/kacper_git2/SystemyRekonfigurowalne/hdmi_vga_zybo_YCbCr_bin/hdmi_vga_zybo.srcs/sources_1/ip/vp_0_2/src/centroid_0_3/src/divider_32_20_0/src/divider_32_20.v:84]
CRITICAL WARNING: [Synth 8-3352] multi-driven net quotient[15] with 2nd driver pin 'GND' [/home/lsriw/sr/SynowiecKacper/kacper_git2/SystemyRekonfigurowalne/hdmi_vga_zybo_YCbCr_bin/hdmi_vga_zybo.srcs/sources_1/ip/vp_0_2/src/centroid_0_3/src/centroid.v:97]
CRITICAL WARNING: [Synth 8-3352] multi-driven net quotient[14] with 1st driver pin 'inst/my_centro/inst/x_sc_div/inst/result_reg_reg[14]/Q' [/home/lsriw/sr/SynowiecKacper/kacper_git2/SystemyRekonfigurowalne/hdmi_vga_zybo_YCbCr_bin/hdmi_vga_zybo.srcs/sources_1/ip/vp_0_2/src/centroid_0_3/src/divider_32_20_0/src/divider_32_20.v:84]
CRITICAL WARNING: [Synth 8-3352] multi-driven net quotient[14] with 2nd driver pin 'GND' [/home/lsriw/sr/SynowiecKacper/kacper_git2/SystemyRekonfigurowalne/hdmi_vga_zybo_YCbCr_bin/hdmi_vga_zybo.srcs/sources_1/ip/vp_0_2/src/centroid_0_3/src/centroid.v:97]
CRITICAL WARNING: [Synth 8-3352] multi-driven net quotient[13] with 1st driver pin 'inst/my_centro/inst/x_sc_div/inst/result_reg_reg[13]/Q' [/home/lsriw/sr/SynowiecKacper/kacper_git2/SystemyRekonfigurowalne/hdmi_vga_zybo_YCbCr_bin/hdmi_vga_zybo.srcs/sources_1/ip/vp_0_2/src/centroid_0_3/src/divider_32_20_0/src/divider_32_20.v:84]
CRITICAL WARNING: [Synth 8-3352] multi-driven net quotient[13] with 2nd driver pin 'GND' [/home/lsriw/sr/SynowiecKacper/kacper_git2/SystemyRekonfigurowalne/hdmi_vga_zybo_YCbCr_bin/hdmi_vga_zybo.srcs/sources_1/ip/vp_0_2/src/centroid_0_3/src/centroid.v:97]
CRITICAL WARNING: [Synth 8-3352] multi-driven net quotient[12] with 1st driver pin 'inst/my_centro/inst/x_sc_div/inst/result_reg_reg[12]/Q' [/home/lsriw/sr/SynowiecKacper/kacper_git2/SystemyRekonfigurowalne/hdmi_vga_zybo_YCbCr_bin/hdmi_vga_zybo.srcs/sources_1/ip/vp_0_2/src/centroid_0_3/src/divider_32_20_0/src/divider_32_20.v:84]
CRITICAL WARNING: [Synth 8-3352] multi-driven net quotient[12] with 2nd driver pin 'GND' [/home/lsriw/sr/SynowiecKacper/kacper_git2/SystemyRekonfigurowalne/hdmi_vga_zybo_YCbCr_bin/hdmi_vga_zybo.srcs/sources_1/ip/vp_0_2/src/centroid_0_3/src/centroid.v:97]
CRITICAL WARNING: [Synth 8-3352] multi-driven net quotient[11] with 1st driver pin 'inst/my_centro/inst/x_sc_div/inst/result_reg_reg[11]/Q' [/home/lsriw/sr/SynowiecKacper/kacper_git2/SystemyRekonfigurowalne/hdmi_vga_zybo_YCbCr_bin/hdmi_vga_zybo.srcs/sources_1/ip/vp_0_2/src/centroid_0_3/src/divider_32_20_0/src/divider_32_20.v:84]
CRITICAL WARNING: [Synth 8-3352] multi-driven net quotient[11] with 2nd driver pin 'GND' [/home/lsriw/sr/SynowiecKacper/kacper_git2/SystemyRekonfigurowalne/hdmi_vga_zybo_YCbCr_bin/hdmi_vga_zybo.srcs/sources_1/ip/vp_0_2/src/centroid_0_3/src/centroid.v:97]
CRITICAL WARNING: [Synth 8-3352] multi-driven net quotient[10] with 1st driver pin 'inst/my_centro/inst/x_sc_div/inst/result_reg_reg[10]/Q' [/home/lsriw/sr/SynowiecKacper/kacper_git2/SystemyRekonfigurowalne/hdmi_vga_zybo_YCbCr_bin/hdmi_vga_zybo.srcs/sources_1/ip/vp_0_2/src/centroid_0_3/src/divider_32_20_0/src/divider_32_20.v:84]
CRITICAL WARNING: [Synth 8-3352] multi-driven net quotient[10] with 2nd driver pin 'GND' [/home/lsriw/sr/SynowiecKacper/kacper_git2/SystemyRekonfigurowalne/hdmi_vga_zybo_YCbCr_bin/hdmi_vga_zybo.srcs/sources_1/ip/vp_0_2/src/centroid_0_3/src/centroid.v:97]
CRITICAL WARNING: [Synth 8-3352] multi-driven net quotient[9] with 1st driver pin 'inst/my_centro/inst/x_sc_div/inst/result_reg_reg[9]/Q' [/home/lsriw/sr/SynowiecKacper/kacper_git2/SystemyRekonfigurowalne/hdmi_vga_zybo_YCbCr_bin/hdmi_vga_zybo.srcs/sources_1/ip/vp_0_2/src/centroid_0_3/src/divider_32_20_0/src/divider_32_20.v:84]
CRITICAL WARNING: [Synth 8-3352] multi-driven net quotient[9] with 2nd driver pin 'GND' [/home/lsriw/sr/SynowiecKacper/kacper_git2/SystemyRekonfigurowalne/hdmi_vga_zybo_YCbCr_bin/hdmi_vga_zybo.srcs/sources_1/ip/vp_0_2/src/centroid_0_3/src/centroid.v:97]
CRITICAL WARNING: [Synth 8-3352] multi-driven net quotient[8] with 1st driver pin 'inst/my_centro/inst/x_sc_div/inst/result_reg_reg[8]/Q' [/home/lsriw/sr/SynowiecKacper/kacper_git2/SystemyRekonfigurowalne/hdmi_vga_zybo_YCbCr_bin/hdmi_vga_zybo.srcs/sources_1/ip/vp_0_2/src/centroid_0_3/src/divider_32_20_0/src/divider_32_20.v:84]
CRITICAL WARNING: [Synth 8-3352] multi-driven net quotient[8] with 2nd driver pin 'GND' [/home/lsriw/sr/SynowiecKacper/kacper_git2/SystemyRekonfigurowalne/hdmi_vga_zybo_YCbCr_bin/hdmi_vga_zybo.srcs/sources_1/ip/vp_0_2/src/centroid_0_3/src/centroid.v:97]
CRITICAL WARNING: [Synth 8-3352] multi-driven net quotient[7] with 1st driver pin 'inst/my_centro/inst/x_sc_div/inst/result_reg_reg[7]/Q' [/home/lsriw/sr/SynowiecKacper/kacper_git2/SystemyRekonfigurowalne/hdmi_vga_zybo_YCbCr_bin/hdmi_vga_zybo.srcs/sources_1/ip/vp_0_2/src/centroid_0_3/src/divider_32_20_0/src/divider_32_20.v:84]
CRITICAL WARNING: [Synth 8-3352] multi-driven net quotient[7] with 2nd driver pin 'GND' [/home/lsriw/sr/SynowiecKacper/kacper_git2/SystemyRekonfigurowalne/hdmi_vga_zybo_YCbCr_bin/hdmi_vga_zybo.srcs/sources_1/ip/vp_0_2/src/centroid_0_3/src/centroid.v:97]
CRITICAL WARNING: [Synth 8-3352] multi-driven net quotient[6] with 1st driver pin 'inst/my_centro/inst/x_sc_div/inst/result_reg_reg[6]/Q' [/home/lsriw/sr/SynowiecKacper/kacper_git2/SystemyRekonfigurowalne/hdmi_vga_zybo_YCbCr_bin/hdmi_vga_zybo.srcs/sources_1/ip/vp_0_2/src/centroid_0_3/src/divider_32_20_0/src/divider_32_20.v:84]
CRITICAL WARNING: [Synth 8-3352] multi-driven net quotient[6] with 2nd driver pin 'GND' [/home/lsriw/sr/SynowiecKacper/kacper_git2/SystemyRekonfigurowalne/hdmi_vga_zybo_YCbCr_bin/hdmi_vga_zybo.srcs/sources_1/ip/vp_0_2/src/centroid_0_3/src/centroid.v:97]
CRITICAL WARNING: [Synth 8-3352] multi-driven net quotient[5] with 1st driver pin 'inst/my_centro/inst/x_sc_div/inst/result_reg_reg[5]/Q' [/home/lsriw/sr/SynowiecKacper/kacper_git2/SystemyRekonfigurowalne/hdmi_vga_zybo_YCbCr_bin/hdmi_vga_zybo.srcs/sources_1/ip/vp_0_2/src/centroid_0_3/src/divider_32_20_0/src/divider_32_20.v:84]
CRITICAL WARNING: [Synth 8-3352] multi-driven net quotient[5] with 2nd driver pin 'GND' [/home/lsriw/sr/SynowiecKacper/kacper_git2/SystemyRekonfigurowalne/hdmi_vga_zybo_YCbCr_bin/hdmi_vga_zybo.srcs/sources_1/ip/vp_0_2/src/centroid_0_3/src/centroid.v:97]
CRITICAL WARNING: [Synth 8-3352] multi-driven net quotient[4] with 1st driver pin 'inst/my_centro/inst/x_sc_div/inst/result_reg_reg[4]/Q' [/home/lsriw/sr/SynowiecKacper/kacper_git2/SystemyRekonfigurowalne/hdmi_vga_zybo_YCbCr_bin/hdmi_vga_zybo.srcs/sources_1/ip/vp_0_2/src/centroid_0_3/src/divider_32_20_0/src/divider_32_20.v:84]
CRITICAL WARNING: [Synth 8-3352] multi-driven net quotient[4] with 2nd driver pin 'GND' [/home/lsriw/sr/SynowiecKacper/kacper_git2/SystemyRekonfigurowalne/hdmi_vga_zybo_YCbCr_bin/hdmi_vga_zybo.srcs/sources_1/ip/vp_0_2/src/centroid_0_3/src/centroid.v:97]
CRITICAL WARNING: [Synth 8-3352] multi-driven net quotient[3] with 1st driver pin 'inst/my_centro/inst/x_sc_div/inst/result_reg_reg[3]/Q' [/home/lsriw/sr/SynowiecKacper/kacper_git2/SystemyRekonfigurowalne/hdmi_vga_zybo_YCbCr_bin/hdmi_vga_zybo.srcs/sources_1/ip/vp_0_2/src/centroid_0_3/src/divider_32_20_0/src/divider_32_20.v:84]
CRITICAL WARNING: [Synth 8-3352] multi-driven net quotient[3] with 2nd driver pin 'GND' [/home/lsriw/sr/SynowiecKacper/kacper_git2/SystemyRekonfigurowalne/hdmi_vga_zybo_YCbCr_bin/hdmi_vga_zybo.srcs/sources_1/ip/vp_0_2/src/centroid_0_3/src/centroid.v:97]
CRITICAL WARNING: [Synth 8-3352] multi-driven net quotient[2] with 1st driver pin 'inst/my_centro/inst/x_sc_div/inst/result_reg_reg[2]/Q' [/home/lsriw/sr/SynowiecKacper/kacper_git2/SystemyRekonfigurowalne/hdmi_vga_zybo_YCbCr_bin/hdmi_vga_zybo.srcs/sources_1/ip/vp_0_2/src/centroid_0_3/src/divider_32_20_0/src/divider_32_20.v:84]
CRITICAL WARNING: [Synth 8-3352] multi-driven net quotient[2] with 2nd driver pin 'GND' [/home/lsriw/sr/SynowiecKacper/kacper_git2/SystemyRekonfigurowalne/hdmi_vga_zybo_YCbCr_bin/hdmi_vga_zybo.srcs/sources_1/ip/vp_0_2/src/centroid_0_3/src/centroid.v:97]
CRITICAL WARNING: [Synth 8-3352] multi-driven net quotient[1] with 1st driver pin 'inst/my_centro/inst/x_sc_div/inst/result_reg_reg[1]/Q' [/home/lsriw/sr/SynowiecKacper/kacper_git2/SystemyRekonfigurowalne/hdmi_vga_zybo_YCbCr_bin/hdmi_vga_zybo.srcs/sources_1/ip/vp_0_2/src/centroid_0_3/src/divider_32_20_0/src/divider_32_20.v:84]
CRITICAL WARNING: [Synth 8-3352] multi-driven net quotient[1] with 2nd driver pin 'GND' [/home/lsriw/sr/SynowiecKacper/kacper_git2/SystemyRekonfigurowalne/hdmi_vga_zybo_YCbCr_bin/hdmi_vga_zybo.srcs/sources_1/ip/vp_0_2/src/centroid_0_3/src/centroid.v:97]
CRITICAL WARNING: [Synth 8-3352] multi-driven net quotient[0] with 1st driver pin 'inst/my_centro/inst/x_sc_div/inst/result_reg_reg[0]/Q' [/home/lsriw/sr/SynowiecKacper/kacper_git2/SystemyRekonfigurowalne/hdmi_vga_zybo_YCbCr_bin/hdmi_vga_zybo.srcs/sources_1/ip/vp_0_2/src/centroid_0_3/src/divider_32_20_0/src/divider_32_20.v:84]
CRITICAL WARNING: [Synth 8-3352] multi-driven net quotient[0] with 2nd driver pin 'GND' [/home/lsriw/sr/SynowiecKacper/kacper_git2/SystemyRekonfigurowalne/hdmi_vga_zybo_YCbCr_bin/hdmi_vga_zybo.srcs/sources_1/ip/vp_0_2/src/centroid_0_3/src/centroid.v:97]
CRITICAL WARNING: [Synth 8-3352] multi-driven net quotient[31] with 1st driver pin 'inst/my_centro/inst/y_sc_div/inst/result_reg_reg[31]/Q' [/home/lsriw/sr/SynowiecKacper/kacper_git2/SystemyRekonfigurowalne/hdmi_vga_zybo_YCbCr_bin/hdmi_vga_zybo.srcs/sources_1/ip/vp_0_2/src/centroid_0_3/src/divider_32_20_0/src/divider_32_20.v:84]
CRITICAL WARNING: [Synth 8-3352] multi-driven net quotient[31] with 2nd driver pin 'GND' [/home/lsriw/sr/SynowiecKacper/kacper_git2/SystemyRekonfigurowalne/hdmi_vga_zybo_YCbCr_bin/hdmi_vga_zybo.srcs/sources_1/ip/vp_0_2/src/centroid_0_3/src/centroid.v:106]
CRITICAL WARNING: [Synth 8-3352] multi-driven net quotient[30] with 1st driver pin 'inst/my_centro/inst/y_sc_div/inst/result_reg_reg[30]/Q' [/home/lsriw/sr/SynowiecKacper/kacper_git2/SystemyRekonfigurowalne/hdmi_vga_zybo_YCbCr_bin/hdmi_vga_zybo.srcs/sources_1/ip/vp_0_2/src/centroid_0_3/src/divider_32_20_0/src/divider_32_20.v:84]
CRITICAL WARNING: [Synth 8-3352] multi-driven net quotient[30] with 2nd driver pin 'GND' [/home/lsriw/sr/SynowiecKacper/kacper_git2/SystemyRekonfigurowalne/hdmi_vga_zybo_YCbCr_bin/hdmi_vga_zybo.srcs/sources_1/ip/vp_0_2/src/centroid_0_3/src/centroid.v:106]
CRITICAL WARNING: [Synth 8-3352] multi-driven net quotient[29] with 1st driver pin 'inst/my_centro/inst/y_sc_div/inst/result_reg_reg[29]/Q' [/home/lsriw/sr/SynowiecKacper/kacper_git2/SystemyRekonfigurowalne/hdmi_vga_zybo_YCbCr_bin/hdmi_vga_zybo.srcs/sources_1/ip/vp_0_2/src/centroid_0_3/src/divider_32_20_0/src/divider_32_20.v:84]
CRITICAL WARNING: [Synth 8-3352] multi-driven net quotient[29] with 2nd driver pin 'GND' [/home/lsriw/sr/SynowiecKacper/kacper_git2/SystemyRekonfigurowalne/hdmi_vga_zybo_YCbCr_bin/hdmi_vga_zybo.srcs/sources_1/ip/vp_0_2/src/centroid_0_3/src/centroid.v:106]
CRITICAL WARNING: [Synth 8-3352] multi-driven net quotient[28] with 1st driver pin 'inst/my_centro/inst/y_sc_div/inst/result_reg_reg[28]/Q' [/home/lsriw/sr/SynowiecKacper/kacper_git2/SystemyRekonfigurowalne/hdmi_vga_zybo_YCbCr_bin/hdmi_vga_zybo.srcs/sources_1/ip/vp_0_2/src/centroid_0_3/src/divider_32_20_0/src/divider_32_20.v:84]
CRITICAL WARNING: [Synth 8-3352] multi-driven net quotient[28] with 2nd driver pin 'GND' [/home/lsriw/sr/SynowiecKacper/kacper_git2/SystemyRekonfigurowalne/hdmi_vga_zybo_YCbCr_bin/hdmi_vga_zybo.srcs/sources_1/ip/vp_0_2/src/centroid_0_3/src/centroid.v:106]
CRITICAL WARNING: [Synth 8-3352] multi-driven net quotient[27] with 1st driver pin 'inst/my_centro/inst/y_sc_div/inst/result_reg_reg[27]/Q' [/home/lsriw/sr/SynowiecKacper/kacper_git2/SystemyRekonfigurowalne/hdmi_vga_zybo_YCbCr_bin/hdmi_vga_zybo.srcs/sources_1/ip/vp_0_2/src/centroid_0_3/src/divider_32_20_0/src/divider_32_20.v:84]
CRITICAL WARNING: [Synth 8-3352] multi-driven net quotient[27] with 2nd driver pin 'GND' [/home/lsriw/sr/SynowiecKacper/kacper_git2/SystemyRekonfigurowalne/hdmi_vga_zybo_YCbCr_bin/hdmi_vga_zybo.srcs/sources_1/ip/vp_0_2/src/centroid_0_3/src/centroid.v:106]
CRITICAL WARNING: [Synth 8-3352] multi-driven net quotient[26] with 1st driver pin 'inst/my_centro/inst/y_sc_div/inst/result_reg_reg[26]/Q' [/home/lsriw/sr/SynowiecKacper/kacper_git2/SystemyRekonfigurowalne/hdmi_vga_zybo_YCbCr_bin/hdmi_vga_zybo.srcs/sources_1/ip/vp_0_2/src/centroid_0_3/src/divider_32_20_0/src/divider_32_20.v:84]
CRITICAL WARNING: [Synth 8-3352] multi-driven net quotient[26] with 2nd driver pin 'GND' [/home/lsriw/sr/SynowiecKacper/kacper_git2/SystemyRekonfigurowalne/hdmi_vga_zybo_YCbCr_bin/hdmi_vga_zybo.srcs/sources_1/ip/vp_0_2/src/centroid_0_3/src/centroid.v:106]
CRITICAL WARNING: [Synth 8-3352] multi-driven net quotient[25] with 1st driver pin 'inst/my_centro/inst/y_sc_div/inst/result_reg_reg[25]/Q' [/home/lsriw/sr/SynowiecKacper/kacper_git2/SystemyRekonfigurowalne/hdmi_vga_zybo_YCbCr_bin/hdmi_vga_zybo.srcs/sources_1/ip/vp_0_2/src/centroid_0_3/src/divider_32_20_0/src/divider_32_20.v:84]
CRITICAL WARNING: [Synth 8-3352] multi-driven net quotient[25] with 2nd driver pin 'GND' [/home/lsriw/sr/SynowiecKacper/kacper_git2/SystemyRekonfigurowalne/hdmi_vga_zybo_YCbCr_bin/hdmi_vga_zybo.srcs/sources_1/ip/vp_0_2/src/centroid_0_3/src/centroid.v:106]
CRITICAL WARNING: [Synth 8-3352] multi-driven net quotient[24] with 1st driver pin 'inst/my_centro/inst/y_sc_div/inst/result_reg_reg[24]/Q' [/home/lsriw/sr/SynowiecKacper/kacper_git2/SystemyRekonfigurowalne/hdmi_vga_zybo_YCbCr_bin/hdmi_vga_zybo.srcs/sources_1/ip/vp_0_2/src/centroid_0_3/src/divider_32_20_0/src/divider_32_20.v:84]
CRITICAL WARNING: [Synth 8-3352] multi-driven net quotient[24] with 2nd driver pin 'GND' [/home/lsriw/sr/SynowiecKacper/kacper_git2/SystemyRekonfigurowalne/hdmi_vga_zybo_YCbCr_bin/hdmi_vga_zybo.srcs/sources_1/ip/vp_0_2/src/centroid_0_3/src/centroid.v:106]
CRITICAL WARNING: [Synth 8-3352] multi-driven net quotient[23] with 1st driver pin 'inst/my_centro/inst/y_sc_div/inst/result_reg_reg[23]/Q' [/home/lsriw/sr/SynowiecKacper/kacper_git2/SystemyRekonfigurowalne/hdmi_vga_zybo_YCbCr_bin/hdmi_vga_zybo.srcs/sources_1/ip/vp_0_2/src/centroid_0_3/src/divider_32_20_0/src/divider_32_20.v:84]
CRITICAL WARNING: [Synth 8-3352] multi-driven net quotient[23] with 2nd driver pin 'GND' [/home/lsriw/sr/SynowiecKacper/kacper_git2/SystemyRekonfigurowalne/hdmi_vga_zybo_YCbCr_bin/hdmi_vga_zybo.srcs/sources_1/ip/vp_0_2/src/centroid_0_3/src/centroid.v:106]
CRITICAL WARNING: [Synth 8-3352] multi-driven net quotient[22] with 1st driver pin 'inst/my_centro/inst/y_sc_div/inst/result_reg_reg[22]/Q' [/home/lsriw/sr/SynowiecKacper/kacper_git2/SystemyRekonfigurowalne/hdmi_vga_zybo_YCbCr_bin/hdmi_vga_zybo.srcs/sources_1/ip/vp_0_2/src/centroid_0_3/src/divider_32_20_0/src/divider_32_20.v:84]
CRITICAL WARNING: [Synth 8-3352] multi-driven net quotient[22] with 2nd driver pin 'GND' [/home/lsriw/sr/SynowiecKacper/kacper_git2/SystemyRekonfigurowalne/hdmi_vga_zybo_YCbCr_bin/hdmi_vga_zybo.srcs/sources_1/ip/vp_0_2/src/centroid_0_3/src/centroid.v:106]
CRITICAL WARNING: [Synth 8-3352] multi-driven net quotient[21] with 1st driver pin 'inst/my_centro/inst/y_sc_div/inst/result_reg_reg[21]/Q' [/home/lsriw/sr/SynowiecKacper/kacper_git2/SystemyRekonfigurowalne/hdmi_vga_zybo_YCbCr_bin/hdmi_vga_zybo.srcs/sources_1/ip/vp_0_2/src/centroid_0_3/src/divider_32_20_0/src/divider_32_20.v:84]
CRITICAL WARNING: [Synth 8-3352] multi-driven net quotient[21] with 2nd driver pin 'GND' [/home/lsriw/sr/SynowiecKacper/kacper_git2/SystemyRekonfigurowalne/hdmi_vga_zybo_YCbCr_bin/hdmi_vga_zybo.srcs/sources_1/ip/vp_0_2/src/centroid_0_3/src/centroid.v:106]
CRITICAL WARNING: [Synth 8-3352] multi-driven net quotient[20] with 1st driver pin 'inst/my_centro/inst/y_sc_div/inst/result_reg_reg[20]/Q' [/home/lsriw/sr/SynowiecKacper/kacper_git2/SystemyRekonfigurowalne/hdmi_vga_zybo_YCbCr_bin/hdmi_vga_zybo.srcs/sources_1/ip/vp_0_2/src/centroid_0_3/src/divider_32_20_0/src/divider_32_20.v:84]
CRITICAL WARNING: [Synth 8-3352] multi-driven net quotient[20] with 2nd driver pin 'GND' [/home/lsriw/sr/SynowiecKacper/kacper_git2/SystemyRekonfigurowalne/hdmi_vga_zybo_YCbCr_bin/hdmi_vga_zybo.srcs/sources_1/ip/vp_0_2/src/centroid_0_3/src/centroid.v:106]
CRITICAL WARNING: [Synth 8-3352] multi-driven net quotient[19] with 1st driver pin 'inst/my_centro/inst/y_sc_div/inst/result_reg_reg[19]/Q' [/home/lsriw/sr/SynowiecKacper/kacper_git2/SystemyRekonfigurowalne/hdmi_vga_zybo_YCbCr_bin/hdmi_vga_zybo.srcs/sources_1/ip/vp_0_2/src/centroid_0_3/src/divider_32_20_0/src/divider_32_20.v:84]
CRITICAL WARNING: [Synth 8-3352] multi-driven net quotient[19] with 2nd driver pin 'GND' [/home/lsriw/sr/SynowiecKacper/kacper_git2/SystemyRekonfigurowalne/hdmi_vga_zybo_YCbCr_bin/hdmi_vga_zybo.srcs/sources_1/ip/vp_0_2/src/centroid_0_3/src/centroid.v:106]
CRITICAL WARNING: [Synth 8-3352] multi-driven net quotient[18] with 1st driver pin 'inst/my_centro/inst/y_sc_div/inst/result_reg_reg[18]/Q' [/home/lsriw/sr/SynowiecKacper/kacper_git2/SystemyRekonfigurowalne/hdmi_vga_zybo_YCbCr_bin/hdmi_vga_zybo.srcs/sources_1/ip/vp_0_2/src/centroid_0_3/src/divider_32_20_0/src/divider_32_20.v:84]
CRITICAL WARNING: [Synth 8-3352] multi-driven net quotient[18] with 2nd driver pin 'GND' [/home/lsriw/sr/SynowiecKacper/kacper_git2/SystemyRekonfigurowalne/hdmi_vga_zybo_YCbCr_bin/hdmi_vga_zybo.srcs/sources_1/ip/vp_0_2/src/centroid_0_3/src/centroid.v:106]
CRITICAL WARNING: [Synth 8-3352] multi-driven net quotient[17] with 1st driver pin 'inst/my_centro/inst/y_sc_div/inst/result_reg_reg[17]/Q' [/home/lsriw/sr/SynowiecKacper/kacper_git2/SystemyRekonfigurowalne/hdmi_vga_zybo_YCbCr_bin/hdmi_vga_zybo.srcs/sources_1/ip/vp_0_2/src/centroid_0_3/src/divider_32_20_0/src/divider_32_20.v:84]
CRITICAL WARNING: [Synth 8-3352] multi-driven net quotient[17] with 2nd driver pin 'GND' [/home/lsriw/sr/SynowiecKacper/kacper_git2/SystemyRekonfigurowalne/hdmi_vga_zybo_YCbCr_bin/hdmi_vga_zybo.srcs/sources_1/ip/vp_0_2/src/centroid_0_3/src/centroid.v:106]
CRITICAL WARNING: [Synth 8-3352] multi-driven net quotient[16] with 1st driver pin 'inst/my_centro/inst/y_sc_div/inst/result_reg_reg[16]/Q' [/home/lsriw/sr/SynowiecKacper/kacper_git2/SystemyRekonfigurowalne/hdmi_vga_zybo_YCbCr_bin/hdmi_vga_zybo.srcs/sources_1/ip/vp_0_2/src/centroid_0_3/src/divider_32_20_0/src/divider_32_20.v:84]
CRITICAL WARNING: [Synth 8-3352] multi-driven net quotient[16] with 2nd driver pin 'GND' [/home/lsriw/sr/SynowiecKacper/kacper_git2/SystemyRekonfigurowalne/hdmi_vga_zybo_YCbCr_bin/hdmi_vga_zybo.srcs/sources_1/ip/vp_0_2/src/centroid_0_3/src/centroid.v:106]
CRITICAL WARNING: [Synth 8-3352] multi-driven net quotient[15] with 1st driver pin 'inst/my_centro/inst/y_sc_div/inst/result_reg_reg[15]/Q' [/home/lsriw/sr/SynowiecKacper/kacper_git2/SystemyRekonfigurowalne/hdmi_vga_zybo_YCbCr_bin/hdmi_vga_zybo.srcs/sources_1/ip/vp_0_2/src/centroid_0_3/src/divider_32_20_0/src/divider_32_20.v:84]
CRITICAL WARNING: [Synth 8-3352] multi-driven net quotient[15] with 2nd driver pin 'GND' [/home/lsriw/sr/SynowiecKacper/kacper_git2/SystemyRekonfigurowalne/hdmi_vga_zybo_YCbCr_bin/hdmi_vga_zybo.srcs/sources_1/ip/vp_0_2/src/centroid_0_3/src/centroid.v:106]
CRITICAL WARNING: [Synth 8-3352] multi-driven net quotient[14] with 1st driver pin 'inst/my_centro/inst/y_sc_div/inst/result_reg_reg[14]/Q' [/home/lsriw/sr/SynowiecKacper/kacper_git2/SystemyRekonfigurowalne/hdmi_vga_zybo_YCbCr_bin/hdmi_vga_zybo.srcs/sources_1/ip/vp_0_2/src/centroid_0_3/src/divider_32_20_0/src/divider_32_20.v:84]
CRITICAL WARNING: [Synth 8-3352] multi-driven net quotient[14] with 2nd driver pin 'GND' [/home/lsriw/sr/SynowiecKacper/kacper_git2/SystemyRekonfigurowalne/hdmi_vga_zybo_YCbCr_bin/hdmi_vga_zybo.srcs/sources_1/ip/vp_0_2/src/centroid_0_3/src/centroid.v:106]
INFO: [Common 17-14] Message 'Synth 8-3352' appears 100 times and further instances of the messages will be disabled. Use the Tcl command set_msg_config to change the current settings.

Report Check Netlist: 
+------+------------------+-------+---------+-------+------------------+
|      |Item              |Errors |Warnings |Status |Description       |
+------+------------------+-------+---------+-------+------------------+
|1     |multi_driven_nets |      0|       64|Failed |Multi driven nets |
+------+------------------+-------+---------+-------+------------------+
---------------------------------------------------------------------------------
Start Renaming Generated Instances
---------------------------------------------------------------------------------
---------------------------------------------------------------------------------
Finished Renaming Generated Instances : Time (s): cpu = 00:00:42 ; elapsed = 00:01:08 . Memory (MB): peak = 1733.574 ; gain = 503.035 ; free physical = 3294 ; free virtual = 21487
---------------------------------------------------------------------------------

Report RTL Partitions: 
+-+--------------+------------+----------+
| |RTL Partition |Replication |Instances |
+-+--------------+------------+----------+
+-+--------------+------------+----------+
---------------------------------------------------------------------------------
Start Rebuilding User Hierarchy
---------------------------------------------------------------------------------
---------------------------------------------------------------------------------
Finished Rebuilding User Hierarchy : Time (s): cpu = 00:00:42 ; elapsed = 00:01:08 . Memory (MB): peak = 1733.574 ; gain = 503.035 ; free physical = 3295 ; free virtual = 21488
---------------------------------------------------------------------------------
---------------------------------------------------------------------------------
Start Renaming Generated Ports
---------------------------------------------------------------------------------
---------------------------------------------------------------------------------
Finished Renaming Generated Ports : Time (s): cpu = 00:00:42 ; elapsed = 00:01:08 . Memory (MB): peak = 1733.574 ; gain = 503.035 ; free physical = 3295 ; free virtual = 21488
---------------------------------------------------------------------------------
---------------------------------------------------------------------------------
Start Handling Custom Attributes
---------------------------------------------------------------------------------
---------------------------------------------------------------------------------
Finished Handling Custom Attributes : Time (s): cpu = 00:00:42 ; elapsed = 00:01:08 . Memory (MB): peak = 1733.574 ; gain = 503.035 ; free physical = 3295 ; free virtual = 21488
---------------------------------------------------------------------------------
---------------------------------------------------------------------------------
Start Renaming Generated Nets
---------------------------------------------------------------------------------
---------------------------------------------------------------------------------
Finished Renaming Generated Nets : Time (s): cpu = 00:00:42 ; elapsed = 00:01:08 . Memory (MB): peak = 1733.574 ; gain = 503.035 ; free physical = 3295 ; free virtual = 21488
---------------------------------------------------------------------------------
---------------------------------------------------------------------------------
Start Writing Synthesis Report
---------------------------------------------------------------------------------

Report BlackBoxes: 
+-+--------------+----------+
| |BlackBox name |Instances |
+-+--------------+----------+
+-+--------------+----------+

Report Cell Usage: 
+------+----------+------+
|      |Cell      |Count |
+------+----------+------+
|1     |CARRY4    |    19|
|2     |DSP48E1   |     9|
|3     |DSP48E1_1 |     2|
|4     |DSP48E1_2 |     2|
|5     |DSP48E1_3 |     2|
|6     |LUT1      |     6|
|7     |LUT2      |   134|
|8     |LUT3      |    17|
|9     |LUT4      |    91|
|10    |LUT5      |    20|
|11    |LUT6      |   112|
|12    |MUXCY     |    64|
|13    |SRL16E    |     3|
|14    |XORCY     |    72|
|15    |FDRE      |   489|
|16    |FDSE      |    10|
+------+----------+------+
---------------------------------------------------------------------------------
Finished Writing Synthesis Report : Time (s): cpu = 00:00:42 ; elapsed = 00:01:08 . Memory (MB): peak = 1733.574 ; gain = 503.035 ; free physical = 3295 ; free virtual = 21488
---------------------------------------------------------------------------------
Synthesis finished with 0 errors, 128 critical warnings and 31 warnings.
Synthesis Optimization Runtime : Time (s): cpu = 00:00:32 ; elapsed = 00:00:40 . Memory (MB): peak = 1733.574 ; gain = 233.551 ; free physical = 3360 ; free virtual = 21553
Synthesis Optimization Complete : Time (s): cpu = 00:00:42 ; elapsed = 00:01:08 . Memory (MB): peak = 1733.582 ; gain = 503.035 ; free physical = 3365 ; free virtual = 21558
INFO: [Project 1-571] Translating synthesized netlist
INFO: [Netlist 29-17] Analyzing 170 Unisim elements for replacement
INFO: [Netlist 29-28] Unisim Transformation completed in 0 CPU seconds
INFO: [Project 1-570] Preparing netlist for logic optimization
INFO: [Opt 31-138] Pushed 0 inverter(s) to 0 load pin(s).
INFO: [Project 1-111] Unisim Transformation Summary:
  A total of 24 instances were transformed.
  (MUXCY,XORCY) => CARRY4: 24 instances

INFO: [Common 17-83] Releasing license: Synthesis
131 Infos, 129 Warnings, 102 Critical Warnings and 0 Errors encountered.
synth_design completed successfully
synth_design: Time (s): cpu = 00:00:44 ; elapsed = 00:01:10 . Memory (MB): peak = 1765.590 ; gain = 559.879 ; free physical = 3363 ; free virtual = 21556
INFO: [Common 17-1381] The checkpoint '/home/lsriw/sr/SynowiecKacper/kacper_git2/SystemyRekonfigurowalne/hdmi_vga_zybo_YCbCr_bin/hdmi_vga_zybo.runs/vp_0_synth_1/vp_0.dcp' has been generated.
