
*** Running vivado
    with args -log ycbcr2bin_0.vds -m64 -product Vivado -mode batch -messageDb vivado.pb -notrace -source ycbcr2bin_0.tcl


****** Vivado v2017.4 (64-bit)
  **** SW Build 2086221 on Fri Dec 15 20:54:30 MST 2017
  **** IP Build 2085800 on Fri Dec 15 22:25:07 MST 2017
    ** Copyright 1986-2017 Xilinx, Inc. All Rights Reserved.

source ycbcr2bin_0.tcl -notrace
Command: synth_design -top ycbcr2bin_0 -part xc7z010clg400-1 -mode out_of_context
Starting synth_design
Attempting to get a license for feature 'Synthesis' and/or device 'xc7z010'
INFO: [Common 17-349] Got license for feature 'Synthesis' and/or device 'xc7z010'
INFO: Launching helper process for spawning children vivado processes
INFO: Helper process launched with PID 10163 
---------------------------------------------------------------------------------
Starting RTL Elaboration : Time (s): cpu = 00:00:08 ; elapsed = 00:00:08 . Memory (MB): peak = 1262.309 ; gain = 80.000 ; free physical = 892 ; free virtual = 7506
---------------------------------------------------------------------------------
INFO: [Synth 8-638] synthesizing module 'ycbcr2bin_0' [/home/kacper/SystemyRekonfigurowalne/hdmi_vga_zybo_YCbCr_bin/hdmi_vga_zybo.srcs/sources_1/ip/ycbcr2bin_0/synth/ycbcr2bin_0.v:56]
INFO: [Synth 8-638] synthesizing module 'ycbcr2bin' [/home/kacper/SystemyRekonfigurowalne/hdmi_vga_zybo_YCbCr_bin/hdmi_vga_zybo.srcs/sources_1/ip/ycbcr2bin_0/src/ycbcr2bin.v:23]
	Parameter Ta bound to: 0 - type: integer 
	Parameter Tb bound to: 115 - type: integer 
	Parameter Tc bound to: 145 - type: integer 
	Parameter Td bound to: 170 - type: integer 
INFO: [Synth 8-256] done synthesizing module 'ycbcr2bin' (1#1) [/home/kacper/SystemyRekonfigurowalne/hdmi_vga_zybo_YCbCr_bin/hdmi_vga_zybo.srcs/sources_1/ip/ycbcr2bin_0/src/ycbcr2bin.v:23]
INFO: [Synth 8-256] done synthesizing module 'ycbcr2bin_0' (2#1) [/home/kacper/SystemyRekonfigurowalne/hdmi_vga_zybo_YCbCr_bin/hdmi_vga_zybo.srcs/sources_1/ip/ycbcr2bin_0/synth/ycbcr2bin_0.v:56]
WARNING: [Synth 8-3331] design ycbcr2bin has unconnected port pixel_in[23]
WARNING: [Synth 8-3331] design ycbcr2bin has unconnected port pixel_in[22]
WARNING: [Synth 8-3331] design ycbcr2bin has unconnected port pixel_in[21]
WARNING: [Synth 8-3331] design ycbcr2bin has unconnected port pixel_in[20]
WARNING: [Synth 8-3331] design ycbcr2bin has unconnected port pixel_in[19]
WARNING: [Synth 8-3331] design ycbcr2bin has unconnected port pixel_in[18]
WARNING: [Synth 8-3331] design ycbcr2bin has unconnected port pixel_in[17]
WARNING: [Synth 8-3331] design ycbcr2bin has unconnected port pixel_in[16]
---------------------------------------------------------------------------------
Finished RTL Elaboration : Time (s): cpu = 00:00:08 ; elapsed = 00:00:09 . Memory (MB): peak = 1303.840 ; gain = 121.531 ; free physical = 875 ; free virtual = 7489
---------------------------------------------------------------------------------

Report Check Netlist: 
+------+------------------+-------+---------+-------+------------------+
|      |Item              |Errors |Warnings |Status |Description       |
+------+------------------+-------+---------+-------+------------------+
|1     |multi_driven_nets |      0|        0|Passed |Multi driven nets |
+------+------------------+-------+---------+-------+------------------+
---------------------------------------------------------------------------------
Finished RTL Optimization Phase 1 : Time (s): cpu = 00:00:08 ; elapsed = 00:00:09 . Memory (MB): peak = 1303.840 ; gain = 121.531 ; free physical = 873 ; free virtual = 7488
---------------------------------------------------------------------------------
INFO: [Device 21-403] Loading part xc7z010clg400-1
INFO: [Project 1-570] Preparing netlist for logic optimization

Processing XDC Constraints
Initializing timing engine
Completed Processing XDC Constraints

INFO: [Project 1-111] Unisim Transformation Summary:
No Unisim elements were transformed.

Constraint Validation Runtime : Time (s): cpu = 00:00:00 ; elapsed = 00:00:00 . Memory (MB): peak = 1569.480 ; gain = 0.000 ; free physical = 682 ; free virtual = 7264
---------------------------------------------------------------------------------
Finished Constraint Validation : Time (s): cpu = 00:00:25 ; elapsed = 00:00:38 . Memory (MB): peak = 1569.480 ; gain = 387.172 ; free physical = 1382 ; free virtual = 7967
---------------------------------------------------------------------------------
---------------------------------------------------------------------------------
Start Loading Part and Timing Information
---------------------------------------------------------------------------------
Loading part: xc7z010clg400-1
---------------------------------------------------------------------------------
Finished Loading Part and Timing Information : Time (s): cpu = 00:00:25 ; elapsed = 00:00:38 . Memory (MB): peak = 1569.480 ; gain = 387.172 ; free physical = 1382 ; free virtual = 7967
---------------------------------------------------------------------------------
---------------------------------------------------------------------------------
Start Applying 'set_property' XDC Constraints
---------------------------------------------------------------------------------
---------------------------------------------------------------------------------
Finished applying 'set_property' XDC Constraints : Time (s): cpu = 00:00:25 ; elapsed = 00:00:38 . Memory (MB): peak = 1569.480 ; gain = 387.172 ; free physical = 1384 ; free virtual = 7969
---------------------------------------------------------------------------------
---------------------------------------------------------------------------------
Finished RTL Optimization Phase 2 : Time (s): cpu = 00:00:25 ; elapsed = 00:00:38 . Memory (MB): peak = 1569.480 ; gain = 387.172 ; free physical = 1374 ; free virtual = 7958
---------------------------------------------------------------------------------

Report RTL Partitions: 
+-+--------------+------------+----------+
| |RTL Partition |Replication |Instances |
+-+--------------+------------+----------+
+-+--------------+------------+----------+
---------------------------------------------------------------------------------
Start RTL Component Statistics 
---------------------------------------------------------------------------------
Detailed RTL Component Info : 
---------------------------------------------------------------------------------
Finished RTL Component Statistics 
---------------------------------------------------------------------------------
---------------------------------------------------------------------------------
Start RTL Hierarchical Component Statistics 
---------------------------------------------------------------------------------
Hierarchical RTL Component report 
---------------------------------------------------------------------------------
Finished RTL Hierarchical Component Statistics
---------------------------------------------------------------------------------
---------------------------------------------------------------------------------
Start Part Resource Summary
---------------------------------------------------------------------------------
Part Resources:
DSPs: 80 (col length:40)
BRAMs: 120 (col length: RAMB18 40 RAMB36 20)
---------------------------------------------------------------------------------
Finished Part Resource Summary
---------------------------------------------------------------------------------
---------------------------------------------------------------------------------
Start Cross Boundary and Area Optimization
---------------------------------------------------------------------------------
WARNING: [Synth 8-3331] design ycbcr2bin_0 has unconnected port pixel_in[23]
WARNING: [Synth 8-3331] design ycbcr2bin_0 has unconnected port pixel_in[22]
WARNING: [Synth 8-3331] design ycbcr2bin_0 has unconnected port pixel_in[21]
WARNING: [Synth 8-3331] design ycbcr2bin_0 has unconnected port pixel_in[20]
WARNING: [Synth 8-3331] design ycbcr2bin_0 has unconnected port pixel_in[19]
WARNING: [Synth 8-3331] design ycbcr2bin_0 has unconnected port pixel_in[18]
WARNING: [Synth 8-3331] design ycbcr2bin_0 has unconnected port pixel_in[17]
WARNING: [Synth 8-3331] design ycbcr2bin_0 has unconnected port pixel_in[16]
---------------------------------------------------------------------------------
Finished Cross Boundary and Area Optimization : Time (s): cpu = 00:00:25 ; elapsed = 00:00:38 . Memory (MB): peak = 1569.480 ; gain = 387.172 ; free physical = 1363 ; free virtual = 7948
---------------------------------------------------------------------------------

Report RTL Partitions: 
+-+--------------+------------+----------+
| |RTL Partition |Replication |Instances |
+-+--------------+------------+----------+
+-+--------------+------------+----------+
---------------------------------------------------------------------------------
Start Applying XDC Timing Constraints
---------------------------------------------------------------------------------
---------------------------------------------------------------------------------
Finished Applying XDC Timing Constraints : Time (s): cpu = 00:00:31 ; elapsed = 00:00:47 . Memory (MB): peak = 1599.480 ; gain = 417.172 ; free physical = 1231 ; free virtual = 7814
---------------------------------------------------------------------------------
---------------------------------------------------------------------------------
Start Timing Optimization
---------------------------------------------------------------------------------
---------------------------------------------------------------------------------
Finished Timing Optimization : Time (s): cpu = 00:00:31 ; elapsed = 00:00:47 . Memory (MB): peak = 1599.480 ; gain = 417.172 ; free physical = 1231 ; free virtual = 7814
---------------------------------------------------------------------------------

Report RTL Partitions: 
+-+--------------+------------+----------+
| |RTL Partition |Replication |Instances |
+-+--------------+------------+----------+
+-+--------------+------------+----------+
---------------------------------------------------------------------------------
Start Technology Mapping
---------------------------------------------------------------------------------
---------------------------------------------------------------------------------
Finished Technology Mapping : Time (s): cpu = 00:00:31 ; elapsed = 00:00:47 . Memory (MB): peak = 1608.496 ; gain = 426.188 ; free physical = 1230 ; free virtual = 7814
---------------------------------------------------------------------------------

Report RTL Partitions: 
+-+--------------+------------+----------+
| |RTL Partition |Replication |Instances |
+-+--------------+------------+----------+
+-+--------------+------------+----------+
---------------------------------------------------------------------------------
Start IO Insertion
---------------------------------------------------------------------------------
---------------------------------------------------------------------------------
Start Flattening Before IO Insertion
---------------------------------------------------------------------------------
---------------------------------------------------------------------------------
Finished Flattening Before IO Insertion
---------------------------------------------------------------------------------
---------------------------------------------------------------------------------
Start Final Netlist Cleanup
---------------------------------------------------------------------------------
---------------------------------------------------------------------------------
Finished Final Netlist Cleanup
---------------------------------------------------------------------------------
---------------------------------------------------------------------------------
Finished IO Insertion : Time (s): cpu = 00:00:32 ; elapsed = 00:00:47 . Memory (MB): peak = 1608.496 ; gain = 426.188 ; free physical = 1230 ; free virtual = 7814
---------------------------------------------------------------------------------

Report Check Netlist: 
+------+------------------+-------+---------+-------+------------------+
|      |Item              |Errors |Warnings |Status |Description       |
+------+------------------+-------+---------+-------+------------------+
|1     |multi_driven_nets |      0|        0|Passed |Multi driven nets |
+------+------------------+-------+---------+-------+------------------+
---------------------------------------------------------------------------------
Start Renaming Generated Instances
---------------------------------------------------------------------------------
---------------------------------------------------------------------------------
Finished Renaming Generated Instances : Time (s): cpu = 00:00:32 ; elapsed = 00:00:47 . Memory (MB): peak = 1608.496 ; gain = 426.188 ; free physical = 1230 ; free virtual = 7814
---------------------------------------------------------------------------------

Report RTL Partitions: 
+-+--------------+------------+----------+
| |RTL Partition |Replication |Instances |
+-+--------------+------------+----------+
+-+--------------+------------+----------+
---------------------------------------------------------------------------------
Start Rebuilding User Hierarchy
---------------------------------------------------------------------------------
---------------------------------------------------------------------------------
Finished Rebuilding User Hierarchy : Time (s): cpu = 00:00:32 ; elapsed = 00:00:47 . Memory (MB): peak = 1608.496 ; gain = 426.188 ; free physical = 1230 ; free virtual = 7814
---------------------------------------------------------------------------------
---------------------------------------------------------------------------------
Start Renaming Generated Ports
---------------------------------------------------------------------------------
---------------------------------------------------------------------------------
Finished Renaming Generated Ports : Time (s): cpu = 00:00:32 ; elapsed = 00:00:47 . Memory (MB): peak = 1608.496 ; gain = 426.188 ; free physical = 1230 ; free virtual = 7814
---------------------------------------------------------------------------------
---------------------------------------------------------------------------------
Start Handling Custom Attributes
---------------------------------------------------------------------------------
---------------------------------------------------------------------------------
Finished Handling Custom Attributes : Time (s): cpu = 00:00:32 ; elapsed = 00:00:47 . Memory (MB): peak = 1608.496 ; gain = 426.188 ; free physical = 1230 ; free virtual = 7814
---------------------------------------------------------------------------------
---------------------------------------------------------------------------------
Start Renaming Generated Nets
---------------------------------------------------------------------------------
---------------------------------------------------------------------------------
Finished Renaming Generated Nets : Time (s): cpu = 00:00:32 ; elapsed = 00:00:47 . Memory (MB): peak = 1608.496 ; gain = 426.188 ; free physical = 1230 ; free virtual = 7814
---------------------------------------------------------------------------------
---------------------------------------------------------------------------------
Start Writing Synthesis Report
---------------------------------------------------------------------------------

Report BlackBoxes: 
+-+--------------+----------+
| |BlackBox name |Instances |
+-+--------------+----------+
+-+--------------+----------+

Report Cell Usage: 
+------+-----+------+
|      |Cell |Count |
+------+-----+------+
|1     |LUT3 |     1|
|2     |LUT4 |     1|
|3     |LUT5 |     2|
|4     |LUT6 |     1|
+------+-----+------+

Report Instance Areas: 
+------+---------+----------+------+
|      |Instance |Module    |Cells |
+------+---------+----------+------+
|1     |top      |          |     5|
|2     |  inst   |ycbcr2bin |     5|
+------+---------+----------+------+
---------------------------------------------------------------------------------
Finished Writing Synthesis Report : Time (s): cpu = 00:00:32 ; elapsed = 00:00:47 . Memory (MB): peak = 1608.496 ; gain = 426.188 ; free physical = 1230 ; free virtual = 7814
---------------------------------------------------------------------------------
Synthesis finished with 0 errors, 0 critical warnings and 8 warnings.
Synthesis Optimization Runtime : Time (s): cpu = 00:00:23 ; elapsed = 00:00:27 . Memory (MB): peak = 1608.496 ; gain = 160.547 ; free physical = 1285 ; free virtual = 7869
Synthesis Optimization Complete : Time (s): cpu = 00:00:32 ; elapsed = 00:00:47 . Memory (MB): peak = 1608.504 ; gain = 426.188 ; free physical = 1285 ; free virtual = 7869
INFO: [Project 1-571] Translating synthesized netlist
INFO: [Project 1-570] Preparing netlist for logic optimization
INFO: [Opt 31-138] Pushed 0 inverter(s) to 0 load pin(s).
INFO: [Project 1-111] Unisim Transformation Summary:
No Unisim elements were transformed.

INFO: [Common 17-83] Releasing license: Synthesis
13 Infos, 16 Warnings, 0 Critical Warnings and 0 Errors encountered.
synth_design completed successfully
synth_design: Time (s): cpu = 00:00:33 ; elapsed = 00:00:48 . Memory (MB): peak = 1614.496 ; gain = 457.012 ; free physical = 1277 ; free virtual = 7861
INFO: [Common 17-1381] The checkpoint '/home/kacper/SystemyRekonfigurowalne/hdmi_vga_zybo_YCbCr_bin/hdmi_vga_zybo.runs/ycbcr2bin_0_synth_1/ycbcr2bin_0.dcp' has been generated.
