Copyright 1986-2017 Xilinx, Inc. All Rights Reserved.
------------------------------------------------------------------------------------
| Tool Version : Vivado v.2017.4 (lin64) Build 2086221 Fri Dec 15 20:54:30 MST 2017
| Date         : Mon May 21 22:10:05 2018
| Host         : kacper-pc running 64-bit Manjaro Linux
| Command      : upgrade_ip
| Device       : xc7z010clg400-1
------------------------------------------------------------------------------------

Upgrade Log for IP 'hdmi_vga_vp_0_0'

1. Summary
----------

SUCCESS in the upgrade of hdmi_vga_vp_0_0 (user.org:user:vp:1.0) from (Rev. 4) to (Rev. 7)






Copyright 1986-2017 Xilinx, Inc. All Rights Reserved.
------------------------------------------------------------------------------------
| Tool Version : Vivado v.2017.4 (lin64) Build 2086221 Fri Dec 15 20:54:30 MST 2017
| Date         : Mon May 21 22:07:39 2018
| Host         : kacper-pc running 64-bit Manjaro Linux
| Command      : upgrade_ip
| Device       : xc7z010clg400-1
------------------------------------------------------------------------------------

Upgrade Log for IP 'vp_0'

1. Summary
----------

SUCCESS in the upgrade of vp_0 (user.org:user:vp:1.0) from (Rev. 6) to (Rev. 7)






Copyright 1986-2017 Xilinx, Inc. All Rights Reserved.
------------------------------------------------------------------------------------
| Tool Version : Vivado v.2017.4 (lin64) Build 2086221 Fri Dec 15 20:54:30 MST 2017
| Date         : Thu May 17 19:40:21 2018
| Host         : kacper-pc running 64-bit Manjaro Linux
| Command      : upgrade_ip
| Device       : xc7z010clg400-1
------------------------------------------------------------------------------------

Upgrade Log for IP 'ycbcr2bin_0'

1. Summary
----------

SUCCESS in the upgrade of ycbcr2bin_0 (user.org:user:ycbcr2bin:1.0) from (Rev. 5) to (Rev. 6)






Copyright 1986-2017 Xilinx, Inc. All Rights Reserved.
------------------------------------------------------------------------------------
| Tool Version : Vivado v.2017.4 (lin64) Build 2086221 Fri Dec 15 20:54:30 MST 2017
| Date         : Thu May 17 19:40:04 2018
| Host         : kacper-pc running 64-bit Manjaro Linux
| Command      : upgrade_ip
| Device       : xc7z010clg400-1
------------------------------------------------------------------------------------

Upgrade Log for IP 'vp_0'

1. Summary
----------

SUCCESS in the conversion of vp_0 (user.org:user:vp:1.0 (Rev. 6)) to Vivado generation flows.






Copyright 1986-2017 Xilinx, Inc. All Rights Reserved.
------------------------------------------------------------------------------------
| Tool Version : Vivado v.2017.4 (lin64) Build 2086221 Fri Dec 15 20:54:30 MST 2017
| Date         : Thu May 17 19:29:07 2018
| Host         : kacper-pc running 64-bit Manjaro Linux
| Command      : upgrade_ip
| Device       : xc7z010clg400-1
------------------------------------------------------------------------------------

Upgrade Log for IP 'ycbcr2bin_0'

1. Summary
----------

SUCCESS in the upgrade of ycbcr2bin_0 (user.org:user:ycbcr2bin:1.0) from (Rev. 4) to (Rev. 5)






Copyright 1986-2017 Xilinx, Inc. All Rights Reserved.
------------------------------------------------------------------------------------
| Tool Version : Vivado v.2017.4 (lin64) Build 2086221 Fri Dec 15 20:54:30 MST 2017
| Date         : Thu May 17 19:28:58 2018
| Host         : kacper-pc running 64-bit Manjaro Linux
| Command      : upgrade_ip
| Device       : xc7z010clg400-1
------------------------------------------------------------------------------------

Upgrade Log for IP 'vp_0'

1. Summary
----------

SUCCESS in the conversion of vp_0 (user.org:user:vp:1.0 (Rev. 6)) to Vivado generation flows.

