Copyright 1986-2017 Xilinx, Inc. All Rights Reserved.
---------------------------------------------------------------------------------------------
| Tool Version : Vivado v.2017.4 (lin64) Build 2086221 Fri Dec 15 20:54:30 MST 2017
| Date         : Sun Jun  3 00:30:02 2018
| Host         : kacper-pc running 64-bit Manjaro Linux
| Command      : report_control_sets -verbose -file hdmi_vga_wrapper_control_sets_placed.rpt
| Design       : hdmi_vga_wrapper
| Device       : xc7z010
---------------------------------------------------------------------------------------------

Control Set Information

Table of Contents
-----------------
1. Summary
2. Flip-Flop Distribution
3. Detailed Control Set Information

1. Summary
----------

+----------------------------------------------------------+-------+
|                          Status                          | Count |
+----------------------------------------------------------+-------+
| Number of unique control sets                            |    50 |
| Unused register locations in slices containing registers |   164 |
+----------------------------------------------------------+-------+


2. Flip-Flop Distribution
-------------------------

+--------------+-----------------------+------------------------+-----------------+--------------+
| Clock Enable | Synchronous Set/Reset | Asynchronous Set/Reset | Total Registers | Total Slices |
+--------------+-----------------------+------------------------+-----------------+--------------+
| No           | No                    | No                     |             419 |          136 |
| No           | No                    | Yes                    |              28 |           17 |
| No           | Yes                   | No                     |              85 |           24 |
| Yes          | No                    | No                     |             187 |           46 |
| Yes          | No                    | Yes                    |               0 |            0 |
| Yes          | Yes                   | No                     |             285 |           69 |
+--------------+-----------------------+------------------------+-----------------+--------------+


3. Detailed Control Set Information
-----------------------------------

+----------------------------------------------------------+----------------------------------------------------------------------------------------------------------------+----------------------------------------------------------------------------------------+------------------+----------------+
|                       Clock Signal                       |                                                  Enable Signal                                                 |                                    Set/Reset Signal                                    | Slice Load Count | Bel Load Count |
+----------------------------------------------------------+----------------------------------------------------------------------------------------------------------------+----------------------------------------------------------------------------------------+------------------+----------------+
|  hdmi_vga_i/clk_wiz_0/inst/clk_out1                      |                                                                                                                | hdmi_vga_i/dvi2rgb_0/U0/TMDS_ClockingX/RdyLostReset/SyncAsyncx/oSyncStages[1]          |                1 |              1 |
|  hdmi_vga_i/clk_wiz_0/inst/clk_out1                      |                                                                                                                | hdmi_vga_i/dvi2rgb_0/U0/TMDS_ClockingX/RdyLostReset/aRst_int                           |                1 |              2 |
|  hdmi_vga_i/dvi2rgb_0/U0/TMDS_ClockingX/PixelClk_int     |                                                                                                                | hdmi_vga_i/dvi2rgb_0/U0/TMDS_ClockingX/in0                                             |                1 |              2 |
|  hdmi_vga_i/clk_wiz_0/inst/clk_out1                      |                                                                                                                | hdmi_vga_i/dvi2rgb_0/U0/TMDS_ClockingX/LockLostReset/SyncAsyncx/oSyncStages[1]         |                1 |              2 |
|  hdmi_vga_i/clk_wiz_0/inst/clk_out1                      | hdmi_vga_i/dvi2rgb_0/U0/GenerateDDC.DDC_EEPROM/I2C_SlaveController/GlitchF_SDA/Filter.cntPeriods[3]_i_2_n_0    | hdmi_vga_i/dvi2rgb_0/U0/GenerateDDC.DDC_EEPROM/I2C_SlaveController/SyncSDA/SS[0]       |                1 |              4 |
|  hdmi_vga_i/clk_wiz_0/inst/clk_out1                      | hdmi_vga_i/dvi2rgb_0/U0/GenerateDDC.DDC_EEPROM/I2C_SlaveController/GlitchF_SCL/Filter.cntPeriods[3]_i_2__0_n_0 | hdmi_vga_i/dvi2rgb_0/U0/GenerateDDC.DDC_EEPROM/I2C_SlaveController/SyncSCL/SS[0]       |                1 |              4 |
|  hdmi_vga_i/clk_wiz_0/inst/clk_out1                      | hdmi_vga_i/dvi2rgb_0/U0/TMDS_ClockingX/rDlyRstCnt[4]_i_1_n_0                                                   | hdmi_vga_i/dvi2rgb_0/U0/TMDS_ClockingX/LockLostReset/SyncAsyncx/oSyncStages[1]         |                1 |              5 |
|  hdmi_vga_i/dvi2rgb_0/U0/GenerateBUFG.ResyncToBUFG_X/CLK | hdmi_vga_i/vp_0/inst/my_centro/inst/x_sc_div/inst/i[4]_i_2_n_0                                                 | hdmi_vga_i/vp_0/inst/my_centro/inst/x_sc_div/inst/i[4]_i_1_n_0                         |                1 |              5 |
|  hdmi_vga_i/dvi2rgb_0/U0/GenerateBUFG.ResyncToBUFG_X/CLK | hdmi_vga_i/vp_0/inst/my_centro/inst/y_sc_div/inst/i[4]_i_2_n_0                                                 | hdmi_vga_i/vp_0/inst/my_centro/inst/y_sc_div/inst/i[4]_i_1_n_0                         |                1 |              5 |
|  hdmi_vga_i/dvi2rgb_0/U0/TMDS_ClockingX/PixelClk_int     | hdmi_vga_i/dvi2rgb_0/U0/DataDecoders[0].DecoderX/PhaseAlignX/pCenterTap[5]_i_1__1_n_0                          |                                                                                        |                2 |              5 |
|  hdmi_vga_i/dvi2rgb_0/U0/TMDS_ClockingX/PixelClk_int     | hdmi_vga_i/dvi2rgb_0/U0/DataDecoders[0].DecoderX/ChannelBondX/pRdEn                                            | hdmi_vga_i/dvi2rgb_0/U0/DataDecoders[1].DecoderX/PhaseAlignX/pMeRdy_int_reg            |                1 |              5 |
|  hdmi_vga_i/dvi2rgb_0/U0/TMDS_ClockingX/PixelClk_int     | hdmi_vga_i/dvi2rgb_0/U0/DataDecoders[2].DecoderX/ChannelBondX/pRdEn                                            | hdmi_vga_i/dvi2rgb_0/U0/DataDecoders[1].DecoderX/PhaseAlignX/pMeRdy_int_reg            |                1 |              5 |
|  hdmi_vga_i/dvi2rgb_0/U0/TMDS_ClockingX/PixelClk_int     | hdmi_vga_i/dvi2rgb_0/U0/DataDecoders[2].DecoderX/PhaseAlignX/pCenterTap[5]_i_1_n_0                             |                                                                                        |                2 |              5 |
|  hdmi_vga_i/dvi2rgb_0/U0/TMDS_ClockingX/PixelClk_int     | hdmi_vga_i/dvi2rgb_0/U0/DataDecoders[1].DecoderX/ChannelBondX/pRdEn                                            | hdmi_vga_i/dvi2rgb_0/U0/DataDecoders[1].DecoderX/PhaseAlignX/pMeRdy_int_reg            |                1 |              5 |
|  hdmi_vga_i/dvi2rgb_0/U0/TMDS_ClockingX/PixelClk_int     | hdmi_vga_i/dvi2rgb_0/U0/DataDecoders[1].DecoderX/PhaseAlignX/pCenterTap[5]_i_1__0_n_0                          |                                                                                        |                3 |              5 |
|  hdmi_vga_i/dvi2rgb_0/U0/GenerateBUFG.ResyncToBUFG_X/CLK | hdmi_vga_i/vp_0/inst/my_centro/inst/x_sc_div/inst/lat_cnt[7]_i_2_n_0                                           | hdmi_vga_i/vp_0/inst/my_centro/inst/x_sc_div/inst/lat_cnt[7]_i_1_n_0                   |                2 |              7 |
|  hdmi_vga_i/dvi2rgb_0/U0/TMDS_ClockingX/PixelClk_int     |                                                                                                                | hdmi_vga_i/dvi2rgb_0/U0/DataDecoders[0].DecoderX/PhaseAlignX/pCtlTknRst                |                2 |              7 |
|  hdmi_vga_i/dvi2rgb_0/U0/TMDS_ClockingX/PixelClk_int     |                                                                                                                | hdmi_vga_i/dvi2rgb_0/U0/DataDecoders[1].DecoderX/PhaseAlignX/pCtlTknRst                |                2 |              7 |
|  hdmi_vga_i/dvi2rgb_0/U0/TMDS_ClockingX/PixelClk_int     |                                                                                                                | hdmi_vga_i/dvi2rgb_0/U0/DataDecoders[2].DecoderX/PhaseAlignX/pCtlTknRst                |                2 |              7 |
|  hdmi_vga_i/dvi2rgb_0/U0/GenerateBUFG.ResyncToBUFG_X/CLK | hdmi_vga_i/vp_0/inst/my_centro/inst/y_sc_div/inst/lat_cnt[7]_i_2_n_0                                           | hdmi_vga_i/vp_0/inst/my_centro/inst/y_sc_div/inst/lat_cnt[7]_i_1_n_0                   |                3 |              7 |
|  hdmi_vga_i/dvi2rgb_0/U0/TMDS_ClockingX/PixelClk_int     |                                                                                                                | hdmi_vga_i/dvi2rgb_0/U0/DataDecoders[0].DecoderX/ChannelBondX/pDataIn_reg[7][0]        |                1 |              8 |
|  hdmi_vga_i/dvi2rgb_0/U0/TMDS_ClockingX/PixelClk_int     |                                                                                                                | hdmi_vga_i/dvi2rgb_0/U0/DataDecoders[1].DecoderX/ChannelBondX/pDataIn_reg[7][0]        |                1 |              8 |
|  hdmi_vga_i/clk_wiz_0/inst/clk_out1                      | hdmi_vga_i/dvi2rgb_0/U0/GenerateDDC.DDC_EEPROM/I2C_SlaveController/dataByte[7]_i_1_n_0                         |                                                                                        |                2 |              8 |
|  hdmi_vga_i/clk_wiz_0/inst/clk_out1                      |                                                                                                                | hdmi_vga_i/dvi2rgb_0/U0/LockLostReset/SyncAsyncx/oSyncStages[1]                        |                6 |              9 |
|  hdmi_vga_i/dvi2rgb_0/U0/GenerateBUFG.ResyncToBUFG_X/CLK | hdmi_vga_i/vp_0/inst/my_conv/inst/sync_delay/genblk1.genblk1[3].reg_i/de_out                                   | hdmi_vga_i/vp_0/inst/my_centro/inst/x_pos                                              |                2 |             11 |
|  hdmi_vga_i/dvi2rgb_0/U0/GenerateBUFG.ResyncToBUFG_X/CLK | hdmi_vga_i/vp_0/inst/my_centro/inst/y_sc_div/inst/result_reg                                                   |                                                                                        |                2 |             11 |
|  hdmi_vga_i/dvi2rgb_0/U0/GenerateBUFG.ResyncToBUFG_X/CLK | hdmi_vga_i/vp_0/inst/my_centro/inst/y_pos[10]_i_2_n_0                                                          | hdmi_vga_i/vp_0/inst/my_centro/inst/y_pos[10]_i_1_n_0                                  |                2 |             11 |
|  hdmi_vga_i/dvi2rgb_0/U0/TMDS_ClockingX/PixelClk_int     | hdmi_vga_i/dvi2rgb_0/U0/DataDecoders[2].DecoderX/PhaseAlignX/pStateNxt__4                                      | hdmi_vga_i/dvi2rgb_0/U0/DataDecoders[2].DecoderX/pAlignRst                             |                2 |             11 |
|  hdmi_vga_i/dvi2rgb_0/U0/GenerateBUFG.ResyncToBUFG_X/CLK | hdmi_vga_i/vp_0/inst/my_conv/inst/sync_delay/genblk1.genblk1[3].reg_i/de_out                                   | hdmi_vga_i/vp_0/inst/my_vis/inst/x_pos                                                 |                3 |             11 |
|  hdmi_vga_i/dvi2rgb_0/U0/GenerateBUFG.ResyncToBUFG_X/CLK | hdmi_vga_i/vp_0/inst/my_vis/inst/y_pos[10]_i_2_n_0                                                             | hdmi_vga_i/vp_0/inst/my_vis/inst/y_pos[10]_i_1_n_0                                     |                3 |             11 |
|  hdmi_vga_i/dvi2rgb_0/U0/GenerateBUFG.ResyncToBUFG_X/CLK | hdmi_vga_i/vp_0/inst/my_centro/inst/x_sc_div/inst/qv                                                           |                                                                                        |                3 |             11 |
|  hdmi_vga_i/dvi2rgb_0/U0/GenerateBUFG.ResyncToBUFG_X/CLK | hdmi_vga_i/vp_0/inst/my_centro/inst/x_sc_div/inst/result_reg                                                   |                                                                                        |                3 |             11 |
|  hdmi_vga_i/dvi2rgb_0/U0/GenerateBUFG.ResyncToBUFG_X/CLK | hdmi_vga_i/vp_0/inst/my_centro/inst/y_sc_div/inst/qv                                                           |                                                                                        |                2 |             11 |
|  hdmi_vga_i/dvi2rgb_0/U0/TMDS_ClockingX/PixelClk_int     |                                                                                                                | hdmi_vga_i/dvi2rgb_0/U0/DataDecoders[2].DecoderX/ChannelBondX/SR[0]                    |                3 |             11 |
|  hdmi_vga_i/dvi2rgb_0/U0/TMDS_ClockingX/PixelClk_int     | hdmi_vga_i/dvi2rgb_0/U0/DataDecoders[1].DecoderX/PhaseAlignX/pStateNxt__4                                      | hdmi_vga_i/dvi2rgb_0/U0/DataDecoders[1].DecoderX/pAlignRst_reg_n_0                     |                3 |             11 |
|  hdmi_vga_i/dvi2rgb_0/U0/TMDS_ClockingX/PixelClk_int     | hdmi_vga_i/dvi2rgb_0/U0/DataDecoders[0].DecoderX/PhaseAlignX/pStateNxt__4                                      | hdmi_vga_i/dvi2rgb_0/U0/DataDecoders[0].DecoderX/pAlignRst_reg_n_0                     |                3 |             11 |
|  hdmi_vga_i/dvi2rgb_0/U0/TMDS_ClockingX/PixelClk_int     |                                                                                                                | hdmi_vga_i/dvi2rgb_0/U0/LockLostReset/SyncAsyncx/oSyncStages[1]                        |                7 |             12 |
|  hdmi_vga_i/dvi2rgb_0/U0/GenerateBUFG.ResyncToBUFG_X/CLK |                                                                                                                | hdmi_vga_i/vp_0/inst/de_out                                                            |                7 |             16 |
|  hdmi_vga_i/clk_wiz_0/inst/clk_out1                      | hdmi_vga_i/dvi2rgb_0/U0/GenerateDDC.DDC_EEPROM/I2C_SlaveController/E[0]                                        |                                                                                        |                4 |             16 |
|  hdmi_vga_i/dvi2rgb_0/U0/TMDS_ClockingX/PixelClk_int     |                                                                                                                | hdmi_vga_i/dvi2rgb_0/U0/DataDecoders[1].DecoderX/PhaseAlignX/pMeRdy_int_reg            |                6 |             21 |
|  hdmi_vga_i/clk_wiz_0/inst/clk_out1                      | hdmi_vga_i/dvi2rgb_0/U0/DataDecoders[0].DecoderX/rTimeoutCnt[0]_i_1__1_n_0                                     | hdmi_vga_i/dvi2rgb_0/U0/DataDecoders[0].DecoderX/SyncBaseRst/SyncAsyncx/oSyncStages[1] |                6 |             24 |
|  hdmi_vga_i/clk_wiz_0/inst/clk_out1                      | hdmi_vga_i/dvi2rgb_0/U0/DataDecoders[1].DecoderX/rTimeoutCnt[0]_i_1__0_n_0                                     | hdmi_vga_i/dvi2rgb_0/U0/DataDecoders[1].DecoderX/SyncBaseRst/SyncAsyncx/oSyncStages[1] |                6 |             24 |
|  hdmi_vga_i/clk_wiz_0/inst/clk_out1                      | hdmi_vga_i/dvi2rgb_0/U0/DataDecoders[2].DecoderX/rTimeoutCnt[0]_i_1_n_0                                        | hdmi_vga_i/dvi2rgb_0/U0/DataDecoders[2].DecoderX/SyncBaseRst/SyncAsyncx/oSyncStages[1] |                6 |             24 |
|  hdmi_vga_i/clk_wiz_0/inst/clk_out1                      |                                                                                                                |                                                                                        |               21 |             40 |
|  hdmi_vga_i/dvi2rgb_0/U0/TMDS_ClockingX/PixelClk_int     | hdmi_vga_i/dvi2rgb_0/U0/DataDecoders[0].DecoderX/PhaseAlignX/pAllVld                                           |                                                                                        |                6 |             48 |
|  hdmi_vga_i/dvi2rgb_0/U0/GenerateBUFG.ResyncToBUFG_X/CLK | hdmi_vga_i/vp_0/inst/my_centro/inst/y_sc_div/inst/divisor_reg                                                  |                                                                                        |               11 |             52 |
|  hdmi_vga_i/dvi2rgb_0/U0/GenerateBUFG.ResyncToBUFG_X/CLK | hdmi_vga_i/vp_0/inst/my_centro/inst/x_sc_div/inst/divisor_reg                                                  |                                                                                        |               12 |             52 |
|  hdmi_vga_i/dvi2rgb_0/U0/GenerateBUFG.ResyncToBUFG_X/CLK | hdmi_vga_i/vp_0/inst/my_centro/inst/m_10_acc/my_reg/E[0]                                                       | hdmi_vga_i/vp_0/inst/my_centro/inst/m_10_acc/my_reg/SR[0]                              |               20 |             84 |
|  hdmi_vga_i/dvi2rgb_0/U0/TMDS_ClockingX/PixelClk_int     |                                                                                                                |                                                                                        |               45 |            161 |
|  hdmi_vga_i/dvi2rgb_0/U0/GenerateBUFG.ResyncToBUFG_X/CLK |                                                                                                                |                                                                                        |               71 |            221 |
+----------------------------------------------------------+----------------------------------------------------------------------------------------------------------------+----------------------------------------------------------------------------------------+------------------+----------------+


+--------+-----------------------+
| Fanout | Number of ControlSets |
+--------+-----------------------+
| 1      |                     1 |
| 2      |                     3 |
| 4      |                     2 |
| 5      |                     9 |
| 7      |                     5 |
| 8      |                     3 |
| 9      |                     1 |
| 11     |                    12 |
| 12     |                     1 |
| 16+    |                    13 |
+--------+-----------------------+


