
*** Running vivado
    with args -log rgb2ycbcr_0.vds -m64 -product Vivado -mode batch -messageDb vivado.pb -notrace -source rgb2ycbcr_0.tcl


****** Vivado v2017.4 (64-bit)
  **** SW Build 2086221 on Fri Dec 15 20:54:30 MST 2017
  **** IP Build 2085800 on Fri Dec 15 22:25:07 MST 2017
    ** Copyright 1986-2017 Xilinx, Inc. All Rights Reserved.

source rgb2ycbcr_0.tcl -notrace
Command: synth_design -top rgb2ycbcr_0 -part xc7z010clg400-1 -mode out_of_context
Starting synth_design
Attempting to get a license for feature 'Synthesis' and/or device 'xc7z010'
INFO: [Common 17-349] Got license for feature 'Synthesis' and/or device 'xc7z010'
INFO: Launching helper process for spawning children vivado processes
INFO: Helper process launched with PID 2477 
---------------------------------------------------------------------------------
Starting RTL Elaboration : Time (s): cpu = 00:00:07 ; elapsed = 00:00:09 . Memory (MB): peak = 1316.535 ; gain = 85.996 ; free physical = 3615 ; free virtual = 21704
---------------------------------------------------------------------------------
INFO: [Synth 8-638] synthesizing module 'rgb2ycbcr_0' [/home/lsriw/sr/SynowiecKacper/kacper_git2/SystemyRekonfigurowalne/good_vp/src/rgb2ycbcr_0/synth/rgb2ycbcr_0.v:56]
INFO: [Synth 8-638] synthesizing module 'rgb2ycbcr' [/home/lsriw/sr/SynowiecKacper/kacper_git2/SystemyRekonfigurowalne/good_vp/src/rgb2ycbcr_0/src/rgb2ycbcr.v:23]
INFO: [Synth 8-638] synthesizing module 'mult_gen_0' [/home/lsriw/sr/SynowiecKacper/kacper_git2/SystemyRekonfigurowalne/good_vp/src/rgb2ycbcr_0/src/mult_gen_0/synth/mult_gen_0.vhd:68]
WARNING: [Synth 8-5640] Port 'zero_detect' is missing in component declaration [/home/lsriw/sr/SynowiecKacper/kacper_git2/SystemyRekonfigurowalne/good_vp/src/rgb2ycbcr_0/src/mult_gen_0/synth/mult_gen_0.vhd:71]
WARNING: [Synth 8-5640] Port 'pcasc' is missing in component declaration [/home/lsriw/sr/SynowiecKacper/kacper_git2/SystemyRekonfigurowalne/good_vp/src/rgb2ycbcr_0/src/mult_gen_0/synth/mult_gen_0.vhd:71]
	Parameter C_VERBOSITY bound to: 0 - type: integer 
	Parameter C_MODEL_TYPE bound to: 0 - type: integer 
	Parameter C_OPTIMIZE_GOAL bound to: 1 - type: integer 
	Parameter C_XDEVICEFAMILY bound to: zynq - type: string 
	Parameter C_HAS_CE bound to: 0 - type: integer 
	Parameter C_HAS_SCLR bound to: 0 - type: integer 
	Parameter C_LATENCY bound to: 3 - type: integer 
	Parameter C_A_WIDTH bound to: 18 - type: integer 
	Parameter C_A_TYPE bound to: 0 - type: integer 
	Parameter C_B_WIDTH bound to: 18 - type: integer 
	Parameter C_B_TYPE bound to: 0 - type: integer 
	Parameter C_OUT_HIGH bound to: 35 - type: integer 
	Parameter C_OUT_LOW bound to: 0 - type: integer 
	Parameter C_MULT_TYPE bound to: 1 - type: integer 
	Parameter C_CE_OVERRIDES_SCLR bound to: 0 - type: integer 
	Parameter C_CCM_IMP bound to: 0 - type: integer 
	Parameter C_B_VALUE bound to: 10000001 - type: string 
	Parameter C_HAS_ZERO_DETECT bound to: 0 - type: integer 
	Parameter C_ROUND_OUTPUT bound to: 0 - type: integer 
	Parameter C_ROUND_PT bound to: 0 - type: integer 
INFO: [Synth 8-3491] module 'mult_gen_v12_0_13' declared at '/home/lsriw/sr/SynowiecKacper/kacper_git2/SystemyRekonfigurowalne/good_vp/src/rgb2ycbcr_0/src/mult_gen_0/hdl/mult_gen_v12_0_vh_rfs.vhd:21013' bound to instance 'U0' of component 'mult_gen_v12_0_13' [/home/lsriw/sr/SynowiecKacper/kacper_git2/SystemyRekonfigurowalne/good_vp/src/rgb2ycbcr_0/src/mult_gen_0/synth/mult_gen_0.vhd:120]
WARNING: [Synth 8-5974] attribute "use_dsp48" has been deprecated, please use "use_dsp" instead 
INFO: [Synth 8-256] done synthesizing module 'mult_gen_0' (6#1) [/home/lsriw/sr/SynowiecKacper/kacper_git2/SystemyRekonfigurowalne/good_vp/src/rgb2ycbcr_0/src/mult_gen_0/synth/mult_gen_0.vhd:68]
INFO: [Synth 8-638] synthesizing module 'c_addsub_0' [/home/lsriw/sr/SynowiecKacper/kacper_git2/SystemyRekonfigurowalne/good_vp/src/rgb2ycbcr_0/src/c_addsub_0/synth/c_addsub_0.vhd:68]
	Parameter C_VERBOSITY bound to: 0 - type: integer 
	Parameter C_XDEVICEFAMILY bound to: zynq - type: string 
	Parameter C_IMPLEMENTATION bound to: 0 - type: integer 
	Parameter C_A_WIDTH bound to: 9 - type: integer 
	Parameter C_B_WIDTH bound to: 9 - type: integer 
	Parameter C_OUT_WIDTH bound to: 9 - type: integer 
	Parameter C_CE_OVERRIDES_SCLR bound to: 0 - type: integer 
	Parameter C_A_TYPE bound to: 0 - type: integer 
	Parameter C_B_TYPE bound to: 0 - type: integer 
	Parameter C_LATENCY bound to: 1 - type: integer 
	Parameter C_ADD_MODE bound to: 0 - type: integer 
	Parameter C_B_CONSTANT bound to: 0 - type: integer 
	Parameter C_B_VALUE bound to: 000000000 - type: string 
	Parameter C_AINIT_VAL bound to: 0 - type: string 
	Parameter C_SINIT_VAL bound to: 0 - type: string 
	Parameter C_CE_OVERRIDES_BYPASS bound to: 1 - type: integer 
	Parameter C_BYPASS_LOW bound to: 0 - type: integer 
	Parameter C_SCLR_OVERRIDES_SSET bound to: 1 - type: integer 
	Parameter C_HAS_C_IN bound to: 0 - type: integer 
	Parameter C_HAS_C_OUT bound to: 0 - type: integer 
	Parameter C_BORROW_LOW bound to: 1 - type: integer 
	Parameter C_HAS_CE bound to: 0 - type: integer 
	Parameter C_HAS_BYPASS bound to: 0 - type: integer 
	Parameter C_HAS_SCLR bound to: 0 - type: integer 
	Parameter C_HAS_SSET bound to: 0 - type: integer 
	Parameter C_HAS_SINIT bound to: 0 - type: integer 
INFO: [Synth 8-3491] module 'c_addsub_v12_0_11' declared at '/home/lsriw/sr/SynowiecKacper/kacper_git2/SystemyRekonfigurowalne/good_vp/src/rgb2ycbcr_0/src/c_addsub_0/hdl/c_addsub_v12_0_vh_rfs.vhd:7026' bound to instance 'U0' of component 'c_addsub_v12_0_11' [/home/lsriw/sr/SynowiecKacper/kacper_git2/SystemyRekonfigurowalne/good_vp/src/rgb2ycbcr_0/src/c_addsub_0/synth/c_addsub_0.vhd:133]
INFO: [Synth 8-256] done synthesizing module 'c_addsub_0' (13#1) [/home/lsriw/sr/SynowiecKacper/kacper_git2/SystemyRekonfigurowalne/good_vp/src/rgb2ycbcr_0/src/c_addsub_0/synth/c_addsub_0.vhd:68]
INFO: [Synth 8-638] synthesizing module 'delay_line' [/home/lsriw/sr/SynowiecKacper/kacper_git2/SystemyRekonfigurowalne/good_vp/src/rgb2ycbcr_0/src/delay_line.v:23]
	Parameter DELAY bound to: 1 - type: integer 
	Parameter N bound to: 9 - type: integer 
INFO: [Synth 8-638] synthesizing module 'register' [/home/lsriw/sr/SynowiecKacper/kacper_git2/SystemyRekonfigurowalne/good_vp/src/rgb2ycbcr_0/src/register.v:23]
	Parameter N bound to: 9 - type: integer 
INFO: [Synth 8-256] done synthesizing module 'register' (14#1) [/home/lsriw/sr/SynowiecKacper/kacper_git2/SystemyRekonfigurowalne/good_vp/src/rgb2ycbcr_0/src/register.v:23]
INFO: [Synth 8-256] done synthesizing module 'delay_line' (15#1) [/home/lsriw/sr/SynowiecKacper/kacper_git2/SystemyRekonfigurowalne/good_vp/src/rgb2ycbcr_0/src/delay_line.v:23]
INFO: [Synth 8-638] synthesizing module 'delay_line__parameterized0' [/home/lsriw/sr/SynowiecKacper/kacper_git2/SystemyRekonfigurowalne/good_vp/src/rgb2ycbcr_0/src/delay_line.v:23]
	Parameter DELAY bound to: 4 - type: integer 
	Parameter N bound to: 3 - type: integer 
INFO: [Synth 8-638] synthesizing module 'register__parameterized0' [/home/lsriw/sr/SynowiecKacper/kacper_git2/SystemyRekonfigurowalne/good_vp/src/rgb2ycbcr_0/src/register.v:23]
	Parameter N bound to: 3 - type: integer 
INFO: [Synth 8-256] done synthesizing module 'register__parameterized0' (15#1) [/home/lsriw/sr/SynowiecKacper/kacper_git2/SystemyRekonfigurowalne/good_vp/src/rgb2ycbcr_0/src/register.v:23]
INFO: [Synth 8-256] done synthesizing module 'delay_line__parameterized0' (15#1) [/home/lsriw/sr/SynowiecKacper/kacper_git2/SystemyRekonfigurowalne/good_vp/src/rgb2ycbcr_0/src/delay_line.v:23]
INFO: [Synth 8-256] done synthesizing module 'rgb2ycbcr' (16#1) [/home/lsriw/sr/SynowiecKacper/kacper_git2/SystemyRekonfigurowalne/good_vp/src/rgb2ycbcr_0/src/rgb2ycbcr.v:23]
INFO: [Synth 8-256] done synthesizing module 'rgb2ycbcr_0' (17#1) [/home/lsriw/sr/SynowiecKacper/kacper_git2/SystemyRekonfigurowalne/good_vp/src/rgb2ycbcr_0/synth/rgb2ycbcr_0.v:56]
WARNING: [Synth 8-3331] design c_reg_fd_v12_0_4_viv has unconnected port CE
WARNING: [Synth 8-3331] design c_reg_fd_v12_0_4_viv has unconnected port AINIT
WARNING: [Synth 8-3331] design c_reg_fd_v12_0_4_viv has unconnected port ACLR
WARNING: [Synth 8-3331] design c_reg_fd_v12_0_4_viv has unconnected port ASET
WARNING: [Synth 8-3331] design c_reg_fd_v12_0_4_viv has unconnected port SINIT
WARNING: [Synth 8-3331] design c_reg_fd_v12_0_4_viv has unconnected port SCLR
WARNING: [Synth 8-3331] design c_reg_fd_v12_0_4_viv has unconnected port SSET
WARNING: [Synth 8-3331] design c_addsub_v12_0_11_lut6_legacy has unconnected port add
WARNING: [Synth 8-3331] design c_addsub_v12_0_11_lut6_legacy has unconnected port c_in
WARNING: [Synth 8-3331] design c_addsub_v12_0_11_lut6_legacy has unconnected port ce
WARNING: [Synth 8-3331] design c_addsub_v12_0_11_lut6_legacy has unconnected port bypass
WARNING: [Synth 8-3331] design c_addsub_v12_0_11_lut6_legacy has unconnected port sclr
WARNING: [Synth 8-3331] design c_addsub_v12_0_11_lut6_legacy has unconnected port sset
WARNING: [Synth 8-3331] design c_addsub_v12_0_11_lut6_legacy has unconnected port sinit
WARNING: [Synth 8-3331] design c_addsub_v12_0_11_legacy has unconnected port c_in
WARNING: [Synth 8-3331] design c_addsub_v12_0_11_legacy has unconnected port b_in
WARNING: [Synth 8-3331] design c_addsub_v12_0_11_legacy has unconnected port a_signed
WARNING: [Synth 8-3331] design c_addsub_v12_0_11_legacy has unconnected port b_signed
WARNING: [Synth 8-3331] design c_addsub_v12_0_11_viv has unconnected port C_IN
WARNING: [Synth 8-3331] design mult_gen_v12_0_13_delay_line has unconnected port CLK
WARNING: [Synth 8-3331] design mult_gen_v12_0_13_delay_line has unconnected port CE
WARNING: [Synth 8-3331] design mult_gen_v12_0_13_delay_line has unconnected port SCLR
WARNING: [Synth 8-3331] design dsp has unconnected port C_PORT[47]
WARNING: [Synth 8-3331] design dsp has unconnected port C_PORT[46]
WARNING: [Synth 8-3331] design dsp has unconnected port C_PORT[45]
WARNING: [Synth 8-3331] design dsp has unconnected port C_PORT[44]
WARNING: [Synth 8-3331] design dsp has unconnected port C_PORT[43]
WARNING: [Synth 8-3331] design dsp has unconnected port C_PORT[42]
WARNING: [Synth 8-3331] design dsp has unconnected port C_PORT[41]
WARNING: [Synth 8-3331] design dsp has unconnected port C_PORT[40]
WARNING: [Synth 8-3331] design dsp has unconnected port C_PORT[39]
WARNING: [Synth 8-3331] design dsp has unconnected port C_PORT[38]
WARNING: [Synth 8-3331] design dsp has unconnected port C_PORT[37]
WARNING: [Synth 8-3331] design dsp has unconnected port C_PORT[36]
WARNING: [Synth 8-3331] design dsp has unconnected port C_PORT[35]
WARNING: [Synth 8-3331] design dsp has unconnected port C_PORT[34]
WARNING: [Synth 8-3331] design dsp has unconnected port C_PORT[33]
WARNING: [Synth 8-3331] design dsp has unconnected port C_PORT[32]
WARNING: [Synth 8-3331] design dsp has unconnected port C_PORT[31]
WARNING: [Synth 8-3331] design dsp has unconnected port C_PORT[30]
WARNING: [Synth 8-3331] design dsp has unconnected port C_PORT[29]
WARNING: [Synth 8-3331] design dsp has unconnected port C_PORT[28]
WARNING: [Synth 8-3331] design dsp has unconnected port C_PORT[27]
WARNING: [Synth 8-3331] design dsp has unconnected port C_PORT[26]
WARNING: [Synth 8-3331] design dsp has unconnected port C_PORT[25]
WARNING: [Synth 8-3331] design dsp has unconnected port C_PORT[24]
WARNING: [Synth 8-3331] design dsp has unconnected port C_PORT[23]
WARNING: [Synth 8-3331] design dsp has unconnected port C_PORT[22]
WARNING: [Synth 8-3331] design dsp has unconnected port C_PORT[21]
WARNING: [Synth 8-3331] design dsp has unconnected port C_PORT[20]
WARNING: [Synth 8-3331] design dsp has unconnected port C_PORT[19]
WARNING: [Synth 8-3331] design dsp has unconnected port C_PORT[18]
WARNING: [Synth 8-3331] design dsp has unconnected port C_PORT[17]
WARNING: [Synth 8-3331] design dsp has unconnected port C_PORT[16]
WARNING: [Synth 8-3331] design dsp has unconnected port C_PORT[15]
WARNING: [Synth 8-3331] design dsp has unconnected port C_PORT[14]
WARNING: [Synth 8-3331] design dsp has unconnected port C_PORT[13]
WARNING: [Synth 8-3331] design dsp has unconnected port C_PORT[12]
WARNING: [Synth 8-3331] design dsp has unconnected port C_PORT[11]
WARNING: [Synth 8-3331] design dsp has unconnected port C_PORT[10]
WARNING: [Synth 8-3331] design dsp has unconnected port C_PORT[9]
WARNING: [Synth 8-3331] design dsp has unconnected port C_PORT[8]
WARNING: [Synth 8-3331] design dsp has unconnected port C_PORT[7]
WARNING: [Synth 8-3331] design dsp has unconnected port C_PORT[6]
WARNING: [Synth 8-3331] design dsp has unconnected port C_PORT[5]
WARNING: [Synth 8-3331] design dsp has unconnected port C_PORT[4]
WARNING: [Synth 8-3331] design dsp has unconnected port C_PORT[3]
WARNING: [Synth 8-3331] design dsp has unconnected port C_PORT[2]
WARNING: [Synth 8-3331] design dsp has unconnected port C_PORT[1]
WARNING: [Synth 8-3331] design dsp has unconnected port C_PORT[0]
WARNING: [Synth 8-3331] design dsp has unconnected port D_PORT[24]
WARNING: [Synth 8-3331] design dsp has unconnected port D_PORT[23]
WARNING: [Synth 8-3331] design dsp has unconnected port D_PORT[22]
WARNING: [Synth 8-3331] design dsp has unconnected port D_PORT[21]
WARNING: [Synth 8-3331] design dsp has unconnected port D_PORT[20]
WARNING: [Synth 8-3331] design dsp has unconnected port D_PORT[19]
WARNING: [Synth 8-3331] design dsp has unconnected port D_PORT[18]
WARNING: [Synth 8-3331] design dsp has unconnected port D_PORT[17]
WARNING: [Synth 8-3331] design dsp has unconnected port D_PORT[16]
WARNING: [Synth 8-3331] design dsp has unconnected port D_PORT[15]
WARNING: [Synth 8-3331] design dsp has unconnected port D_PORT[14]
WARNING: [Synth 8-3331] design dsp has unconnected port D_PORT[13]
WARNING: [Synth 8-3331] design dsp has unconnected port D_PORT[12]
WARNING: [Synth 8-3331] design dsp has unconnected port D_PORT[11]
WARNING: [Synth 8-3331] design dsp has unconnected port D_PORT[10]
WARNING: [Synth 8-3331] design dsp has unconnected port D_PORT[9]
WARNING: [Synth 8-3331] design dsp has unconnected port D_PORT[8]
WARNING: [Synth 8-3331] design dsp has unconnected port D_PORT[7]
WARNING: [Synth 8-3331] design dsp has unconnected port D_PORT[6]
WARNING: [Synth 8-3331] design dsp has unconnected port D_PORT[5]
WARNING: [Synth 8-3331] design dsp has unconnected port D_PORT[4]
WARNING: [Synth 8-3331] design dsp has unconnected port D_PORT[3]
WARNING: [Synth 8-3331] design dsp has unconnected port D_PORT[2]
WARNING: [Synth 8-3331] design dsp has unconnected port D_PORT[1]
WARNING: [Synth 8-3331] design dsp has unconnected port D_PORT[0]
WARNING: [Synth 8-3331] design dsp has unconnected port SUBTRACT
WARNING: [Synth 8-3331] design dsp has unconnected port CARRY_IN
WARNING: [Synth 8-3331] design dsp has unconnected port PCASC_IN[47]
WARNING: [Synth 8-3331] design dsp has unconnected port PCASC_IN[46]
WARNING: [Synth 8-3331] design dsp has unconnected port PCASC_IN[45]
INFO: [Common 17-14] Message 'Synth 8-3331' appears 100 times and further instances of the messages will be disabled. Use the Tcl command set_msg_config to change the current settings.
---------------------------------------------------------------------------------
Finished RTL Elaboration : Time (s): cpu = 00:00:11 ; elapsed = 00:00:14 . Memory (MB): peak = 1381.066 ; gain = 150.527 ; free physical = 3584 ; free virtual = 21672
---------------------------------------------------------------------------------

Report Check Netlist: 
+------+------------------+-------+---------+-------+------------------+
|      |Item              |Errors |Warnings |Status |Description       |
+------+------------------+-------+---------+-------+------------------+
|1     |multi_driven_nets |      0|        0|Passed |Multi driven nets |
+------+------------------+-------+---------+-------+------------------+
---------------------------------------------------------------------------------
Finished RTL Optimization Phase 1 : Time (s): cpu = 00:00:11 ; elapsed = 00:00:14 . Memory (MB): peak = 1381.066 ; gain = 150.527 ; free physical = 3583 ; free virtual = 21672
---------------------------------------------------------------------------------
INFO: [Netlist 29-17] Analyzing 136 Unisim elements for replacement
INFO: [Netlist 29-28] Unisim Transformation completed in 0 CPU seconds
INFO: [Device 21-403] Loading part xc7z010clg400-1
INFO: [Project 1-570] Preparing netlist for logic optimization

Processing XDC Constraints
Initializing timing engine
Parsing XDC File [/home/lsriw/sr/SynowiecKacper/kacper_git2/SystemyRekonfigurowalne/hdmi_vga_zybo_YCbCr_bin/hdmi_vga_zybo.tmp/vp_v1_0_project/vp_v1_0_project.runs/rgb2ycbcr_0_synth_1/dont_touch.xdc]
Finished Parsing XDC File [/home/lsriw/sr/SynowiecKacper/kacper_git2/SystemyRekonfigurowalne/hdmi_vga_zybo_YCbCr_bin/hdmi_vga_zybo.tmp/vp_v1_0_project/vp_v1_0_project.runs/rgb2ycbcr_0_synth_1/dont_touch.xdc]
Completed Processing XDC Constraints

INFO: [Project 1-111] Unisim Transformation Summary:
No Unisim elements were transformed.

Constraint Validation Runtime : Time (s): cpu = 00:00:00.03 ; elapsed = 00:00:00.01 . Memory (MB): peak = 1717.801 ; gain = 0.000 ; free physical = 3176 ; free virtual = 21261
---------------------------------------------------------------------------------
Finished Constraint Validation : Time (s): cpu = 00:00:27 ; elapsed = 00:00:49 . Memory (MB): peak = 1717.801 ; gain = 487.262 ; free physical = 3197 ; free virtual = 21288
---------------------------------------------------------------------------------
---------------------------------------------------------------------------------
Start Loading Part and Timing Information
---------------------------------------------------------------------------------
Loading part: xc7z010clg400-1
---------------------------------------------------------------------------------
Finished Loading Part and Timing Information : Time (s): cpu = 00:00:27 ; elapsed = 00:00:49 . Memory (MB): peak = 1717.801 ; gain = 487.262 ; free physical = 3197 ; free virtual = 21288
---------------------------------------------------------------------------------
---------------------------------------------------------------------------------
Start Applying 'set_property' XDC Constraints
---------------------------------------------------------------------------------
Applied set_property DONT_TOUCH = true for inst/Cb_B. (constraint file  auto generated constraint, line ).
Applied set_property DONT_TOUCH = true for inst/Cb_out. (constraint file  auto generated constraint, line ).
Applied set_property DONT_TOUCH = true for inst/Cr_B. (constraint file  auto generated constraint, line ).
Applied set_property DONT_TOUCH = true for inst/Cr_out. (constraint file  auto generated constraint, line ).
Applied set_property DONT_TOUCH = true for inst/Y_out. (constraint file  auto generated constraint, line ).
Applied set_property DONT_TOUCH = true for inst/\genblk1.genblk1[0].m_i . (constraint file  auto generated constraint, line ).
Applied set_property DONT_TOUCH = true for inst/\genblk1.genblk1[1].m_i . (constraint file  auto generated constraint, line ).
Applied set_property DONT_TOUCH = true for inst/\genblk1.genblk1[2].m_i . (constraint file  auto generated constraint, line ).
Applied set_property DONT_TOUCH = true for inst/\genblk1.genblk1[3].m_i . (constraint file  auto generated constraint, line ).
Applied set_property DONT_TOUCH = true for inst/\genblk1.genblk1[4].m_i . (constraint file  auto generated constraint, line ).
Applied set_property DONT_TOUCH = true for inst/\genblk1.genblk1[5].m_i . (constraint file  auto generated constraint, line ).
Applied set_property DONT_TOUCH = true for inst/\genblk1.genblk1[6].m_i . (constraint file  auto generated constraint, line ).
Applied set_property DONT_TOUCH = true for inst/\genblk1.genblk1[7].m_i . (constraint file  auto generated constraint, line ).
Applied set_property DONT_TOUCH = true for inst/\genblk1.genblk1[8].m_i . (constraint file  auto generated constraint, line ).
Applied set_property DONT_TOUCH = true for inst/\genblk1.genblk2[0].a_i . (constraint file  auto generated constraint, line ).
Applied set_property DONT_TOUCH = true for inst/\genblk1.genblk2[3].a_i . (constraint file  auto generated constraint, line ).
Applied set_property DONT_TOUCH = true for inst/\genblk1.genblk2[6].a_i . (constraint file  auto generated constraint, line ).
---------------------------------------------------------------------------------
Finished applying 'set_property' XDC Constraints : Time (s): cpu = 00:00:27 ; elapsed = 00:00:49 . Memory (MB): peak = 1717.801 ; gain = 487.262 ; free physical = 3197 ; free virtual = 21288
---------------------------------------------------------------------------------
---------------------------------------------------------------------------------
Finished RTL Optimization Phase 2 : Time (s): cpu = 00:00:27 ; elapsed = 00:00:49 . Memory (MB): peak = 1717.801 ; gain = 487.262 ; free physical = 3189 ; free virtual = 21280
---------------------------------------------------------------------------------

Report RTL Partitions: 
+-+--------------+------------+----------+
| |RTL Partition |Replication |Instances |
+-+--------------+------------+----------+
+-+--------------+------------+----------+
---------------------------------------------------------------------------------
Start RTL Component Statistics 
---------------------------------------------------------------------------------
---------------------------------------------------------------------------------
Finished RTL Component Statistics 
---------------------------------------------------------------------------------
---------------------------------------------------------------------------------
Start RTL Hierarchical Component Statistics 
---------------------------------------------------------------------------------
---------------------------------------------------------------------------------
Finished RTL Hierarchical Component Statistics
---------------------------------------------------------------------------------
---------------------------------------------------------------------------------
Start Part Resource Summary
---------------------------------------------------------------------------------
Part Resources:
DSPs: 80 (col length:40)
BRAMs: 120 (col length: RAMB18 40 RAMB36 20)
---------------------------------------------------------------------------------
Finished Part Resource Summary
---------------------------------------------------------------------------------
---------------------------------------------------------------------------------
Start Cross Boundary and Area Optimization
---------------------------------------------------------------------------------
---------------------------------------------------------------------------------
Finished Cross Boundary and Area Optimization : Time (s): cpu = 00:00:28 ; elapsed = 00:00:49 . Memory (MB): peak = 1717.801 ; gain = 487.262 ; free physical = 3176 ; free virtual = 21266
---------------------------------------------------------------------------------

Report RTL Partitions: 
+-+--------------+------------+----------+
| |RTL Partition |Replication |Instances |
+-+--------------+------------+----------+
+-+--------------+------------+----------+
---------------------------------------------------------------------------------
Start Applying XDC Timing Constraints
---------------------------------------------------------------------------------
---------------------------------------------------------------------------------
Finished Applying XDC Timing Constraints : Time (s): cpu = 00:00:35 ; elapsed = 00:01:01 . Memory (MB): peak = 1717.801 ; gain = 487.262 ; free physical = 3610 ; free virtual = 21709
---------------------------------------------------------------------------------
---------------------------------------------------------------------------------
Start Timing Optimization
---------------------------------------------------------------------------------
---------------------------------------------------------------------------------
Finished Timing Optimization : Time (s): cpu = 00:00:35 ; elapsed = 00:01:01 . Memory (MB): peak = 1717.801 ; gain = 487.262 ; free physical = 3610 ; free virtual = 21709
---------------------------------------------------------------------------------

Report RTL Partitions: 
+-+--------------+------------+----------+
| |RTL Partition |Replication |Instances |
+-+--------------+------------+----------+
+-+--------------+------------+----------+
---------------------------------------------------------------------------------
Start Technology Mapping
---------------------------------------------------------------------------------
---------------------------------------------------------------------------------
Finished Technology Mapping : Time (s): cpu = 00:00:35 ; elapsed = 00:01:01 . Memory (MB): peak = 1717.801 ; gain = 487.262 ; free physical = 3613 ; free virtual = 21712
---------------------------------------------------------------------------------

Report RTL Partitions: 
+-+--------------+------------+----------+
| |RTL Partition |Replication |Instances |
+-+--------------+------------+----------+
+-+--------------+------------+----------+
---------------------------------------------------------------------------------
Start IO Insertion
---------------------------------------------------------------------------------
---------------------------------------------------------------------------------
Start Flattening Before IO Insertion
---------------------------------------------------------------------------------
---------------------------------------------------------------------------------
Finished Flattening Before IO Insertion
---------------------------------------------------------------------------------
---------------------------------------------------------------------------------
Start Final Netlist Cleanup
---------------------------------------------------------------------------------
---------------------------------------------------------------------------------
Finished Final Netlist Cleanup
---------------------------------------------------------------------------------
---------------------------------------------------------------------------------
Finished IO Insertion : Time (s): cpu = 00:00:36 ; elapsed = 00:01:02 . Memory (MB): peak = 1717.801 ; gain = 487.262 ; free physical = 3599 ; free virtual = 21700
---------------------------------------------------------------------------------

Report Check Netlist: 
+------+------------------+-------+---------+-------+------------------+
|      |Item              |Errors |Warnings |Status |Description       |
+------+------------------+-------+---------+-------+------------------+
|1     |multi_driven_nets |      0|        0|Passed |Multi driven nets |
+------+------------------+-------+---------+-------+------------------+
---------------------------------------------------------------------------------
Start Renaming Generated Instances
---------------------------------------------------------------------------------
---------------------------------------------------------------------------------
Finished Renaming Generated Instances : Time (s): cpu = 00:00:36 ; elapsed = 00:01:02 . Memory (MB): peak = 1717.801 ; gain = 487.262 ; free physical = 3599 ; free virtual = 21700
---------------------------------------------------------------------------------

Report RTL Partitions: 
+-+--------------+------------+----------+
| |RTL Partition |Replication |Instances |
+-+--------------+------------+----------+
+-+--------------+------------+----------+
---------------------------------------------------------------------------------
Start Rebuilding User Hierarchy
---------------------------------------------------------------------------------
---------------------------------------------------------------------------------
Finished Rebuilding User Hierarchy : Time (s): cpu = 00:00:36 ; elapsed = 00:01:02 . Memory (MB): peak = 1717.801 ; gain = 487.262 ; free physical = 3599 ; free virtual = 21700
---------------------------------------------------------------------------------
---------------------------------------------------------------------------------
Start Renaming Generated Ports
---------------------------------------------------------------------------------
---------------------------------------------------------------------------------
Finished Renaming Generated Ports : Time (s): cpu = 00:00:36 ; elapsed = 00:01:02 . Memory (MB): peak = 1717.801 ; gain = 487.262 ; free physical = 3599 ; free virtual = 21700
---------------------------------------------------------------------------------
---------------------------------------------------------------------------------
Start Handling Custom Attributes
---------------------------------------------------------------------------------
---------------------------------------------------------------------------------
Finished Handling Custom Attributes : Time (s): cpu = 00:00:36 ; elapsed = 00:01:02 . Memory (MB): peak = 1717.801 ; gain = 487.262 ; free physical = 3599 ; free virtual = 21700
---------------------------------------------------------------------------------
---------------------------------------------------------------------------------
Start Renaming Generated Nets
---------------------------------------------------------------------------------
---------------------------------------------------------------------------------
Finished Renaming Generated Nets : Time (s): cpu = 00:00:36 ; elapsed = 00:01:02 . Memory (MB): peak = 1717.801 ; gain = 487.262 ; free physical = 3599 ; free virtual = 21700
---------------------------------------------------------------------------------
---------------------------------------------------------------------------------
Start Writing Synthesis Report
---------------------------------------------------------------------------------

Report BlackBoxes: 
+-+--------------+----------+
| |BlackBox name |Instances |
+-+--------------+----------+
+-+--------------+----------+

Report Cell Usage: 
+------+--------+------+
|      |Cell    |Count |
+------+--------+------+
|1     |DSP48E1 |     9|
|2     |LUT2    |    72|
|3     |MUXCY   |    64|
|4     |SRL16E  |     3|
|5     |XORCY   |    72|
|6     |FDRE    |    87|
+------+--------+------+
---------------------------------------------------------------------------------
Finished Writing Synthesis Report : Time (s): cpu = 00:00:36 ; elapsed = 00:01:02 . Memory (MB): peak = 1717.801 ; gain = 487.262 ; free physical = 3599 ; free virtual = 21700
---------------------------------------------------------------------------------
Synthesis finished with 0 errors, 0 critical warnings and 9 warnings.
Synthesis Optimization Runtime : Time (s): cpu = 00:00:27 ; elapsed = 00:00:35 . Memory (MB): peak = 1717.801 ; gain = 150.527 ; free physical = 3667 ; free virtual = 21768
Synthesis Optimization Complete : Time (s): cpu = 00:00:36 ; elapsed = 00:01:02 . Memory (MB): peak = 1717.801 ; gain = 487.262 ; free physical = 3667 ; free virtual = 21768
INFO: [Project 1-571] Translating synthesized netlist
INFO: [Netlist 29-17] Analyzing 145 Unisim elements for replacement
INFO: [Netlist 29-28] Unisim Transformation completed in 0 CPU seconds
INFO: [Project 1-570] Preparing netlist for logic optimization
INFO: [Opt 31-138] Pushed 0 inverter(s) to 0 load pin(s).
INFO: [Project 1-111] Unisim Transformation Summary:
  A total of 24 instances were transformed.
  (MUXCY,XORCY) => CARRY4: 24 instances

INFO: [Common 17-83] Releasing license: Synthesis
32 Infos, 103 Warnings, 0 Critical Warnings and 0 Errors encountered.
synth_design completed successfully
synth_design: Time (s): cpu = 00:00:38 ; elapsed = 00:01:03 . Memory (MB): peak = 1717.801 ; gain = 512.090 ; free physical = 3658 ; free virtual = 21758
INFO: [Common 17-1381] The checkpoint '/home/lsriw/sr/SynowiecKacper/kacper_git2/SystemyRekonfigurowalne/hdmi_vga_zybo_YCbCr_bin/hdmi_vga_zybo.tmp/vp_v1_0_project/vp_v1_0_project.runs/rgb2ycbcr_0_synth_1/rgb2ycbcr_0.dcp' has been generated.
INFO: [Coretcl 2-1482] Added synthesis output to IP cache for IP /home/lsriw/sr/SynowiecKacper/kacper_git2/SystemyRekonfigurowalne/good_vp/src/rgb2ycbcr_0/rgb2ycbcr_0.xci
INFO: [Coretcl 2-1174] Renamed 99 cell refs.
INFO: [Common 17-1381] The checkpoint '/home/lsriw/sr/SynowiecKacper/kacper_git2/SystemyRekonfigurowalne/hdmi_vga_zybo_YCbCr_bin/hdmi_vga_zybo.tmp/vp_v1_0_project/vp_v1_0_project.runs/rgb2ycbcr_0_synth_1/rgb2ycbcr_0.dcp' has been generated.
INFO: [runtcl-4] Executing : report_utilization -file rgb2ycbcr_0_utilization_synth.rpt -pb rgb2ycbcr_0_utilization_synth.pb
report_utilization: Time (s): cpu = 00:00:00.08 ; elapsed = 00:00:00.10 . Memory (MB): peak = 1717.801 ; gain = 0.000 ; free physical = 3655 ; free virtual = 21757
INFO: [Common 17-206] Exiting Vivado at Mon May 28 09:43:31 2018...
