INFO: [VRFC 10-2263] Analyzing Verilog file "/home/lsriw/sr/SynowiecKacper/kacper_git2/SystemyRekonfigurowalne/hdmi_vga_zybo_YCbCr_bin/hdmi_vga_zybo.srcs/sources_1/ip/vp_0_2/src/rgb2ycbcr_0/src/delay_line.v" into library xil_defaultlib
INFO: [VRFC 10-311] analyzing module delay_line
INFO: [VRFC 10-2263] Analyzing Verilog file "/home/lsriw/sr/SynowiecKacper/kacper_git2/SystemyRekonfigurowalne/hdmi_vga_zybo_YCbCr_bin/hdmi_vga_zybo.srcs/sources_1/ip/vp_0_2/src/rgb2ycbcr_0/src/register.v" into library xil_defaultlib
INFO: [VRFC 10-311] analyzing module register
INFO: [VRFC 10-2263] Analyzing Verilog file "/home/lsriw/sr/SynowiecKacper/kacper_git2/SystemyRekonfigurowalne/hdmi_vga_zybo_YCbCr_bin/hdmi_vga_zybo.srcs/sources_1/ip/vp_0_2/src/rgb2ycbcr_0/src/rgb2ycbcr.v" into library xil_defaultlib
INFO: [VRFC 10-311] analyzing module rgb2ycbcr
INFO: [VRFC 10-2263] Analyzing Verilog file "/home/lsriw/sr/SynowiecKacper/kacper_git2/SystemyRekonfigurowalne/hdmi_vga_zybo_YCbCr_bin/hdmi_vga_zybo.srcs/sources_1/ip/vp_0_2/src/rgb2ycbcr_0/sim/rgb2ycbcr_0.v" into library xil_defaultlib
INFO: [VRFC 10-311] analyzing module rgb2ycbcr_0
INFO: [VRFC 10-2263] Analyzing Verilog file "/home/lsriw/sr/SynowiecKacper/kacper_git2/SystemyRekonfigurowalne/hdmi_vga_zybo_YCbCr_bin/hdmi_vga_zybo.srcs/sources_1/ip/vp_0_2/src/ycbcr2bin_0/src/ycbcr2bin.v" into library xil_defaultlib
INFO: [VRFC 10-311] analyzing module ycbcr2bin
INFO: [VRFC 10-2263] Analyzing Verilog file "/home/lsriw/sr/SynowiecKacper/kacper_git2/SystemyRekonfigurowalne/hdmi_vga_zybo_YCbCr_bin/hdmi_vga_zybo.srcs/sources_1/ip/vp_0_2/src/ycbcr2bin_0/sim/ycbcr2bin_0.v" into library xil_defaultlib
INFO: [VRFC 10-311] analyzing module ycbcr2bin_0
INFO: [VRFC 10-2263] Analyzing Verilog file "/home/lsriw/sr/SynowiecKacper/kacper_git2/SystemyRekonfigurowalne/hdmi_vga_zybo_YCbCr_bin/hdmi_vga_zybo.srcs/sources_1/ip/vp_0_2/src/centroid_0_3/src/divider_32_20_0/src/divider_32_20.v" into library xil_defaultlib
INFO: [VRFC 10-311] analyzing module divider_32_20
INFO: [VRFC 10-2263] Analyzing Verilog file "/home/lsriw/sr/SynowiecKacper/kacper_git2/SystemyRekonfigurowalne/hdmi_vga_zybo_YCbCr_bin/hdmi_vga_zybo.srcs/sources_1/ip/vp_0_2/src/centroid_0_3/src/divider_32_20_0/sim/divider_32_20_0.v" into library xil_defaultlib
INFO: [VRFC 10-311] analyzing module divider_32_20_0
INFO: [VRFC 10-2263] Analyzing Verilog file "/home/lsriw/sr/SynowiecKacper/kacper_git2/SystemyRekonfigurowalne/hdmi_vga_zybo_YCbCr_bin/hdmi_vga_zybo.srcs/sources_1/ip/vp_0_2/src/centroid_0_3/src/accu.v" into library xil_defaultlib
INFO: [VRFC 10-311] analyzing module accu_c
INFO: [VRFC 10-2263] Analyzing Verilog file "/home/lsriw/sr/SynowiecKacper/kacper_git2/SystemyRekonfigurowalne/hdmi_vga_zybo_YCbCr_bin/hdmi_vga_zybo.srcs/sources_1/ip/vp_0_2/src/centroid_0_3/src/register.v" into library xil_defaultlib
INFO: [VRFC 10-311] analyzing module register_c
INFO: [VRFC 10-2263] Analyzing Verilog file "/home/lsriw/sr/SynowiecKacper/kacper_git2/SystemyRekonfigurowalne/hdmi_vga_zybo_YCbCr_bin/hdmi_vga_zybo.srcs/sources_1/ip/vp_0_2/src/centroid_0_3/src/centroid.v" into library xil_defaultlib
INFO: [VRFC 10-311] analyzing module centroid
INFO: [VRFC 10-2263] Analyzing Verilog file "/home/lsriw/sr/SynowiecKacper/kacper_git2/SystemyRekonfigurowalne/hdmi_vga_zybo_YCbCr_bin/hdmi_vga_zybo.srcs/sources_1/ip/vp_0_2/src/centroid_0_3/sim/centroid_0.v" into library xil_defaultlib
INFO: [VRFC 10-311] analyzing module centroid_0
INFO: [VRFC 10-2263] Analyzing Verilog file "/home/lsriw/sr/SynowiecKacper/kacper_git2/SystemyRekonfigurowalne/hdmi_vga_zybo_YCbCr_bin/hdmi_vga_zybo.srcs/sources_1/ip/vp_0_2/src/vp.v" into library xil_defaultlib
INFO: [VRFC 10-311] analyzing module vp
INFO: [VRFC 10-2263] Analyzing Verilog file "/home/lsriw/sr/SynowiecKacper/kacper_git2/SystemyRekonfigurowalne/hdmi_vga_zybo_YCbCr_bin/hdmi_vga_zybo.srcs/sources_1/ip/vp_0_2/sim/vp_0.v" into library xil_defaultlib
INFO: [VRFC 10-311] analyzing module vp_0
INFO: [VRFC 10-2263] Analyzing Verilog file "/home/lsriw/sr/SynowiecKacper/kacper_git2/SystemyRekonfigurowalne/hdmi_vga_zybo_YCbCr_bin/hdmi_vga_zybo.srcs/sim_1/imports/tb_src/hdmi_in.v" into library xil_defaultlib
INFO: [VRFC 10-311] analyzing module hdmi_in
INFO: [VRFC 10-2263] Analyzing Verilog file "/home/lsriw/sr/SynowiecKacper/kacper_git2/SystemyRekonfigurowalne/hdmi_vga_zybo_YCbCr_bin/hdmi_vga_zybo.srcs/sim_1/imports/tb_src/hdmi_out.v" into library xil_defaultlib
INFO: [VRFC 10-311] analyzing module hdmi_out
INFO: [VRFC 10-2263] Analyzing Verilog file "/home/lsriw/sr/SynowiecKacper/kacper_git2/SystemyRekonfigurowalne/hdmi_vga_zybo_YCbCr_bin/hdmi_vga_zybo.srcs/sim_1/imports/tb_src/tb_hdmi.v" into library xil_defaultlib
INFO: [VRFC 10-311] analyzing module tb_hdmi
